Config File
{'id': 2, 'trader': 'DQNFixedTargets', 'estimator': 'BaseEstimator', 'feature_used': 'change', 'optimizer': 'AdamW', 'learning_rate': 0.001, 'criterion': 'MSELoss', 'eps_scheduler': 'EpsilonScheduler', 'epsilon': 1, 'epsilon_final': 0.01, 'epsilon_decay': 0.995, 'action_space': 3, 'window_size': 10, 'batch_size': 32, 'n_episodes': 100, 'replay_size': 10000, 'sync_steps': 1000}
======================================== Episode: 1/100 ========================================
======================================== Episode: 1, Train Profit: -8.651, Train Reward: 0.285
======================================== Episode: 1, Valid Profit: 0, Valid Reward: 0
======================================== Episode: 2/100 ========================================
======================================== Episode: 2, Train Profit: 11.844, Train Reward: 0.307
======================================== Episode: 2, Valid Profit: 0, Valid Reward: 0
======================================== Episode: 3/100 ========================================
======================================== Episode: 3, Train Profit: -62.639, Train Reward: 0.294
======================================== Episode: 3, Valid Profit: 0, Valid Reward: 0
======================================== Episode: 4/100 ========================================
======================================== Episode: 4, Train Profit: -32.379, Train Reward: 0.296
======================================== Episode: 4, Valid Profit: 0, Valid Reward: 0
======================================== Episode: 5/100 ========================================
======================================== Episode: 5, Train Profit: 9.761, Train Reward: 0.31
======================================== Episode: 5, Valid Profit: 0, Valid Reward: 0
======================================== Episode: 6/100 ========================================
======================================== Episode: 6, Train Profit: -17.723, Train Reward: 0.283
======================================== Episode: 6, Valid Profit: 0, Valid Reward: 0
======================================== Episode: 7/100 ========================================
======================================== Episode: 7, Train Profit: -51.52, Train Reward: 0.283
======================================== Episode: 7, Valid Profit: 0, Valid Reward: 0
======================================== Episode: 8/100 ========================================
======================================== Episode: 8, Train Profit: -36.039, Train Reward: 0.312
======================================== Episode: 8, Valid Profit: 0, Valid Reward: 0
======================================== Episode: 9/100 ========================================
======================================== Episode: 9, Train Profit: 51.701, Train Reward: 0.355
======================================== Episode: 9, Valid Profit: 0, Valid Reward: 0
======================================== Episode: 10/100 ========================================
======================================== Episode: 10, Train Profit: -33.765, Train Reward: 0.33
======================================== Episode: 10, Valid Profit: 0, Valid Reward: 0
======================================== Episode: 11/100 ========================================
======================================== Episode: 11, Train Profit: -63.898, Train Reward: 0.265
======================================== Episode: 11, Valid Profit: 0, Valid Reward: 0
======================================== Episode: 12/100 ========================================
======================================== Episode: 12, Train Profit: 65.565, Train Reward: 0.351
======================================== Episode: 12, Valid Profit: 0, Valid Reward: 0
======================================== Episode: 13/100 ========================================
======================================== Episode: 13, Train Profit: 4.485, Train Reward: 0.303
======================================== Episode: 13, Valid Profit: 0, Valid Reward: 0
======================================== Episode: 14/100 ========================================
======================================== Episode: 14, Train Profit: 15.147, Train Reward: 0.327
======================================== Episode: 14, Valid Profit: 0, Valid Reward: 0
======================================== Episode: 15/100 ========================================
======================================== Episode: 15, Train Profit: -65.522, Train Reward: 0.274
======================================== Episode: 15, Valid Profit: 0, Valid Reward: 0
======================================== Episode: 16/100 ========================================
======================================== Episode: 16, Train Profit: 10.037, Train Reward: 0.327
======================================== Episode: 16, Valid Profit: 0, Valid Reward: 0
======================================== Episode: 17/100 ========================================
======================================== Episode: 17, Train Profit: 0.836, Train Reward: 0.315
======================================== Episode: 17, Valid Profit: 0, Valid Reward: 0
======================================== Episode: 18/100 ========================================
======================================== Episode: 18, Train Profit: 41.401, Train Reward: 0.331
======================================== Episode: 18, Valid Profit: 0, Valid Reward: 0
======================================== Episode: 19/100 ========================================
======================================== Episode: 19, Train Profit: -10.812, Train Reward: 0.265
======================================== Episode: 19, Valid Profit: 0, Valid Reward: 0
======================================== Episode: 20/100 ========================================
======================================== Episode: 20, Train Profit: 14.175, Train Reward: 0.333
======================================== Episode: 20, Valid Profit: 0, Valid Reward: 0
======================================== Episode: 21/100 ========================================
======================================== Episode: 21, Train Profit: -34.702, Train Reward: 0.285
======================================== Episode: 21, Valid Profit: 0, Valid Reward: 0
======================================== Episode: 22/100 ========================================
======================================== Episode: 22, Train Profit: 2.38, Train Reward: 0.304
======================================== Episode: 22, Valid Profit: 0, Valid Reward: 0
======================================== Episode: 23/100 ========================================
======================================== Episode: 23, Train Profit: -52.56, Train Reward: 0.264
======================================== Episode: 23, Valid Profit: 1.839, Valid Reward: 1.839
======================================== Episode: 24/100 ========================================
======================================== Episode: 24, Train Profit: -2.847, Train Reward: 0.308
======================================== Episode: 24, Valid Profit: 1.839, Valid Reward: 1.839
======================================== Episode: 25/100 ========================================
======================================== Episode: 25, Train Profit: -63.952, Train Reward: 0.284
======================================== Episode: 25, Valid Profit: 1.839, Valid Reward: 1.839
======================================== Episode: 26/100 ========================================
======================================== Episode: 26, Train Profit: -4.766, Train Reward: 0.315
======================================== Episode: 26, Valid Profit: 1.839, Valid Reward: 1.839
======================================== Episode: 27/100 ========================================
======================================== Episode: 27, Train Profit: 101.578, Train Reward: 0.38
======================================== Episode: 27, Valid Profit: 1.839, Valid Reward: 1.839
======================================== Episode: 28/100 ========================================
======================================== Episode: 28, Train Profit: -65.952, Train Reward: 0.297
======================================== Episode: 28, Valid Profit: 1.839, Valid Reward: 1.839
======================================== Episode: 29/100 ========================================
======================================== Episode: 29, Train Profit: -119.567, Train Reward: 0.281
======================================== Episode: 29, Valid Profit: 1.839, Valid Reward: 1.839
======================================== Episode: 30/100 ========================================
======================================== Episode: 30, Train Profit: 9.17, Train Reward: 0.33
======================================== Episode: 30, Valid Profit: 1.839, Valid Reward: 1.839
======================================== Episode: 31/100 ========================================
======================================== Episode: 31, Train Profit: 19.87, Train Reward: 0.329
======================================== Episode: 31, Valid Profit: 1.839, Valid Reward: 1.839
======================================== Episode: 32/100 ========================================
======================================== Episode: 32, Train Profit: 49.666, Train Reward: 0.311
======================================== Episode: 32, Valid Profit: 1.839, Valid Reward: 1.839
======================================== Episode: 33/100 ========================================
======================================== Episode: 33, Train Profit: -59.456, Train Reward: 0.313
======================================== Episode: 33, Valid Profit: 1.839, Valid Reward: 1.839
======================================== Episode: 34/100 ========================================
======================================== Episode: 34, Train Profit: -26.08, Train Reward: 0.322
======================================== Episode: 34, Valid Profit: 1.839, Valid Reward: 1.839
======================================== Episode: 35/100 ========================================
======================================== Episode: 35, Train Profit: -38.72, Train Reward: 0.336
======================================== Episode: 35, Valid Profit: 0, Valid Reward: 0
======================================== Episode: 36/100 ========================================
======================================== Episode: 36, Train Profit: -90.423, Train Reward: 0.241
======================================== Episode: 36, Valid Profit: 0, Valid Reward: 0
======================================== Episode: 37/100 ========================================
======================================== Episode: 37, Train Profit: -31.083, Train Reward: 0.29
======================================== Episode: 37, Valid Profit: 0, Valid Reward: 0
======================================== Episode: 38/100 ========================================
======================================== Episode: 38, Train Profit: -6.004, Train Reward: 0.352
======================================== Episode: 38, Valid Profit: 0, Valid Reward: 0
======================================== Episode: 39/100 ========================================
======================================== Episode: 39, Train Profit: -36.743, Train Reward: 0.316
======================================== Episode: 39, Valid Profit: 0, Valid Reward: 0
======================================== Episode: 40/100 ========================================
======================================== Episode: 40, Train Profit: 19.155, Train Reward: 0.346
======================================== Episode: 40, Valid Profit: 0, Valid Reward: 0
======================================== Episode: 41/100 ========================================
======================================== Episode: 41, Train Profit: -22.216, Train Reward: 0.314
======================================== Episode: 41, Valid Profit: 0, Valid Reward: 0
======================================== Episode: 42/100 ========================================
======================================== Episode: 42, Train Profit: 49.73, Train Reward: 0.398
======================================== Episode: 42, Valid Profit: 0, Valid Reward: 0
======================================== Episode: 43/100 ========================================
======================================== Episode: 43, Train Profit: 43.87, Train Reward: 0.371
======================================== Episode: 43, Valid Profit: 0, Valid Reward: 0
======================================== Episode: 44/100 ========================================
======================================== Episode: 44, Train Profit: 33.042, Train Reward: 0.334
======================================== Episode: 44, Valid Profit: 0, Valid Reward: 0
======================================== Episode: 45/100 ========================================
======================================== Episode: 45, Train Profit: -16.918, Train Reward: 0.31
======================================== Episode: 45, Valid Profit: 0, Valid Reward: 0
======================================== Episode: 46/100 ========================================
======================================== Episode: 46, Train Profit: -57.504, Train Reward: 0.253
======================================== Episode: 46, Valid Profit: 15.762, Valid Reward: 15.762
======================================== Episode: 47/100 ========================================
======================================== Episode: 47, Train Profit: -17.789, Train Reward: 0.298
======================================== Episode: 47, Valid Profit: 15.762, Valid Reward: 15.762
======================================== Episode: 48/100 ========================================
======================================== Episode: 48, Train Profit: 42.976, Train Reward: 0.399
======================================== Episode: 48, Valid Profit: 15.762, Valid Reward: 15.762
======================================== Episode: 49/100 ========================================
======================================== Episode: 49, Train Profit: 40.571, Train Reward: 0.319
======================================== Episode: 49, Valid Profit: 15.762, Valid Reward: 15.762
======================================== Episode: 50/100 ========================================
======================================== Episode: 50, Train Profit: -53.81, Train Reward: 0.283
======================================== Episode: 50, Valid Profit: 15.762, Valid Reward: 15.762
======================================== Episode: 51/100 ========================================
======================================== Episode: 51, Train Profit: 61.075, Train Reward: 0.395
======================================== Episode: 51, Valid Profit: 15.762, Valid Reward: 15.762
======================================== Episode: 52/100 ========================================
======================================== Episode: 52, Train Profit: -69.549, Train Reward: 0.251
======================================== Episode: 52, Valid Profit: 15.762, Valid Reward: 15.762
======================================== Episode: 53/100 ========================================
======================================== Episode: 53, Train Profit: -19.327, Train Reward: 0.304
======================================== Episode: 53, Valid Profit: 15.762, Valid Reward: 15.762
======================================== Episode: 54/100 ========================================
======================================== Episode: 54, Train Profit: 29.217, Train Reward: 0.344
======================================== Episode: 54, Valid Profit: 15.762, Valid Reward: 15.762
======================================== Episode: 55/100 ========================================
======================================== Episode: 55, Train Profit: 114.894, Train Reward: 0.385
======================================== Episode: 55, Valid Profit: 15.762, Valid Reward: 15.762
======================================== Episode: 56/100 ========================================
======================================== Episode: 56, Train Profit: 32.576, Train Reward: 0.363
======================================== Episode: 56, Valid Profit: 15.762, Valid Reward: 15.762
======================================== Episode: 57/100 ========================================
======================================== Episode: 57, Train Profit: 14.222, Train Reward: 0.321
======================================== Episode: 57, Valid Profit: 12.054, Valid Reward: 12.054
======================================== Episode: 58/100 ========================================
======================================== Episode: 58, Train Profit: -58.905, Train Reward: 0.289
======================================== Episode: 58, Valid Profit: 12.054, Valid Reward: 12.054
======================================== Episode: 59/100 ========================================
======================================== Episode: 59, Train Profit: 2.032, Train Reward: 0.321
======================================== Episode: 59, Valid Profit: 12.054, Valid Reward: 12.054
======================================== Episode: 60/100 ========================================
======================================== Episode: 60, Train Profit: 24.752, Train Reward: 0.329
======================================== Episode: 60, Valid Profit: 12.054, Valid Reward: 12.054
======================================== Episode: 61/100 ========================================
======================================== Episode: 61, Train Profit: -24.868, Train Reward: 0.307
======================================== Episode: 61, Valid Profit: 12.054, Valid Reward: 12.054
======================================== Episode: 62/100 ========================================
======================================== Episode: 62, Train Profit: -8.584, Train Reward: 0.327
======================================== Episode: 62, Valid Profit: 12.054, Valid Reward: 12.054
======================================== Episode: 63/100 ========================================
======================================== Episode: 63, Train Profit: -111.884, Train Reward: 0.276
======================================== Episode: 63, Valid Profit: 12.054, Valid Reward: 12.054
======================================== Episode: 64/100 ========================================
======================================== Episode: 64, Train Profit: -25.128, Train Reward: 0.319
======================================== Episode: 64, Valid Profit: 12.054, Valid Reward: 12.054
======================================== Episode: 65/100 ========================================
======================================== Episode: 65, Train Profit: 2.394, Train Reward: 0.311
======================================== Episode: 65, Valid Profit: 12.054, Valid Reward: 12.054
======================================== Episode: 66/100 ========================================
======================================== Episode: 66, Train Profit: 5.648, Train Reward: 0.305
======================================== Episode: 66, Valid Profit: 12.054, Valid Reward: 12.054
======================================== Episode: 67/100 ========================================
======================================== Episode: 67, Train Profit: -51.104, Train Reward: 0.274
======================================== Episode: 67, Valid Profit: 12.054, Valid Reward: 12.054
======================================== Episode: 68/100 ========================================
======================================== Episode: 68, Train Profit: -50.526, Train Reward: 0.307
======================================== Episode: 68, Valid Profit: 12.054, Valid Reward: 12.054
======================================== Episode: 69/100 ========================================
======================================== Episode: 69, Train Profit: -60.161, Train Reward: 0.3
======================================== Episode: 69, Valid Profit: 0, Valid Reward: 0
======================================== Episode: 70/100 ========================================
======================================== Episode: 70, Train Profit: -51.045, Train Reward: 0.266
======================================== Episode: 70, Valid Profit: 0, Valid Reward: 0
======================================== Episode: 71/100 ========================================
======================================== Episode: 71, Train Profit: -60.347, Train Reward: 0.28
======================================== Episode: 71, Valid Profit: 0, Valid Reward: 0
======================================== Episode: 72/100 ========================================
======================================== Episode: 72, Train Profit: 12.297, Train Reward: 0.325
======================================== Episode: 72, Valid Profit: 0, Valid Reward: 0
======================================== Episode: 73/100 ========================================
======================================== Episode: 73, Train Profit: 20.97, Train Reward: 0.356
======================================== Episode: 73, Valid Profit: 0, Valid Reward: 0
======================================== Episode: 74/100 ========================================
======================================== Episode: 74, Train Profit: 8.069, Train Reward: 0.329
======================================== Episode: 74, Valid Profit: 0, Valid Reward: 0
======================================== Episode: 75/100 ========================================
======================================== Episode: 75, Train Profit: 41.596, Train Reward: 0.316
======================================== Episode: 75, Valid Profit: 0, Valid Reward: 0
======================================== Episode: 76/100 ========================================
======================================== Episode: 76, Train Profit: 89.106, Train Reward: 0.388
======================================== Episode: 76, Valid Profit: 0, Valid Reward: 0
======================================== Episode: 77/100 ========================================
======================================== Episode: 77, Train Profit: 83.103, Train Reward: 0.38
======================================== Episode: 77, Valid Profit: 0, Valid Reward: 0
======================================== Episode: 78/100 ========================================
======================================== Episode: 78, Train Profit: -82.583, Train Reward: 0.293
======================================== Episode: 78, Valid Profit: 0, Valid Reward: 0
======================================== Episode: 79/100 ========================================
======================================== Episode: 79, Train Profit: 58.056, Train Reward: 0.336
======================================== Episode: 79, Valid Profit: 0, Valid Reward: 0
======================================== Episode: 80/100 ========================================
======================================== Episode: 80, Train Profit: 7.791, Train Reward: 0.32
======================================== Episode: 80, Valid Profit: 0, Valid Reward: 0
======================================== Episode: 81/100 ========================================
======================================== Episode: 81, Train Profit: 48.458, Train Reward: 0.361
======================================== Episode: 81, Valid Profit: 0, Valid Reward: 0
======================================== Episode: 82/100 ========================================
======================================== Episode: 82, Train Profit: -81.597, Train Reward: 0.291
======================================== Episode: 82, Valid Profit: 0, Valid Reward: 0
======================================== Episode: 83/100 ========================================
======================================== Episode: 83, Train Profit: 18.517, Train Reward: 0.337
======================================== Episode: 83, Valid Profit: 0, Valid Reward: 0
======================================== Episode: 84/100 ========================================
======================================== Episode: 84, Train Profit: -25.832, Train Reward: 0.286
======================================== Episode: 84, Valid Profit: 0, Valid Reward: 0
======================================== Episode: 85/100 ========================================
======================================== Episode: 85, Train Profit: -100.31, Train Reward: 0.232
======================================== Episode: 85, Valid Profit: 0, Valid Reward: 0
======================================== Episode: 86/100 ========================================
======================================== Episode: 86, Train Profit: -62.197, Train Reward: 0.26
======================================== Episode: 86, Valid Profit: 0, Valid Reward: 0
======================================== Episode: 87/100 ========================================
======================================== Episode: 87, Train Profit: -44.127, Train Reward: 0.256
======================================== Episode: 87, Valid Profit: 0, Valid Reward: 0
======================================== Episode: 88/100 ========================================
======================================== Episode: 88, Train Profit: 26.254, Train Reward: 0.341
======================================== Episode: 88, Valid Profit: 0, Valid Reward: 0
======================================== Episode: 89/100 ========================================
======================================== Episode: 89, Train Profit: -2.36, Train Reward: 0.308
======================================== Episode: 89, Valid Profit: 0, Valid Reward: 0
======================================== Episode: 90/100 ========================================
======================================== Episode: 90, Train Profit: 88.486, Train Reward: 0.384
======================================== Episode: 90, Valid Profit: 0, Valid Reward: 0
======================================== Episode: 91/100 ========================================
======================================== Episode: 91, Train Profit: 18.273, Train Reward: 0.329
======================================== Episode: 91, Valid Profit: 37.211, Valid Reward: 37.211
======================================== Episode: 92/100 ========================================
======================================== Episode: 92, Train Profit: 9.293, Train Reward: 0.338
======================================== Episode: 92, Valid Profit: 37.211, Valid Reward: 37.211
======================================== Episode: 93/100 ========================================
======================================== Episode: 93, Train Profit: -44.124, Train Reward: 0.306
======================================== Episode: 93, Valid Profit: 37.211, Valid Reward: 37.211
======================================== Episode: 94/100 ========================================
======================================== Episode: 94, Train Profit: -75.762, Train Reward: 0.305
======================================== Episode: 94, Valid Profit: 37.211, Valid Reward: 37.211
======================================== Episode: 95/100 ========================================
======================================== Episode: 95, Train Profit: 4.613, Train Reward: 0.329
======================================== Episode: 95, Valid Profit: 37.211, Valid Reward: 37.211
======================================== Episode: 96/100 ========================================
======================================== Episode: 96, Train Profit: 17.353, Train Reward: 0.309
======================================== Episode: 96, Valid Profit: 37.211, Valid Reward: 37.211
======================================== Episode: 97/100 ========================================
======================================== Episode: 97, Train Profit: 97.958, Train Reward: 0.404
======================================== Episode: 97, Valid Profit: 37.211, Valid Reward: 37.211
======================================== Episode: 98/100 ========================================
======================================== Episode: 98, Train Profit: -35.519, Train Reward: 0.307
======================================== Episode: 98, Valid Profit: 37.211, Valid Reward: 37.211
======================================== Episode: 99/100 ========================================
======================================== Episode: 99, Train Profit: 27.721, Train Reward: 0.348
======================================== Episode: 99, Valid Profit: 37.211, Valid Reward: 37.211
======================================== Episode: 100/100 ========================================
======================================== Episode: 100, Train Profit: 46.994, Train Reward: 0.349
======================================== Episode: 100, Valid Profit: 37.211, Valid Reward: 37.211
