Config File
{'id': 11, 'trader': 'DQNFixedTargets', 'estimator': 'CNNDuelingEstimator', 'features_used': ['adj_close', 'close_delta', 'rsi_6', 'cci_10', 'atr_13', 'stochrsi_6', 'rsv_6', 'middle_10_trix', 'middle_10_tema', 'vr_6', 'high_5_sma', 'high_5_mstd', 'high_5_mvar'], 'target_used': 'adj_close', 'normalizer': ['percent', 'minmax', 'minmax', 'minmax', 'minmax', 'minmax', 'minmax', 'minmax', 'minmax', 'softmax', 'minmax', 'minmax', 'minmax'], 'optimizer': 'AdamW', 'learning_rate': 0.001, 'criterion': 'MSELoss', 'eps_scheduler': 'EpsilonScheduler', 'epsilon': 1, 'epsilon_final': 0.01, 'epsilon_decay': 0.995, 'action_space': 3, 'window_size': 10, 'batch_size': 128, 'n_episodes': 200, 'replay_size': 1000, 'sync_steps': 1000, 'prob_alpha': 0.6, 'beta_start': 0.4}
======================================== Episode: 1/200 ========================================
======================================== Episode: 1, Train Profit: 2595.731, Train Reward: 2.613
======================================== Episode: 1, Valid Profit: 0, Valid Reward: 0
======================================== Episode: 2/200 ========================================
======================================== Episode: 2, Train Profit: 671.645, Train Reward: 0.321
======================================== Episode: 2, Valid Profit: 0, Valid Reward: 0
======================================== Episode: 3/200 ========================================
======================================== Episode: 3, Train Profit: 504.064, Train Reward: 0.127
======================================== Episode: 3, Valid Profit: 0, Valid Reward: 0
======================================== Episode: 4/200 ========================================
======================================== Episode: 4, Train Profit: 1761.184, Train Reward: 1.673
======================================== Episode: 4, Valid Profit: 0, Valid Reward: 0
======================================== Episode: 5/200 ========================================
======================================== Episode: 5, Train Profit: 2068.22, Train Reward: 1.957
======================================== Episode: 5, Valid Profit: 0, Valid Reward: 0
======================================== Episode: 6/200 ========================================
======================================== Episode: 6, Train Profit: 675.162, Train Reward: 0.449
======================================== Episode: 6, Valid Profit: 0, Valid Reward: 0
======================================== Episode: 7/200 ========================================
======================================== Episode: 7, Train Profit: 938.394, Train Reward: 0.608
======================================== Episode: 7, Valid Profit: 0, Valid Reward: 0
======================================== Episode: 8/200 ========================================
======================================== Episode: 8, Train Profit: 1426.646, Train Reward: 1.001
======================================== Episode: 8, Valid Profit: 0, Valid Reward: 0
======================================== Episode: 9/200 ========================================
======================================== Episode: 9, Train Profit: 770.477, Train Reward: 0.466
======================================== Episode: 9, Valid Profit: 0, Valid Reward: 0
======================================== Episode: 10/200 ========================================
======================================== Episode: 10, Train Profit: 780.683, Train Reward: 0.431
======================================== Episode: 10, Valid Profit: 0, Valid Reward: 0
======================================== Episode: 11/200 ========================================
======================================== Episode: 11, Train Profit: 2251.788, Train Reward: 2.231
======================================== Episode: 11, Valid Profit: 0, Valid Reward: 0
======================================== Episode: 12/200 ========================================
======================================== Episode: 12, Train Profit: 2206.295, Train Reward: 1.896
======================================== Episode: 12, Valid Profit: 0, Valid Reward: 0
======================================== Episode: 13/200 ========================================
======================================== Episode: 13, Train Profit: 330.367, Train Reward: 0.187
======================================== Episode: 13, Valid Profit: 0, Valid Reward: 0
======================================== Episode: 14/200 ========================================
======================================== Episode: 14, Train Profit: 1391.932, Train Reward: 1.334
======================================== Episode: 14, Valid Profit: 0, Valid Reward: 0
======================================== Episode: 15/200 ========================================
======================================== Episode: 15, Train Profit: 3288.587, Train Reward: 3.376
======================================== Episode: 15, Valid Profit: 0, Valid Reward: 0
======================================== Episode: 16/200 ========================================
======================================== Episode: 16, Train Profit: 437.14, Train Reward: 0.026
======================================== Episode: 16, Valid Profit: 0, Valid Reward: 0
======================================== Episode: 17/200 ========================================
======================================== Episode: 17, Train Profit: 296.158, Train Reward: 0.125
======================================== Episode: 17, Valid Profit: 0, Valid Reward: 0
======================================== Episode: 18/200 ========================================
======================================== Episode: 18, Train Profit: 3206.319, Train Reward: 3.365
======================================== Episode: 18, Valid Profit: 0, Valid Reward: 0
======================================== Episode: 19/200 ========================================
======================================== Episode: 19, Train Profit: 505.516, Train Reward: 0.427
======================================== Episode: 19, Valid Profit: 0, Valid Reward: 0
======================================== Episode: 20/200 ========================================
======================================== Episode: 20, Train Profit: 339.048, Train Reward: 0.035
======================================== Episode: 20, Valid Profit: 0, Valid Reward: 0
======================================== Episode: 21/200 ========================================
======================================== Episode: 21, Train Profit: 439.806, Train Reward: 0.215
======================================== Episode: 21, Valid Profit: 0, Valid Reward: 0
======================================== Episode: 22/200 ========================================
======================================== Episode: 22, Train Profit: 2012.042, Train Reward: 1.899
======================================== Episode: 22, Valid Profit: 0, Valid Reward: 0
======================================== Episode: 23/200 ========================================
======================================== Episode: 23, Train Profit: 4028.885, Train Reward: 4.198
======================================== Episode: 23, Valid Profit: 0, Valid Reward: 0
======================================== Episode: 24/200 ========================================
======================================== Episode: 24, Train Profit: 449.403, Train Reward: 0.248
======================================== Episode: 24, Valid Profit: 0, Valid Reward: 0
======================================== Episode: 25/200 ========================================
======================================== Episode: 25, Train Profit: 214.117, Train Reward: -0.043
======================================== Episode: 25, Valid Profit: 0, Valid Reward: 0
======================================== Episode: 26/200 ========================================
======================================== Episode: 26, Train Profit: 3628.8, Train Reward: 3.89
======================================== Episode: 26, Valid Profit: 0, Valid Reward: 0
======================================== Episode: 27/200 ========================================
======================================== Episode: 27, Train Profit: 334.431, Train Reward: 0.186
======================================== Episode: 27, Valid Profit: 0, Valid Reward: 0
======================================== Episode: 28/200 ========================================
======================================== Episode: 28, Train Profit: 385.013, Train Reward: 0.272
======================================== Episode: 28, Valid Profit: 0, Valid Reward: 0
======================================== Episode: 29/200 ========================================
======================================== Episode: 29, Train Profit: 276.572, Train Reward: 0.102
======================================== Episode: 29, Valid Profit: 0, Valid Reward: 0
======================================== Episode: 30/200 ========================================
======================================== Episode: 30, Train Profit: 1851.343, Train Reward: 2.015
======================================== Episode: 30, Valid Profit: 0, Valid Reward: 0
======================================== Episode: 31/200 ========================================
======================================== Episode: 31, Train Profit: 3573.687, Train Reward: 3.679
======================================== Episode: 31, Valid Profit: 0, Valid Reward: 0
======================================== Episode: 32/200 ========================================
======================================== Episode: 32, Train Profit: 267.756, Train Reward: 0.094
======================================== Episode: 32, Valid Profit: 0, Valid Reward: 0
======================================== Episode: 33/200 ========================================
======================================== Episode: 33, Train Profit: 611.717, Train Reward: 0.308
======================================== Episode: 33, Valid Profit: 0, Valid Reward: 0
======================================== Episode: 34/200 ========================================
======================================== Episode: 34, Train Profit: 308.304, Train Reward: 0.218
======================================== Episode: 34, Valid Profit: 0, Valid Reward: 0
======================================== Episode: 35/200 ========================================
======================================== Episode: 35, Train Profit: 3293.401, Train Reward: 3.376
======================================== Episode: 35, Valid Profit: 0, Valid Reward: 0
======================================== Episode: 36/200 ========================================
======================================== Episode: 36, Train Profit: 842.628, Train Reward: 0.429
======================================== Episode: 36, Valid Profit: 0, Valid Reward: 0
======================================== Episode: 37/200 ========================================
======================================== Episode: 37, Train Profit: 286.126, Train Reward: 0.206
======================================== Episode: 37, Valid Profit: 0, Valid Reward: 0
======================================== Episode: 38/200 ========================================
======================================== Episode: 38, Train Profit: 258.46, Train Reward: 0.16
======================================== Episode: 38, Valid Profit: 0, Valid Reward: 0
======================================== Episode: 39/200 ========================================
======================================== Episode: 39, Train Profit: 1084.509, Train Reward: 1.026
======================================== Episode: 39, Valid Profit: 0, Valid Reward: 0
======================================== Episode: 40/200 ========================================
======================================== Episode: 40, Train Profit: 4827.858, Train Reward: 5.233
======================================== Episode: 40, Valid Profit: 0, Valid Reward: 0
======================================== Episode: 41/200 ========================================
======================================== Episode: 41, Train Profit: 218.374, Train Reward: -0.004
======================================== Episode: 41, Valid Profit: 0, Valid Reward: 0
======================================== Episode: 42/200 ========================================
======================================== Episode: 42, Train Profit: 265.253, Train Reward: 0.115
======================================== Episode: 42, Valid Profit: 0, Valid Reward: 0
======================================== Episode: 43/200 ========================================
======================================== Episode: 43, Train Profit: 375.083, Train Reward: 0.12
======================================== Episode: 43, Valid Profit: 0, Valid Reward: 0
======================================== Episode: 44/200 ========================================
======================================== Episode: 44, Train Profit: 1419.681, Train Reward: 1.346
======================================== Episode: 44, Valid Profit: 0, Valid Reward: 0
======================================== Episode: 45/200 ========================================
======================================== Episode: 45, Train Profit: 1758.562, Train Reward: 1.69
======================================== Episode: 45, Valid Profit: 0, Valid Reward: 0
======================================== Episode: 46/200 ========================================
======================================== Episode: 46, Train Profit: 468.119, Train Reward: 0.388
======================================== Episode: 46, Valid Profit: 0, Valid Reward: 0
======================================== Episode: 47/200 ========================================
======================================== Episode: 47, Train Profit: 245.085, Train Reward: 0.046
======================================== Episode: 47, Valid Profit: 0, Valid Reward: 0
======================================== Episode: 48/200 ========================================
======================================== Episode: 48, Train Profit: 256.952, Train Reward: -0.075
======================================== Episode: 48, Valid Profit: 0, Valid Reward: 0
======================================== Episode: 49/200 ========================================
======================================== Episode: 49, Train Profit: 258.268, Train Reward: 0.122
======================================== Episode: 49, Valid Profit: 0, Valid Reward: 0
======================================== Episode: 50/200 ========================================
======================================== Episode: 50, Train Profit: 291.976, Train Reward: 0.144
======================================== Episode: 50, Valid Profit: 0, Valid Reward: 0
======================================== Episode: 51/200 ========================================
======================================== Episode: 51, Train Profit: 842.913, Train Reward: 0.646
======================================== Episode: 51, Valid Profit: 0, Valid Reward: 0
======================================== Episode: 52/200 ========================================
======================================== Episode: 52, Train Profit: 3096.866, Train Reward: 3.158
======================================== Episode: 52, Valid Profit: 0, Valid Reward: 0
======================================== Episode: 53/200 ========================================
======================================== Episode: 53, Train Profit: 640.595, Train Reward: 0.366
======================================== Episode: 53, Valid Profit: 0, Valid Reward: 0
======================================== Episode: 54/200 ========================================
======================================== Episode: 54, Train Profit: 211.376, Train Reward: 0.12
======================================== Episode: 54, Valid Profit: 0, Valid Reward: 0
======================================== Episode: 55/200 ========================================
======================================== Episode: 55, Train Profit: 371.066, Train Reward: 0.301
======================================== Episode: 55, Valid Profit: 0, Valid Reward: 0
======================================== Episode: 56/200 ========================================
======================================== Episode: 56, Train Profit: 385.139, Train Reward: 0.265
======================================== Episode: 56, Valid Profit: 0, Valid Reward: 0
======================================== Episode: 57/200 ========================================
======================================== Episode: 57, Train Profit: 211.152, Train Reward: 0.091
======================================== Episode: 57, Valid Profit: 0, Valid Reward: 0
======================================== Episode: 58/200 ========================================
======================================== Episode: 58, Train Profit: 2540.018, Train Reward: 2.673
======================================== Episode: 58, Valid Profit: 0, Valid Reward: 0
======================================== Episode: 59/200 ========================================
======================================== Episode: 59, Train Profit: 326.847, Train Reward: 0.234
======================================== Episode: 59, Valid Profit: 0, Valid Reward: 0
======================================== Episode: 60/200 ========================================
======================================== Episode: 60, Train Profit: 269.006, Train Reward: 0.19
======================================== Episode: 60, Valid Profit: 0, Valid Reward: 0
======================================== Episode: 61/200 ========================================
======================================== Episode: 61, Train Profit: 200.353, Train Reward: 0.037
======================================== Episode: 61, Valid Profit: 0, Valid Reward: 0
======================================== Episode: 62/200 ========================================
======================================== Episode: 62, Train Profit: 185.728, Train Reward: 0.099
======================================== Episode: 62, Valid Profit: 0, Valid Reward: 0
======================================== Episode: 63/200 ========================================
======================================== Episode: 63, Train Profit: 243.538, Train Reward: 0.13
======================================== Episode: 63, Valid Profit: 0, Valid Reward: 0
======================================== Episode: 64/200 ========================================
======================================== Episode: 64, Train Profit: 412.079, Train Reward: 0.355
======================================== Episode: 64, Valid Profit: 0, Valid Reward: 0
======================================== Episode: 65/200 ========================================
======================================== Episode: 65, Train Profit: 410.535, Train Reward: 0.299
======================================== Episode: 65, Valid Profit: 0, Valid Reward: 0
======================================== Episode: 66/200 ========================================
======================================== Episode: 66, Train Profit: 165.859, Train Reward: 0.03
======================================== Episode: 66, Valid Profit: 0, Valid Reward: 0
======================================== Episode: 67/200 ========================================
======================================== Episode: 67, Train Profit: 232.522, Train Reward: 0.165
======================================== Episode: 67, Valid Profit: 0, Valid Reward: 0
======================================== Episode: 68/200 ========================================
======================================== Episode: 68, Train Profit: 200.908, Train Reward: 0.082
======================================== Episode: 68, Valid Profit: 0, Valid Reward: 0
======================================== Episode: 69/200 ========================================
======================================== Episode: 69, Train Profit: 203.926, Train Reward: 0.106
======================================== Episode: 69, Valid Profit: 0, Valid Reward: 0
======================================== Episode: 70/200 ========================================
======================================== Episode: 70, Train Profit: 305.835, Train Reward: 0.21
======================================== Episode: 70, Valid Profit: 0, Valid Reward: 0
======================================== Episode: 71/200 ========================================
======================================== Episode: 71, Train Profit: 254.847, Train Reward: 0.165
======================================== Episode: 71, Valid Profit: 0, Valid Reward: 0
======================================== Episode: 72/200 ========================================
======================================== Episode: 72, Train Profit: 200.574, Train Reward: 0.077
======================================== Episode: 72, Valid Profit: 0, Valid Reward: 0
======================================== Episode: 73/200 ========================================
======================================== Episode: 73, Train Profit: 1241.291, Train Reward: 1.212
======================================== Episode: 73, Valid Profit: 0, Valid Reward: 0
======================================== Episode: 74/200 ========================================
======================================== Episode: 74, Train Profit: 5140.449, Train Reward: 5.791
======================================== Episode: 74, Valid Profit: 0, Valid Reward: 0
======================================== Episode: 75/200 ========================================
======================================== Episode: 75, Train Profit: 128.199, Train Reward: -0.047
======================================== Episode: 75, Valid Profit: 0, Valid Reward: 0
======================================== Episode: 76/200 ========================================
======================================== Episode: 76, Train Profit: 197.826, Train Reward: 0.089
======================================== Episode: 76, Valid Profit: 0, Valid Reward: 0
======================================== Episode: 77/200 ========================================
======================================== Episode: 77, Train Profit: 127.308, Train Reward: 0.035
======================================== Episode: 77, Valid Profit: 0, Valid Reward: 0
======================================== Episode: 78/200 ========================================
======================================== Episode: 78, Train Profit: 157.875, Train Reward: 0.034
======================================== Episode: 78, Valid Profit: 0, Valid Reward: 0
======================================== Episode: 79/200 ========================================
======================================== Episode: 79, Train Profit: 312.135, Train Reward: 0.168
======================================== Episode: 79, Valid Profit: 0, Valid Reward: 0
======================================== Episode: 80/200 ========================================
======================================== Episode: 80, Train Profit: 185.514, Train Reward: -0.014
======================================== Episode: 80, Valid Profit: 0, Valid Reward: 0
======================================== Episode: 81/200 ========================================
======================================== Episode: 81, Train Profit: 147.987, Train Reward: 0.04
======================================== Episode: 81, Valid Profit: 0, Valid Reward: 0
======================================== Episode: 82/200 ========================================
======================================== Episode: 82, Train Profit: 129.243, Train Reward: -0.005
======================================== Episode: 82, Valid Profit: 0, Valid Reward: 0
======================================== Episode: 83/200 ========================================
======================================== Episode: 83, Train Profit: 439.429, Train Reward: 0.347
======================================== Episode: 83, Valid Profit: 0, Valid Reward: 0
======================================== Episode: 84/200 ========================================
======================================== Episode: 84, Train Profit: 742.88, Train Reward: 0.671
======================================== Episode: 84, Valid Profit: 0, Valid Reward: 0
======================================== Episode: 85/200 ========================================
======================================== Episode: 85, Train Profit: 272.109, Train Reward: 0.178
======================================== Episode: 85, Valid Profit: 0, Valid Reward: 0
======================================== Episode: 86/200 ========================================
======================================== Episode: 86, Train Profit: 316.261, Train Reward: 0.237
======================================== Episode: 86, Valid Profit: 0, Valid Reward: 0
======================================== Episode: 87/200 ========================================
======================================== Episode: 87, Train Profit: 181.593, Train Reward: 0.059
======================================== Episode: 87, Valid Profit: 0, Valid Reward: 0
======================================== Episode: 88/200 ========================================
======================================== Episode: 88, Train Profit: 139.931, Train Reward: 0.03
======================================== Episode: 88, Valid Profit: 0, Valid Reward: 0
======================================== Episode: 89/200 ========================================
======================================== Episode: 89, Train Profit: 124.366, Train Reward: 0.005
======================================== Episode: 89, Valid Profit: 0, Valid Reward: 0
======================================== Episode: 90/200 ========================================
======================================== Episode: 90, Train Profit: 126.493, Train Reward: 0.043
======================================== Episode: 90, Valid Profit: 0, Valid Reward: 0
======================================== Episode: 91/200 ========================================
======================================== Episode: 91, Train Profit: 184.201, Train Reward: 0.039
======================================== Episode: 91, Valid Profit: 0, Valid Reward: 0
======================================== Episode: 92/200 ========================================
======================================== Episode: 92, Train Profit: 344.442, Train Reward: 0.107
======================================== Episode: 92, Valid Profit: 0, Valid Reward: 0
======================================== Episode: 93/200 ========================================
======================================== Episode: 93, Train Profit: 334.549, Train Reward: 0.209
======================================== Episode: 93, Valid Profit: 0, Valid Reward: 0
======================================== Episode: 94/200 ========================================
======================================== Episode: 94, Train Profit: 322.365, Train Reward: 0.26
======================================== Episode: 94, Valid Profit: 0, Valid Reward: 0
======================================== Episode: 95/200 ========================================
======================================== Episode: 95, Train Profit: 207.091, Train Reward: 0.069
======================================== Episode: 95, Valid Profit: 0, Valid Reward: 0
======================================== Episode: 96/200 ========================================
======================================== Episode: 96, Train Profit: 154.981, Train Reward: 0.042
======================================== Episode: 96, Valid Profit: 0, Valid Reward: 0
======================================== Episode: 97/200 ========================================
======================================== Episode: 97, Train Profit: 173.77, Train Reward: 0.039
======================================== Episode: 97, Valid Profit: 0, Valid Reward: 0
======================================== Episode: 98/200 ========================================
======================================== Episode: 98, Train Profit: 476.489, Train Reward: 0.337
======================================== Episode: 98, Valid Profit: 0, Valid Reward: 0
======================================== Episode: 99/200 ========================================
======================================== Episode: 99, Train Profit: 1622.458, Train Reward: 1.417
======================================== Episode: 99, Valid Profit: 0, Valid Reward: 0
======================================== Episode: 100/200 ========================================
======================================== Episode: 100, Train Profit: 229.906, Train Reward: 0.117
======================================== Episode: 100, Valid Profit: 0, Valid Reward: 0
======================================== Episode: 101/200 ========================================
======================================== Episode: 101, Train Profit: 142.772, Train Reward: 0.024
======================================== Episode: 101, Valid Profit: 0, Valid Reward: 0
======================================== Episode: 102/200 ========================================
======================================== Episode: 102, Train Profit: 150.305, Train Reward: 0.073
======================================== Episode: 102, Valid Profit: 0, Valid Reward: 0
======================================== Episode: 103/200 ========================================
======================================== Episode: 103, Train Profit: 162.054, Train Reward: 0.073
======================================== Episode: 103, Valid Profit: 0, Valid Reward: 0
======================================== Episode: 104/200 ========================================
======================================== Episode: 104, Train Profit: 98.813, Train Reward: 0.042
======================================== Episode: 104, Valid Profit: 0, Valid Reward: 0
======================================== Episode: 105/200 ========================================
======================================== Episode: 105, Train Profit: 1810.8, Train Reward: 1.973
======================================== Episode: 105, Valid Profit: 0, Valid Reward: 0
======================================== Episode: 106/200 ========================================
======================================== Episode: 106, Train Profit: 6879.905, Train Reward: 7.792
======================================== Episode: 106, Valid Profit: 0, Valid Reward: 0
======================================== Episode: 107/200 ========================================
======================================== Episode: 107, Train Profit: 135.027, Train Reward: 0.013
======================================== Episode: 107, Valid Profit: 0, Valid Reward: 0
======================================== Episode: 108/200 ========================================
======================================== Episode: 108, Train Profit: 124.621, Train Reward: 0.06
======================================== Episode: 108, Valid Profit: 0, Valid Reward: 0
======================================== Episode: 109/200 ========================================
======================================== Episode: 109, Train Profit: 160.476, Train Reward: 0.104
======================================== Episode: 109, Valid Profit: 0, Valid Reward: 0
======================================== Episode: 110/200 ========================================
======================================== Episode: 110, Train Profit: 138.933, Train Reward: 0.085
======================================== Episode: 110, Valid Profit: 0, Valid Reward: 0
======================================== Episode: 111/200 ========================================
======================================== Episode: 111, Train Profit: 109.666, Train Reward: 0.012
======================================== Episode: 111, Valid Profit: 0, Valid Reward: 0
======================================== Episode: 112/200 ========================================
======================================== Episode: 112, Train Profit: 120.899, Train Reward: 0.003
======================================== Episode: 112, Valid Profit: 0, Valid Reward: 0
======================================== Episode: 113/200 ========================================
======================================== Episode: 113, Train Profit: 101.421, Train Reward: 0.012
======================================== Episode: 113, Valid Profit: 0, Valid Reward: 0
======================================== Episode: 114/200 ========================================
======================================== Episode: 114, Train Profit: 524.282, Train Reward: 0.431
======================================== Episode: 114, Valid Profit: 0, Valid Reward: 0
======================================== Episode: 115/200 ========================================
======================================== Episode: 115, Train Profit: 816.287, Train Reward: 0.595
======================================== Episode: 115, Valid Profit: 0, Valid Reward: 0
======================================== Episode: 116/200 ========================================
======================================== Episode: 116, Train Profit: 263.756, Train Reward: 0.129
======================================== Episode: 116, Valid Profit: 0, Valid Reward: 0
======================================== Episode: 117/200 ========================================
======================================== Episode: 117, Train Profit: 145.963, Train Reward: 0.095
======================================== Episode: 117, Valid Profit: 0, Valid Reward: 0
======================================== Episode: 118/200 ========================================
======================================== Episode: 118, Train Profit: 92.072, Train Reward: 0.008
======================================== Episode: 118, Valid Profit: 0, Valid Reward: 0
======================================== Episode: 119/200 ========================================
======================================== Episode: 119, Train Profit: 123.652, Train Reward: 0.059
======================================== Episode: 119, Valid Profit: 0, Valid Reward: 0
======================================== Episode: 120/200 ========================================
======================================== Episode: 120, Train Profit: 115.954, Train Reward: 0.013
======================================== Episode: 120, Valid Profit: 0, Valid Reward: 0
======================================== Episode: 121/200 ========================================
======================================== Episode: 121, Train Profit: 2365.587, Train Reward: 2.639
======================================== Episode: 121, Valid Profit: 0, Valid Reward: 0
======================================== Episode: 122/200 ========================================
======================================== Episode: 122, Train Profit: 1427.206, Train Reward: 1.212
======================================== Episode: 122, Valid Profit: 0, Valid Reward: 0
======================================== Episode: 123/200 ========================================
======================================== Episode: 123, Train Profit: 117.033, Train Reward: 0.068
======================================== Episode: 123, Valid Profit: 0, Valid Reward: 0
======================================== Episode: 124/200 ========================================
======================================== Episode: 124, Train Profit: 102.842, Train Reward: 0.016
======================================== Episode: 124, Valid Profit: 0, Valid Reward: 0
======================================== Episode: 125/200 ========================================
======================================== Episode: 125, Train Profit: 87.237, Train Reward: 0.038
======================================== Episode: 125, Valid Profit: 0, Valid Reward: 0
======================================== Episode: 126/200 ========================================
======================================== Episode: 126, Train Profit: 107.481, Train Reward: 0.038
======================================== Episode: 126, Valid Profit: 0, Valid Reward: 0
======================================== Episode: 127/200 ========================================
======================================== Episode: 127, Train Profit: 67.543, Train Reward: -0.007
======================================== Episode: 127, Valid Profit: 0, Valid Reward: 0
======================================== Episode: 128/200 ========================================
======================================== Episode: 128, Train Profit: 67.258, Train Reward: -0.071
======================================== Episode: 128, Valid Profit: 0, Valid Reward: 0
======================================== Episode: 129/200 ========================================
======================================== Episode: 129, Train Profit: 117.299, Train Reward: 0.073
======================================== Episode: 129, Valid Profit: 0, Valid Reward: 0
======================================== Episode: 130/200 ========================================
======================================== Episode: 130, Train Profit: 2624.891, Train Reward: 2.853
======================================== Episode: 130, Valid Profit: 0, Valid Reward: 0
======================================== Episode: 131/200 ========================================
======================================== Episode: 131, Train Profit: 4829.463, Train Reward: 5.378
======================================== Episode: 131, Valid Profit: 0, Valid Reward: 0
======================================== Episode: 132/200 ========================================
======================================== Episode: 132, Train Profit: 98.27, Train Reward: 0.032
======================================== Episode: 132, Valid Profit: 0, Valid Reward: 0
======================================== Episode: 133/200 ========================================
======================================== Episode: 133, Train Profit: 81.392, Train Reward: -0.058
======================================== Episode: 133, Valid Profit: 0, Valid Reward: 0
======================================== Episode: 134/200 ========================================
======================================== Episode: 134, Train Profit: 101.284, Train Reward: 0.036
======================================== Episode: 134, Valid Profit: 0, Valid Reward: 0
======================================== Episode: 135/200 ========================================
======================================== Episode: 135, Train Profit: 111.054, Train Reward: 0.014
======================================== Episode: 135, Valid Profit: 0, Valid Reward: 0
======================================== Episode: 136/200 ========================================
======================================== Episode: 136, Train Profit: 105.759, Train Reward: 0.028
======================================== Episode: 136, Valid Profit: 0, Valid Reward: 0
======================================== Episode: 137/200 ========================================
======================================== Episode: 137, Train Profit: 109.71, Train Reward: 0.057
======================================== Episode: 137, Valid Profit: 0, Valid Reward: 0
======================================== Episode: 138/200 ========================================
======================================== Episode: 138, Train Profit: 108.187, Train Reward: 0.03
======================================== Episode: 138, Valid Profit: 0, Valid Reward: 0
======================================== Episode: 139/200 ========================================
======================================== Episode: 139, Train Profit: 1471.478, Train Reward: 1.645
======================================== Episode: 139, Valid Profit: 133.615, Valid Reward: 133.615
======================================== Episode: 140/200 ========================================
======================================== Episode: 140, Train Profit: 5118.762, Train Reward: 5.552
======================================== Episode: 140, Valid Profit: 0, Valid Reward: 0
======================================== Episode: 141/200 ========================================
======================================== Episode: 141, Train Profit: 116.498, Train Reward: 0.041
======================================== Episode: 141, Valid Profit: 0, Valid Reward: 0
======================================== Episode: 142/200 ========================================
======================================== Episode: 142, Train Profit: 124.038, Train Reward: 0.084
======================================== Episode: 142, Valid Profit: 0, Valid Reward: 0
======================================== Episode: 143/200 ========================================
======================================== Episode: 143, Train Profit: 113.112, Train Reward: 0.034
======================================== Episode: 143, Valid Profit: 0, Valid Reward: 0
======================================== Episode: 144/200 ========================================
======================================== Episode: 144, Train Profit: 73.481, Train Reward: 0.018
======================================== Episode: 144, Valid Profit: 0, Valid Reward: 0
======================================== Episode: 145/200 ========================================
======================================== Episode: 145, Train Profit: 107.878, Train Reward: 0.029
======================================== Episode: 145, Valid Profit: 0, Valid Reward: 0
======================================== Episode: 146/200 ========================================
======================================== Episode: 146, Train Profit: 116.74, Train Reward: 0.026
======================================== Episode: 146, Valid Profit: 0, Valid Reward: 0
======================================== Episode: 147/200 ========================================
======================================== Episode: 147, Train Profit: 1148.344, Train Reward: 1.252
======================================== Episode: 147, Valid Profit: 0, Valid Reward: 0
======================================== Episode: 148/200 ========================================
======================================== Episode: 148, Train Profit: 527.321, Train Reward: 0.353
======================================== Episode: 148, Valid Profit: 0, Valid Reward: 0
======================================== Episode: 149/200 ========================================
======================================== Episode: 149, Train Profit: 92.947, Train Reward: -0.01
======================================== Episode: 149, Valid Profit: 0, Valid Reward: 0
======================================== Episode: 150/200 ========================================
======================================== Episode: 150, Train Profit: 91.642, Train Reward: 0.034
======================================== Episode: 150, Valid Profit: 0, Valid Reward: 0
======================================== Episode: 151/200 ========================================
======================================== Episode: 151, Train Profit: 97.298, Train Reward: 0.039
======================================== Episode: 151, Valid Profit: 0, Valid Reward: 0
======================================== Episode: 152/200 ========================================
======================================== Episode: 152, Train Profit: 102.659, Train Reward: 0.023
======================================== Episode: 152, Valid Profit: 0, Valid Reward: 0
======================================== Episode: 153/200 ========================================
======================================== Episode: 153, Train Profit: 78.182, Train Reward: -0.006
======================================== Episode: 153, Valid Profit: 0, Valid Reward: 0
======================================== Episode: 154/200 ========================================
======================================== Episode: 154, Train Profit: 217.298, Train Reward: 0.19
======================================== Episode: 154, Valid Profit: 0, Valid Reward: 0
======================================== Episode: 155/200 ========================================
======================================== Episode: 155, Train Profit: 2149.521, Train Reward: 2.34
======================================== Episode: 155, Valid Profit: 0, Valid Reward: 0
======================================== Episode: 156/200 ========================================
======================================== Episode: 156, Train Profit: 6046.785, Train Reward: 6.786
======================================== Episode: 156, Valid Profit: 0, Valid Reward: 0
======================================== Episode: 157/200 ========================================
======================================== Episode: 157, Train Profit: 121.409, Train Reward: 0.05
======================================== Episode: 157, Valid Profit: 0, Valid Reward: 0
======================================== Episode: 158/200 ========================================
======================================== Episode: 158, Train Profit: 93.97, Train Reward: 0.037
======================================== Episode: 158, Valid Profit: 0, Valid Reward: 0
======================================== Episode: 159/200 ========================================
======================================== Episode: 159, Train Profit: 101.453, Train Reward: 0.026
======================================== Episode: 159, Valid Profit: 0, Valid Reward: 0
======================================== Episode: 160/200 ========================================
======================================== Episode: 160, Train Profit: 90.88, Train Reward: 0.009
======================================== Episode: 160, Valid Profit: 0, Valid Reward: 0
======================================== Episode: 161/200 ========================================
======================================== Episode: 161, Train Profit: 155.071, Train Reward: 0.108
======================================== Episode: 161, Valid Profit: 0, Valid Reward: 0
======================================== Episode: 162/200 ========================================
======================================== Episode: 162, Train Profit: 98.556, Train Reward: 0.05
======================================== Episode: 162, Valid Profit: 0, Valid Reward: 0
======================================== Episode: 163/200 ========================================
======================================== Episode: 163, Train Profit: 1534.681, Train Reward: 1.726
======================================== Episode: 163, Valid Profit: 0, Valid Reward: 0
======================================== Episode: 164/200 ========================================
======================================== Episode: 164, Train Profit: 7975.656, Train Reward: 9.056
======================================== Episode: 164, Valid Profit: 0, Valid Reward: 0
======================================== Episode: 165/200 ========================================
======================================== Episode: 165, Train Profit: 103.496, Train Reward: 0.047
======================================== Episode: 165, Valid Profit: 0, Valid Reward: 0
======================================== Episode: 166/200 ========================================
======================================== Episode: 166, Train Profit: 82.302, Train Reward: 0.001
======================================== Episode: 166, Valid Profit: 0, Valid Reward: 0
======================================== Episode: 167/200 ========================================
======================================== Episode: 167, Train Profit: 69.824, Train Reward: 0.004
======================================== Episode: 167, Valid Profit: 0, Valid Reward: 0
======================================== Episode: 168/200 ========================================
======================================== Episode: 168, Train Profit: 72.479, Train Reward: 0.019
======================================== Episode: 168, Valid Profit: 0, Valid Reward: 0
======================================== Episode: 169/200 ========================================
======================================== Episode: 169, Train Profit: 264.439, Train Reward: 0.071
======================================== Episode: 169, Valid Profit: 0, Valid Reward: 0
======================================== Episode: 170/200 ========================================
======================================== Episode: 170, Train Profit: 1627.33, Train Reward: 1.735
======================================== Episode: 170, Valid Profit: 0, Valid Reward: 0
======================================== Episode: 171/200 ========================================
======================================== Episode: 171, Train Profit: 4231.296, Train Reward: 4.782
======================================== Episode: 171, Valid Profit: 0, Valid Reward: 0
======================================== Episode: 172/200 ========================================
======================================== Episode: 172, Train Profit: 100.257, Train Reward: -0.028
======================================== Episode: 172, Valid Profit: 0, Valid Reward: 0
======================================== Episode: 173/200 ========================================
======================================== Episode: 173, Train Profit: 61.38, Train Reward: -0.003
======================================== Episode: 173, Valid Profit: 0, Valid Reward: 0
======================================== Episode: 174/200 ========================================
======================================== Episode: 174, Train Profit: 75.839, Train Reward: 0.006
======================================== Episode: 174, Valid Profit: 0, Valid Reward: 0
======================================== Episode: 175/200 ========================================
======================================== Episode: 175, Train Profit: 110.367, Train Reward: 0.046
======================================== Episode: 175, Valid Profit: 0, Valid Reward: 0
======================================== Episode: 176/200 ========================================
======================================== Episode: 176, Train Profit: 303.739, Train Reward: 0.053
======================================== Episode: 176, Valid Profit: 0, Valid Reward: 0
======================================== Episode: 177/200 ========================================
======================================== Episode: 177, Train Profit: 1655.888, Train Reward: 1.841
======================================== Episode: 177, Valid Profit: 0, Valid Reward: 0
======================================== Episode: 178/200 ========================================
======================================== Episode: 178, Train Profit: 1388.89, Train Reward: 1.305
======================================== Episode: 178, Valid Profit: 0, Valid Reward: 0
======================================== Episode: 179/200 ========================================
======================================== Episode: 179, Train Profit: 112.774, Train Reward: 0.048
======================================== Episode: 179, Valid Profit: 0, Valid Reward: 0
======================================== Episode: 180/200 ========================================
======================================== Episode: 180, Train Profit: 76.345, Train Reward: 0.019
======================================== Episode: 180, Valid Profit: 0, Valid Reward: 0
======================================== Episode: 181/200 ========================================
======================================== Episode: 181, Train Profit: 91.84, Train Reward: 0.033
======================================== Episode: 181, Valid Profit: 0, Valid Reward: 0
======================================== Episode: 182/200 ========================================
======================================== Episode: 182, Train Profit: 88.497, Train Reward: -0.019
======================================== Episode: 182, Valid Profit: 0, Valid Reward: 0
======================================== Episode: 183/200 ========================================
======================================== Episode: 183, Train Profit: 392.654, Train Reward: 0.336
======================================== Episode: 183, Valid Profit: 0, Valid Reward: 0
======================================== Episode: 184/200 ========================================
======================================== Episode: 184, Train Profit: 1163.554, Train Reward: 1.142
======================================== Episode: 184, Valid Profit: 0, Valid Reward: 0
======================================== Episode: 185/200 ========================================
======================================== Episode: 185, Train Profit: 80.084, Train Reward: 0.027
======================================== Episode: 185, Valid Profit: 0, Valid Reward: 0
======================================== Episode: 186/200 ========================================
======================================== Episode: 186, Train Profit: 65.9, Train Reward: 0.008
======================================== Episode: 186, Valid Profit: 0, Valid Reward: 0
======================================== Episode: 187/200 ========================================
======================================== Episode: 187, Train Profit: 56.591, Train Reward: 0.008
======================================== Episode: 187, Valid Profit: 0, Valid Reward: 0
======================================== Episode: 188/200 ========================================
======================================== Episode: 188, Train Profit: 68.191, Train Reward: 0.029
======================================== Episode: 188, Valid Profit: 0, Valid Reward: 0
======================================== Episode: 189/200 ========================================
======================================== Episode: 189, Train Profit: 86.488, Train Reward: 0.038
======================================== Episode: 189, Valid Profit: 0, Valid Reward: 0
======================================== Episode: 190/200 ========================================
======================================== Episode: 190, Train Profit: 84.404, Train Reward: 0.034
======================================== Episode: 190, Valid Profit: 0, Valid Reward: 0
======================================== Episode: 191/200 ========================================
======================================== Episode: 191, Train Profit: 155.283, Train Reward: 0.106
======================================== Episode: 191, Valid Profit: 0, Valid Reward: 0
======================================== Episode: 192/200 ========================================
Config File
{'id': 11, 'trader': 'DQNFixedTargets', 'estimator': 'CNNDuelingEstimator', 'features_used': ['adj_close', 'close_delta', 'rsi_6', 'cci_10', 'atr_13', 'stochrsi_6', 'rsv_6', 'middle_10_trix', 'middle_10_tema', 'vr_6', 'high_5_sma', 'high_5_mstd', 'high_5_mvar'], 'target_used': 'adj_close', 'normalizer': ['percent', 'minmax', 'minmax', 'minmax', 'minmax', 'minmax', 'minmax', 'minmax', 'minmax', 'softmax', 'minmax', 'minmax', 'minmax'], 'optimizer': 'AdamW', 'learning_rate': 0.001, 'criterion': 'MSELoss', 'eps_scheduler': 'EpsilonScheduler', 'epsilon': 1, 'epsilon_final': 0.01, 'epsilon_decay': 0.995, 'action_space': 3, 'window_size': 10, 'batch_size': 128, 'n_episodes': 200, 'replay_size': 1000, 'sync_steps': 1000, 'prob_alpha': 0.6, 'beta_start': 0.4}
======================================== Episode: 1/200 ========================================
======================================== Episode: 192, Train Profit: 163.922, Train Reward: 0.095
======================================== Episode: 192, Valid Profit: 0, Valid Reward: 0
======================================== Episode: 193/200 ========================================
======================================== Episode: 1, Train Profit: 2595.731, Train Reward: 2.613
======================================== Episode: 1, Valid Profit: 0, Valid Reward: 0
======================================== Episode: 2/200 ========================================
======================================== Episode: 193, Train Profit: 1151.067, Train Reward: 1.044
======================================== Episode: 193, Valid Profit: 0, Valid Reward: 0
======================================== Episode: 194/200 ========================================
======================================== Episode: 2, Train Profit: 671.645, Train Reward: 0.321
======================================== Episode: 2, Valid Profit: 0, Valid Reward: 0
======================================== Episode: 3/200 ========================================
======================================== Episode: 194, Train Profit: 105.182, Train Reward: 0.038
======================================== Episode: 194, Valid Profit: 0, Valid Reward: 0
======================================== Episode: 195/200 ========================================
======================================== Episode: 3, Train Profit: 504.064, Train Reward: 0.127
======================================== Episode: 3, Valid Profit: 0, Valid Reward: 0
======================================== Episode: 4/200 ========================================
======================================== Episode: 195, Train Profit: 94.92, Train Reward: 0.068
======================================== Episode: 195, Valid Profit: 0, Valid Reward: 0
======================================== Episode: 196/200 ========================================
======================================== Episode: 4, Train Profit: 1761.184, Train Reward: 1.673
======================================== Episode: 4, Valid Profit: 0, Valid Reward: 0
======================================== Episode: 5/200 ========================================
======================================== Episode: 196, Train Profit: 75.682, Train Reward: 0.029
======================================== Episode: 196, Valid Profit: 0, Valid Reward: 0
======================================== Episode: 197/200 ========================================
======================================== Episode: 5, Train Profit: 2068.22, Train Reward: 1.957
======================================== Episode: 5, Valid Profit: 0, Valid Reward: 0
======================================== Episode: 6/200 ========================================
======================================== Episode: 197, Train Profit: 91.215, Train Reward: 0.052
======================================== Episode: 197, Valid Profit: 0, Valid Reward: 0
======================================== Episode: 198/200 ========================================
======================================== Episode: 6, Train Profit: 675.162, Train Reward: 0.449
======================================== Episode: 6, Valid Profit: 0, Valid Reward: 0
======================================== Episode: 7/200 ========================================
======================================== Episode: 198, Train Profit: 96.69, Train Reward: 0.047
======================================== Episode: 198, Valid Profit: 0, Valid Reward: 0
======================================== Episode: 199/200 ========================================
======================================== Episode: 7, Train Profit: 938.394, Train Reward: 0.608
======================================== Episode: 7, Valid Profit: 0, Valid Reward: 0
======================================== Episode: 8/200 ========================================
======================================== Episode: 199, Train Profit: 189.612, Train Reward: 0.134
======================================== Episode: 199, Valid Profit: 0, Valid Reward: 0
======================================== Episode: 200/200 ========================================
======================================== Episode: 8, Train Profit: 1426.646, Train Reward: 1.001
======================================== Episode: 8, Valid Profit: 0, Valid Reward: 0
======================================== Episode: 9/200 ========================================
======================================== Episode: 9, Train Profit: 770.477, Train Reward: 0.466
======================================== Episode: 9, Valid Profit: 0, Valid Reward: 0
======================================== Episode: 10/200 ========================================
======================================== Episode: 200, Train Profit: 587.209, Train Reward: 0.466
======================================== Episode: 200, Valid Profit: 0, Valid Reward: 0
======================================== Episode: 10, Train Profit: 780.683, Train Reward: 0.431
======================================== Episode: 10, Valid Profit: 0, Valid Reward: 0
======================================== Episode: 11/200 ========================================
======================================== Episode: 11, Train Profit: 2251.788, Train Reward: 2.231
======================================== Episode: 11, Valid Profit: 0, Valid Reward: 0
======================================== Episode: 12/200 ========================================
======================================== Episode: 12, Train Profit: 2206.295, Train Reward: 1.896
======================================== Episode: 12, Valid Profit: 0, Valid Reward: 0
======================================== Episode: 13/200 ========================================
======================================== Episode: 13, Train Profit: 330.367, Train Reward: 0.187
======================================== Episode: 13, Valid Profit: 0, Valid Reward: 0
======================================== Episode: 14/200 ========================================
======================================== Episode: 14, Train Profit: 1391.932, Train Reward: 1.334
======================================== Episode: 14, Valid Profit: 0, Valid Reward: 0
======================================== Episode: 15/200 ========================================
======================================== Episode: 15, Train Profit: 3288.587, Train Reward: 3.376
======================================== Episode: 15, Valid Profit: 0, Valid Reward: 0
======================================== Episode: 16/200 ========================================
======================================== Episode: 16, Train Profit: 437.14, Train Reward: 0.026
======================================== Episode: 16, Valid Profit: 0, Valid Reward: 0
======================================== Episode: 17/200 ========================================
======================================== Episode: 17, Train Profit: 296.158, Train Reward: 0.125
======================================== Episode: 17, Valid Profit: 0, Valid Reward: 0
======================================== Episode: 18/200 ========================================
======================================== Episode: 18, Train Profit: 3206.319, Train Reward: 3.365
======================================== Episode: 18, Valid Profit: 0, Valid Reward: 0
======================================== Episode: 19/200 ========================================
======================================== Episode: 19, Train Profit: 505.516, Train Reward: 0.427
======================================== Episode: 19, Valid Profit: 0, Valid Reward: 0
======================================== Episode: 20/200 ========================================
======================================== Episode: 20, Train Profit: 339.048, Train Reward: 0.035
======================================== Episode: 20, Valid Profit: 0, Valid Reward: 0
======================================== Episode: 21/200 ========================================
======================================== Episode: 21, Train Profit: 439.806, Train Reward: 0.215
======================================== Episode: 21, Valid Profit: 0, Valid Reward: 0
======================================== Episode: 22/200 ========================================
======================================== Episode: 22, Train Profit: 2012.042, Train Reward: 1.899
======================================== Episode: 22, Valid Profit: 0, Valid Reward: 0
======================================== Episode: 23/200 ========================================
======================================== Episode: 23, Train Profit: 4028.885, Train Reward: 4.198
======================================== Episode: 23, Valid Profit: 0, Valid Reward: 0
======================================== Episode: 24/200 ========================================
======================================== Episode: 24, Train Profit: 449.403, Train Reward: 0.248
======================================== Episode: 24, Valid Profit: 0, Valid Reward: 0
======================================== Episode: 25/200 ========================================
======================================== Episode: 25, Train Profit: 214.117, Train Reward: -0.043
======================================== Episode: 25, Valid Profit: 0, Valid Reward: 0
======================================== Episode: 26/200 ========================================
======================================== Episode: 26, Train Profit: 3628.8, Train Reward: 3.89
======================================== Episode: 26, Valid Profit: 0, Valid Reward: 0
======================================== Episode: 27/200 ========================================
======================================== Episode: 27, Train Profit: 334.431, Train Reward: 0.186
======================================== Episode: 27, Valid Profit: 0, Valid Reward: 0
======================================== Episode: 28/200 ========================================
======================================== Episode: 28, Train Profit: 385.013, Train Reward: 0.272
======================================== Episode: 28, Valid Profit: 0, Valid Reward: 0
======================================== Episode: 29/200 ========================================
======================================== Episode: 29, Train Profit: 276.572, Train Reward: 0.102
======================================== Episode: 29, Valid Profit: 0, Valid Reward: 0
======================================== Episode: 30/200 ========================================
======================================== Episode: 30, Train Profit: 1851.343, Train Reward: 2.015
======================================== Episode: 30, Valid Profit: 0, Valid Reward: 0
======================================== Episode: 31/200 ========================================
======================================== Episode: 31, Train Profit: 3573.687, Train Reward: 3.679
======================================== Episode: 31, Valid Profit: 0, Valid Reward: 0
======================================== Episode: 32/200 ========================================
======================================== Episode: 32, Train Profit: 267.756, Train Reward: 0.094
======================================== Episode: 32, Valid Profit: 0, Valid Reward: 0
======================================== Episode: 33/200 ========================================
======================================== Episode: 33, Train Profit: 611.717, Train Reward: 0.308
======================================== Episode: 33, Valid Profit: 0, Valid Reward: 0
======================================== Episode: 34/200 ========================================
======================================== Episode: 34, Train Profit: 308.304, Train Reward: 0.218
======================================== Episode: 34, Valid Profit: 0, Valid Reward: 0
======================================== Episode: 35/200 ========================================
======================================== Episode: 35, Train Profit: 3293.401, Train Reward: 3.376
======================================== Episode: 35, Valid Profit: 0, Valid Reward: 0
======================================== Episode: 36/200 ========================================
======================================== Episode: 36, Train Profit: 842.628, Train Reward: 0.429
======================================== Episode: 36, Valid Profit: 0, Valid Reward: 0
======================================== Episode: 37/200 ========================================
======================================== Episode: 37, Train Profit: 286.126, Train Reward: 0.206
======================================== Episode: 37, Valid Profit: 0, Valid Reward: 0
======================================== Episode: 38/200 ========================================
======================================== Episode: 38, Train Profit: 258.46, Train Reward: 0.16
======================================== Episode: 38, Valid Profit: 0, Valid Reward: 0
======================================== Episode: 39/200 ========================================
======================================== Episode: 39, Train Profit: 1084.509, Train Reward: 1.026
======================================== Episode: 39, Valid Profit: 0, Valid Reward: 0
======================================== Episode: 40/200 ========================================
======================================== Episode: 40, Train Profit: 4827.858, Train Reward: 5.233
======================================== Episode: 40, Valid Profit: 0, Valid Reward: 0
======================================== Episode: 41/200 ========================================
======================================== Episode: 41, Train Profit: 218.374, Train Reward: -0.004
======================================== Episode: 41, Valid Profit: 0, Valid Reward: 0
======================================== Episode: 42/200 ========================================
======================================== Episode: 42, Train Profit: 265.253, Train Reward: 0.115
======================================== Episode: 42, Valid Profit: 0, Valid Reward: 0
======================================== Episode: 43/200 ========================================
======================================== Episode: 43, Train Profit: 375.083, Train Reward: 0.12
======================================== Episode: 43, Valid Profit: 0, Valid Reward: 0
======================================== Episode: 44/200 ========================================
======================================== Episode: 44, Train Profit: 1419.681, Train Reward: 1.346
======================================== Episode: 44, Valid Profit: 0, Valid Reward: 0
======================================== Episode: 45/200 ========================================
======================================== Episode: 45, Train Profit: 1758.562, Train Reward: 1.69
======================================== Episode: 45, Valid Profit: 0, Valid Reward: 0
======================================== Episode: 46/200 ========================================
======================================== Episode: 46, Train Profit: 468.119, Train Reward: 0.388
======================================== Episode: 46, Valid Profit: 0, Valid Reward: 0
======================================== Episode: 47/200 ========================================
======================================== Episode: 47, Train Profit: 245.085, Train Reward: 0.046
======================================== Episode: 47, Valid Profit: 0, Valid Reward: 0
======================================== Episode: 48/200 ========================================
======================================== Episode: 48, Train Profit: 256.952, Train Reward: -0.075
======================================== Episode: 48, Valid Profit: 0, Valid Reward: 0
======================================== Episode: 49/200 ========================================
======================================== Episode: 49, Train Profit: 258.268, Train Reward: 0.122
======================================== Episode: 49, Valid Profit: 0, Valid Reward: 0
======================================== Episode: 50/200 ========================================
======================================== Episode: 50, Train Profit: 291.976, Train Reward: 0.144
======================================== Episode: 50, Valid Profit: 0, Valid Reward: 0
======================================== Episode: 51/200 ========================================
======================================== Episode: 51, Train Profit: 842.913, Train Reward: 0.646
======================================== Episode: 51, Valid Profit: 0, Valid Reward: 0
======================================== Episode: 52/200 ========================================
======================================== Episode: 52, Train Profit: 3096.866, Train Reward: 3.158
======================================== Episode: 52, Valid Profit: 0, Valid Reward: 0
======================================== Episode: 53/200 ========================================
======================================== Episode: 53, Train Profit: 640.595, Train Reward: 0.366
======================================== Episode: 53, Valid Profit: 0, Valid Reward: 0
======================================== Episode: 54/200 ========================================
======================================== Episode: 54, Train Profit: 211.376, Train Reward: 0.12
======================================== Episode: 54, Valid Profit: 0, Valid Reward: 0
======================================== Episode: 55/200 ========================================
======================================== Episode: 55, Train Profit: 371.066, Train Reward: 0.301
======================================== Episode: 55, Valid Profit: 0, Valid Reward: 0
======================================== Episode: 56/200 ========================================
======================================== Episode: 56, Train Profit: 385.139, Train Reward: 0.265
======================================== Episode: 56, Valid Profit: 0, Valid Reward: 0
======================================== Episode: 57/200 ========================================
======================================== Episode: 57, Train Profit: 211.152, Train Reward: 0.091
======================================== Episode: 57, Valid Profit: 0, Valid Reward: 0
======================================== Episode: 58/200 ========================================
======================================== Episode: 58, Train Profit: 2540.018, Train Reward: 2.673
======================================== Episode: 58, Valid Profit: 0, Valid Reward: 0
======================================== Episode: 59/200 ========================================
======================================== Episode: 59, Train Profit: 326.847, Train Reward: 0.234
======================================== Episode: 59, Valid Profit: 0, Valid Reward: 0
======================================== Episode: 60/200 ========================================
======================================== Episode: 60, Train Profit: 269.006, Train Reward: 0.19
======================================== Episode: 60, Valid Profit: 0, Valid Reward: 0
======================================== Episode: 61/200 ========================================
======================================== Episode: 61, Train Profit: 200.353, Train Reward: 0.037
======================================== Episode: 61, Valid Profit: 0, Valid Reward: 0
======================================== Episode: 62/200 ========================================
======================================== Episode: 62, Train Profit: 185.728, Train Reward: 0.099
======================================== Episode: 62, Valid Profit: 0, Valid Reward: 0
======================================== Episode: 63/200 ========================================
======================================== Episode: 63, Train Profit: 243.538, Train Reward: 0.13
======================================== Episode: 63, Valid Profit: 0, Valid Reward: 0
======================================== Episode: 64/200 ========================================
======================================== Episode: 64, Train Profit: 412.079, Train Reward: 0.355
======================================== Episode: 64, Valid Profit: 0, Valid Reward: 0
======================================== Episode: 65/200 ========================================
======================================== Episode: 65, Train Profit: 410.535, Train Reward: 0.299
======================================== Episode: 65, Valid Profit: 0, Valid Reward: 0
======================================== Episode: 66/200 ========================================
======================================== Episode: 66, Train Profit: 165.859, Train Reward: 0.03
======================================== Episode: 66, Valid Profit: 0, Valid Reward: 0
======================================== Episode: 67/200 ========================================
======================================== Episode: 67, Train Profit: 232.522, Train Reward: 0.165
======================================== Episode: 67, Valid Profit: 0, Valid Reward: 0
======================================== Episode: 68/200 ========================================
======================================== Episode: 68, Train Profit: 200.908, Train Reward: 0.082
======================================== Episode: 68, Valid Profit: 0, Valid Reward: 0
======================================== Episode: 69/200 ========================================
======================================== Episode: 69, Train Profit: 203.926, Train Reward: 0.106
======================================== Episode: 69, Valid Profit: 0, Valid Reward: 0
======================================== Episode: 70/200 ========================================
======================================== Episode: 70, Train Profit: 305.835, Train Reward: 0.21
======================================== Episode: 70, Valid Profit: 0, Valid Reward: 0
======================================== Episode: 71/200 ========================================
======================================== Episode: 71, Train Profit: 254.847, Train Reward: 0.165
======================================== Episode: 71, Valid Profit: 0, Valid Reward: 0
======================================== Episode: 72/200 ========================================
======================================== Episode: 72, Train Profit: 200.574, Train Reward: 0.077
======================================== Episode: 72, Valid Profit: 0, Valid Reward: 0
======================================== Episode: 73/200 ========================================
======================================== Episode: 73, Train Profit: 1241.291, Train Reward: 1.212
======================================== Episode: 73, Valid Profit: 0, Valid Reward: 0
======================================== Episode: 74/200 ========================================
======================================== Episode: 74, Train Profit: 5140.449, Train Reward: 5.791
======================================== Episode: 74, Valid Profit: 0, Valid Reward: 0
======================================== Episode: 75/200 ========================================
======================================== Episode: 75, Train Profit: 128.199, Train Reward: -0.047
======================================== Episode: 75, Valid Profit: 0, Valid Reward: 0
======================================== Episode: 76/200 ========================================
======================================== Episode: 76, Train Profit: 197.826, Train Reward: 0.089
======================================== Episode: 76, Valid Profit: 0, Valid Reward: 0
======================================== Episode: 77/200 ========================================
======================================== Episode: 77, Train Profit: 127.308, Train Reward: 0.035
======================================== Episode: 77, Valid Profit: 0, Valid Reward: 0
======================================== Episode: 78/200 ========================================
======================================== Episode: 78, Train Profit: 157.875, Train Reward: 0.034
======================================== Episode: 78, Valid Profit: 0, Valid Reward: 0
======================================== Episode: 79/200 ========================================
======================================== Episode: 79, Train Profit: 312.135, Train Reward: 0.168
======================================== Episode: 79, Valid Profit: 0, Valid Reward: 0
======================================== Episode: 80/200 ========================================
======================================== Episode: 80, Train Profit: 185.514, Train Reward: -0.014
======================================== Episode: 80, Valid Profit: 0, Valid Reward: 0
======================================== Episode: 81/200 ========================================
======================================== Episode: 81, Train Profit: 147.987, Train Reward: 0.04
======================================== Episode: 81, Valid Profit: 0, Valid Reward: 0
======================================== Episode: 82/200 ========================================
======================================== Episode: 82, Train Profit: 129.243, Train Reward: -0.005
======================================== Episode: 82, Valid Profit: 0, Valid Reward: 0
======================================== Episode: 83/200 ========================================
======================================== Episode: 83, Train Profit: 439.429, Train Reward: 0.347
======================================== Episode: 83, Valid Profit: 0, Valid Reward: 0
======================================== Episode: 84/200 ========================================
======================================== Episode: 84, Train Profit: 742.88, Train Reward: 0.671
======================================== Episode: 84, Valid Profit: 0, Valid Reward: 0
======================================== Episode: 85/200 ========================================
======================================== Episode: 85, Train Profit: 272.109, Train Reward: 0.178
======================================== Episode: 85, Valid Profit: 0, Valid Reward: 0
======================================== Episode: 86/200 ========================================
======================================== Episode: 86, Train Profit: 316.261, Train Reward: 0.237
======================================== Episode: 86, Valid Profit: 0, Valid Reward: 0
======================================== Episode: 87/200 ========================================
======================================== Episode: 87, Train Profit: 181.593, Train Reward: 0.059
======================================== Episode: 87, Valid Profit: 0, Valid Reward: 0
======================================== Episode: 88/200 ========================================
======================================== Episode: 88, Train Profit: 139.931, Train Reward: 0.03
======================================== Episode: 88, Valid Profit: 0, Valid Reward: 0
======================================== Episode: 89/200 ========================================
======================================== Episode: 89, Train Profit: 124.366, Train Reward: 0.005
======================================== Episode: 89, Valid Profit: 0, Valid Reward: 0
======================================== Episode: 90/200 ========================================
======================================== Episode: 90, Train Profit: 126.493, Train Reward: 0.043
======================================== Episode: 90, Valid Profit: 0, Valid Reward: 0
======================================== Episode: 91/200 ========================================
======================================== Episode: 91, Train Profit: 184.201, Train Reward: 0.039
======================================== Episode: 91, Valid Profit: 0, Valid Reward: 0
======================================== Episode: 92/200 ========================================
======================================== Episode: 92, Train Profit: 344.442, Train Reward: 0.107
======================================== Episode: 92, Valid Profit: 0, Valid Reward: 0
======================================== Episode: 93/200 ========================================
======================================== Episode: 93, Train Profit: 334.549, Train Reward: 0.209
======================================== Episode: 93, Valid Profit: 0, Valid Reward: 0
======================================== Episode: 94/200 ========================================
======================================== Episode: 94, Train Profit: 322.365, Train Reward: 0.26
======================================== Episode: 94, Valid Profit: 0, Valid Reward: 0
======================================== Episode: 95/200 ========================================
======================================== Episode: 95, Train Profit: 207.091, Train Reward: 0.069
======================================== Episode: 95, Valid Profit: 0, Valid Reward: 0
======================================== Episode: 96/200 ========================================
======================================== Episode: 96, Train Profit: 154.981, Train Reward: 0.042
======================================== Episode: 96, Valid Profit: 0, Valid Reward: 0
======================================== Episode: 97/200 ========================================
======================================== Episode: 97, Train Profit: 173.77, Train Reward: 0.039
======================================== Episode: 97, Valid Profit: 0, Valid Reward: 0
======================================== Episode: 98/200 ========================================
======================================== Episode: 98, Train Profit: 476.489, Train Reward: 0.337
======================================== Episode: 98, Valid Profit: 0, Valid Reward: 0
======================================== Episode: 99/200 ========================================
======================================== Episode: 99, Train Profit: 1622.458, Train Reward: 1.417
======================================== Episode: 99, Valid Profit: 0, Valid Reward: 0
======================================== Episode: 100/200 ========================================
======================================== Episode: 100, Train Profit: 229.906, Train Reward: 0.117
======================================== Episode: 100, Valid Profit: 0, Valid Reward: 0
======================================== Episode: 101/200 ========================================
======================================== Episode: 101, Train Profit: 142.772, Train Reward: 0.024
======================================== Episode: 101, Valid Profit: 0, Valid Reward: 0
======================================== Episode: 102/200 ========================================
======================================== Episode: 102, Train Profit: 150.305, Train Reward: 0.073
======================================== Episode: 102, Valid Profit: 0, Valid Reward: 0
======================================== Episode: 103/200 ========================================
======================================== Episode: 103, Train Profit: 162.054, Train Reward: 0.073
======================================== Episode: 103, Valid Profit: 0, Valid Reward: 0
======================================== Episode: 104/200 ========================================
======================================== Episode: 104, Train Profit: 98.813, Train Reward: 0.042
======================================== Episode: 104, Valid Profit: 0, Valid Reward: 0
======================================== Episode: 105/200 ========================================
======================================== Episode: 105, Train Profit: 1810.8, Train Reward: 1.973
======================================== Episode: 105, Valid Profit: 0, Valid Reward: 0
======================================== Episode: 106/200 ========================================
======================================== Episode: 106, Train Profit: 6879.905, Train Reward: 7.792
======================================== Episode: 106, Valid Profit: 0, Valid Reward: 0
======================================== Episode: 107/200 ========================================
======================================== Episode: 107, Train Profit: 135.027, Train Reward: 0.013
======================================== Episode: 107, Valid Profit: 0, Valid Reward: 0
======================================== Episode: 108/200 ========================================
======================================== Episode: 108, Train Profit: 124.621, Train Reward: 0.06
======================================== Episode: 108, Valid Profit: 0, Valid Reward: 0
======================================== Episode: 109/200 ========================================
======================================== Episode: 109, Train Profit: 160.476, Train Reward: 0.104
======================================== Episode: 109, Valid Profit: 0, Valid Reward: 0
======================================== Episode: 110/200 ========================================
======================================== Episode: 110, Train Profit: 138.933, Train Reward: 0.085
======================================== Episode: 110, Valid Profit: 0, Valid Reward: 0
======================================== Episode: 111/200 ========================================
======================================== Episode: 111, Train Profit: 109.666, Train Reward: 0.012
======================================== Episode: 111, Valid Profit: 0, Valid Reward: 0
======================================== Episode: 112/200 ========================================
======================================== Episode: 112, Train Profit: 120.899, Train Reward: 0.003
======================================== Episode: 112, Valid Profit: 0, Valid Reward: 0
======================================== Episode: 113/200 ========================================
======================================== Episode: 113, Train Profit: 101.421, Train Reward: 0.012
======================================== Episode: 113, Valid Profit: 0, Valid Reward: 0
======================================== Episode: 114/200 ========================================
======================================== Episode: 114, Train Profit: 524.282, Train Reward: 0.431
======================================== Episode: 114, Valid Profit: 0, Valid Reward: 0
======================================== Episode: 115/200 ========================================
======================================== Episode: 115, Train Profit: 816.287, Train Reward: 0.595
======================================== Episode: 115, Valid Profit: 0, Valid Reward: 0
======================================== Episode: 116/200 ========================================
======================================== Episode: 116, Train Profit: 263.756, Train Reward: 0.129
======================================== Episode: 116, Valid Profit: 0, Valid Reward: 0
======================================== Episode: 117/200 ========================================
======================================== Episode: 117, Train Profit: 145.963, Train Reward: 0.095
======================================== Episode: 117, Valid Profit: 0, Valid Reward: 0
======================================== Episode: 118/200 ========================================
======================================== Episode: 118, Train Profit: 92.072, Train Reward: 0.008
======================================== Episode: 118, Valid Profit: 0, Valid Reward: 0
======================================== Episode: 119/200 ========================================
======================================== Episode: 119, Train Profit: 123.652, Train Reward: 0.059
======================================== Episode: 119, Valid Profit: 0, Valid Reward: 0
======================================== Episode: 120/200 ========================================
======================================== Episode: 120, Train Profit: 115.954, Train Reward: 0.013
======================================== Episode: 120, Valid Profit: 0, Valid Reward: 0
======================================== Episode: 121/200 ========================================
======================================== Episode: 121, Train Profit: 2365.587, Train Reward: 2.639
======================================== Episode: 121, Valid Profit: 0, Valid Reward: 0
======================================== Episode: 122/200 ========================================
======================================== Episode: 122, Train Profit: 1427.206, Train Reward: 1.212
======================================== Episode: 122, Valid Profit: 0, Valid Reward: 0
======================================== Episode: 123/200 ========================================
======================================== Episode: 123, Train Profit: 117.033, Train Reward: 0.068
======================================== Episode: 123, Valid Profit: 0, Valid Reward: 0
======================================== Episode: 124/200 ========================================
======================================== Episode: 124, Train Profit: 102.842, Train Reward: 0.016
======================================== Episode: 124, Valid Profit: 0, Valid Reward: 0
======================================== Episode: 125/200 ========================================
