Config File
{'id': 9, 'trader': 'DQNFixedTargets', 'estimator': 'BaseDuelingEstimator', 'features_used': ['adj_close', 'close_delta', 'rsi_6', 'cci_10', 'atr_13', 'stochrsi_6', 'rsv_6', 'middle_10_trix', 'middle_10_tema', 'vr_6', 'high_5_sma', 'high_5_mstd', 'high_5_mvar'], 'target_used': 'adj_close', 'normalizer': ['percent', 'minmax', 'minmax', 'minmax', 'minmax', 'minmax', 'minmax', 'minmax', 'minmax', 'softmax', 'minmax', 'minmax', 'minmax'], 'optimizer': 'AdamW', 'learning_rate': 0.001, 'criterion': 'MSELoss', 'eps_scheduler': 'EpsilonScheduler', 'epsilon': 1, 'epsilon_final': 0.01, 'epsilon_decay': 0.995, 'action_space': 3, 'window_size': 10, 'batch_size': 128, 'n_episodes': 200, 'replay_size': 1000, 'sync_steps': 1000, 'prob_alpha': 0.6, 'beta_start': 0.4}
======================================== Episode: 1/200 ========================================
======================================== Episode: 1, Train Profit: 2299.266, Train Reward: 2.95
======================================== Episode: 1, Valid Profit: 0, Valid Reward: 0
======================================== Episode: 2/200 ========================================
======================================== Episode: 2, Train Profit: 282.546, Train Reward: 0.763
======================================== Episode: 2, Valid Profit: 0, Valid Reward: 0
======================================== Episode: 3/200 ========================================
======================================== Episode: 3, Train Profit: 111.665, Train Reward: 0.573
======================================== Episode: 3, Valid Profit: 0, Valid Reward: 0
======================================== Episode: 4/200 ========================================
======================================== Episode: 4, Train Profit: 1456.603, Train Reward: 2.073
======================================== Episode: 4, Valid Profit: 0, Valid Reward: 0
======================================== Episode: 5/200 ========================================
======================================== Episode: 5, Train Profit: 1359.942, Train Reward: 1.866
======================================== Episode: 5, Valid Profit: 0, Valid Reward: 0
======================================== Episode: 6/200 ========================================
======================================== Episode: 6, Train Profit: 394.846, Train Reward: 0.767
======================================== Episode: 6, Valid Profit: 0, Valid Reward: 0
======================================== Episode: 7/200 ========================================
======================================== Episode: 7, Train Profit: 491.447, Train Reward: 0.989
======================================== Episode: 7, Valid Profit: 0, Valid Reward: 0
======================================== Episode: 8/200 ========================================
======================================== Episode: 8, Train Profit: 410.862, Train Reward: 1.076
======================================== Episode: 8, Valid Profit: 0, Valid Reward: 0
======================================== Episode: 9/200 ========================================
======================================== Episode: 9, Train Profit: 410.185, Train Reward: 0.876
======================================== Episode: 9, Valid Profit: 0, Valid Reward: 0
======================================== Episode: 10/200 ========================================
======================================== Episode: 10, Train Profit: 379.649, Train Reward: 0.887
======================================== Episode: 10, Valid Profit: 0, Valid Reward: 0
======================================== Episode: 11/200 ========================================
======================================== Episode: 11, Train Profit: 1187.492, Train Reward: 1.77
======================================== Episode: 11, Valid Profit: 0, Valid Reward: 0
======================================== Episode: 12/200 ========================================
======================================== Episode: 12, Train Profit: 462.521, Train Reward: 0.911
======================================== Episode: 12, Valid Profit: 0, Valid Reward: 0
======================================== Episode: 13/200 ========================================
======================================== Episode: 13, Train Profit: 164.435, Train Reward: 0.375
======================================== Episode: 13, Valid Profit: 0, Valid Reward: 0
======================================== Episode: 14/200 ========================================
======================================== Episode: 14, Train Profit: 469.634, Train Reward: 0.799
======================================== Episode: 14, Valid Profit: 0, Valid Reward: 0
======================================== Episode: 15/200 ========================================
======================================== Episode: 15, Train Profit: 2132.8, Train Reward: 2.797
======================================== Episode: 15, Valid Profit: 0, Valid Reward: 0
======================================== Episode: 16/200 ========================================
======================================== Episode: 16, Train Profit: 22.625, Train Reward: 0.497
======================================== Episode: 16, Valid Profit: 0, Valid Reward: 0
======================================== Episode: 17/200 ========================================
======================================== Episode: 17, Train Profit: 110.061, Train Reward: 0.337
======================================== Episode: 17, Valid Profit: 0, Valid Reward: 0
======================================== Episode: 18/200 ========================================
======================================== Episode: 18, Train Profit: 2961.029, Train Reward: 3.644
======================================== Episode: 18, Valid Profit: 0, Valid Reward: 0
======================================== Episode: 19/200 ========================================
======================================== Episode: 19, Train Profit: 375.823, Train Reward: 0.574
======================================== Episode: 19, Valid Profit: 0, Valid Reward: 0
======================================== Episode: 20/200 ========================================
======================================== Episode: 20, Train Profit: 30.47, Train Reward: 0.385
======================================== Episode: 20, Valid Profit: 0, Valid Reward: 0
======================================== Episode: 21/200 ========================================
======================================== Episode: 21, Train Profit: 188.86, Train Reward: 0.5
======================================== Episode: 21, Valid Profit: 0, Valid Reward: 0
======================================== Episode: 22/200 ========================================
======================================== Episode: 22, Train Profit: 1882.17, Train Reward: 2.454
======================================== Episode: 22, Valid Profit: 0, Valid Reward: 0
======================================== Episode: 23/200 ========================================
======================================== Episode: 23, Train Profit: 3694.466, Train Reward: 4.578
======================================== Episode: 23, Valid Profit: 0, Valid Reward: 0
======================================== Episode: 24/200 ========================================
======================================== Episode: 24, Train Profit: 218.566, Train Reward: 0.511
======================================== Episode: 24, Valid Profit: 0, Valid Reward: 0
======================================== Episode: 25/200 ========================================
======================================== Episode: 25, Train Profit: -37.921, Train Reward: 0.243
======================================== Episode: 25, Valid Profit: 0, Valid Reward: 0
======================================== Episode: 26/200 ========================================
======================================== Episode: 26, Train Profit: 3423.116, Train Reward: 4.124
======================================== Episode: 26, Valid Profit: 0, Valid Reward: 0
======================================== Episode: 27/200 ========================================
======================================== Episode: 27, Train Profit: 164.02, Train Reward: 0.38
======================================== Episode: 27, Valid Profit: 0, Valid Reward: 0
======================================== Episode: 28/200 ========================================
======================================== Episode: 28, Train Profit: 239.377, Train Reward: 0.438
======================================== Episode: 28, Valid Profit: 0, Valid Reward: 0
======================================== Episode: 29/200 ========================================
======================================== Episode: 29, Train Profit: 89.895, Train Reward: 0.314
======================================== Episode: 29, Valid Profit: 0, Valid Reward: 0
======================================== Episode: 30/200 ========================================
======================================== Episode: 30, Train Profit: 1772.921, Train Reward: 2.104
======================================== Episode: 30, Valid Profit: 0, Valid Reward: 0
======================================== Episode: 31/200 ========================================
======================================== Episode: 31, Train Profit: 3237.206, Train Reward: 4.061
======================================== Episode: 31, Valid Profit: 0, Valid Reward: 0
======================================== Episode: 32/200 ========================================
======================================== Episode: 32, Train Profit: 82.707, Train Reward: 0.304
======================================== Episode: 32, Valid Profit: 0, Valid Reward: 0
======================================== Episode: 33/200 ========================================
======================================== Episode: 33, Train Profit: 270.897, Train Reward: 0.695
======================================== Episode: 33, Valid Profit: 0, Valid Reward: 0
======================================== Episode: 34/200 ========================================
======================================== Episode: 34, Train Profit: 191.548, Train Reward: 0.35
======================================== Episode: 34, Valid Profit: 0, Valid Reward: 0
======================================== Episode: 35/200 ========================================
======================================== Episode: 35, Train Profit: 2970.842, Train Reward: 3.743
======================================== Episode: 35, Valid Profit: 0, Valid Reward: 0
======================================== Episode: 36/200 ========================================
======================================== Episode: 36, Train Profit: 377.233, Train Reward: 0.958
======================================== Episode: 36, Valid Profit: 0, Valid Reward: 0
======================================== Episode: 37/200 ========================================
======================================== Episode: 37, Train Profit: 181.36, Train Reward: 0.325
======================================== Episode: 37, Valid Profit: 0, Valid Reward: 0
======================================== Episode: 38/200 ========================================
======================================== Episode: 38, Train Profit: 140.772, Train Reward: 0.294
======================================== Episode: 38, Valid Profit: 0, Valid Reward: 0
======================================== Episode: 39/200 ========================================
======================================== Episode: 39, Train Profit: 902.546, Train Reward: 1.232
======================================== Episode: 39, Valid Profit: 0, Valid Reward: 0
======================================== Episode: 40/200 ========================================
======================================== Episode: 40, Train Profit: 4605.37, Train Reward: 5.486
======================================== Episode: 40, Valid Profit: 0, Valid Reward: 0
======================================== Episode: 41/200 ========================================
======================================== Episode: 41, Train Profit: -3.182, Train Reward: 0.248
======================================== Episode: 41, Valid Profit: 0, Valid Reward: 0
======================================== Episode: 42/200 ========================================
======================================== Episode: 42, Train Profit: 101.192, Train Reward: 0.301
======================================== Episode: 42, Valid Profit: 0, Valid Reward: 0
======================================== Episode: 43/200 ========================================
======================================== Episode: 43, Train Profit: 105.264, Train Reward: 0.426
======================================== Episode: 43, Valid Profit: 0, Valid Reward: 0
======================================== Episode: 44/200 ========================================
======================================== Episode: 44, Train Profit: 1184.058, Train Reward: 1.613
======================================== Episode: 44, Valid Profit: 0, Valid Reward: 0
======================================== Episode: 45/200 ========================================
======================================== Episode: 45, Train Profit: 1486.781, Train Reward: 1.998
======================================== Episode: 45, Valid Profit: 0, Valid Reward: 0
======================================== Episode: 46/200 ========================================
======================================== Episode: 46, Train Profit: 341.706, Train Reward: 0.532
======================================== Episode: 46, Valid Profit: 0, Valid Reward: 0
======================================== Episode: 47/200 ========================================
======================================== Episode: 47, Train Profit: 40.567, Train Reward: 0.279
======================================== Episode: 47, Valid Profit: 0, Valid Reward: 0
======================================== Episode: 48/200 ========================================
======================================== Episode: 48, Train Profit: -65.993, Train Reward: 0.292
======================================== Episode: 48, Valid Profit: 0, Valid Reward: 0
======================================== Episode: 49/200 ========================================
======================================== Episode: 49, Train Profit: 180.999, Train Reward: 0.381
======================================== Episode: 49, Valid Profit: 0, Valid Reward: 0
======================================== Episode: 50/200 ========================================
======================================== Episode: 50, Train Profit: 715.381, Train Reward: 1.217
======================================== Episode: 50, Valid Profit: 0, Valid Reward: 0
======================================== Episode: 51/200 ========================================
======================================== Episode: 51, Train Profit: 220.16, Train Reward: 0.488
======================================== Episode: 51, Valid Profit: 0, Valid Reward: 0
======================================== Episode: 52/200 ========================================
======================================== Episode: 52, Train Profit: 112.264, Train Reward: 0.27
======================================== Episode: 52, Valid Profit: 0, Valid Reward: 0
======================================== Episode: 53/200 ========================================
======================================== Episode: 53, Train Profit: -19.417, Train Reward: 0.187
======================================== Episode: 53, Valid Profit: 0, Valid Reward: 0
======================================== Episode: 54/200 ========================================
======================================== Episode: 54, Train Profit: 105.253, Train Reward: 0.24
======================================== Episode: 54, Valid Profit: 0, Valid Reward: 0
======================================== Episode: 55/200 ========================================
======================================== Episode: 55, Train Profit: 265.24, Train Reward: 0.422
======================================== Episode: 55, Valid Profit: 0, Valid Reward: 0
======================================== Episode: 56/200 ========================================
======================================== Episode: 56, Train Profit: 435.285, Train Reward: 0.658
======================================== Episode: 56, Valid Profit: 0, Valid Reward: 0
======================================== Episode: 57/200 ========================================
======================================== Episode: 57, Train Profit: 45.864, Train Reward: 0.211
======================================== Episode: 57, Valid Profit: 0, Valid Reward: 0
======================================== Episode: 58/200 ========================================
======================================== Episode: 58, Train Profit: 2.235, Train Reward: 0.359
======================================== Episode: 58, Valid Profit: 0, Valid Reward: 0
======================================== Episode: 59/200 ========================================
======================================== Episode: 59, Train Profit: 206.333, Train Reward: 0.371
======================================== Episode: 59, Valid Profit: 0, Valid Reward: 0
======================================== Episode: 60/200 ========================================
======================================== Episode: 60, Train Profit: 167.277, Train Reward: 0.306
======================================== Episode: 60, Valid Profit: 0, Valid Reward: 0
======================================== Episode: 61/200 ========================================
======================================== Episode: 61, Train Profit: 32.211, Train Reward: 0.228
======================================== Episode: 61, Valid Profit: 0, Valid Reward: 0
======================================== Episode: 62/200 ========================================
======================================== Episode: 62, Train Profit: 87.508, Train Reward: 0.211
======================================== Episode: 62, Valid Profit: 0, Valid Reward: 0
======================================== Episode: 63/200 ========================================
======================================== Episode: 63, Train Profit: 114.202, Train Reward: 0.277
======================================== Episode: 63, Valid Profit: 0, Valid Reward: 0
======================================== Episode: 64/200 ========================================
======================================== Episode: 64, Train Profit: 164.932, Train Reward: 0.305
======================================== Episode: 64, Valid Profit: 0, Valid Reward: 0
======================================== Episode: 65/200 ========================================
======================================== Episode: 65, Train Profit: 335.991, Train Reward: 0.524
======================================== Episode: 65, Valid Profit: 0, Valid Reward: 0
======================================== Episode: 66/200 ========================================
======================================== Episode: 66, Train Profit: 10.026, Train Reward: 0.161
======================================== Episode: 66, Valid Profit: 0, Valid Reward: 0
======================================== Episode: 67/200 ========================================
======================================== Episode: 67, Train Profit: 143.311, Train Reward: 0.263
======================================== Episode: 67, Valid Profit: 0, Valid Reward: 0
======================================== Episode: 68/200 ========================================
======================================== Episode: 68, Train Profit: 70.707, Train Reward: 0.226
======================================== Episode: 68, Valid Profit: 0, Valid Reward: 0
======================================== Episode: 69/200 ========================================
======================================== Episode: 69, Train Profit: 84.336, Train Reward: 0.225
======================================== Episode: 69, Valid Profit: 0, Valid Reward: 0
======================================== Episode: 70/200 ========================================
======================================== Episode: 70, Train Profit: 3807.933, Train Reward: 4.597
======================================== Episode: 70, Valid Profit: 0, Valid Reward: 0
======================================== Episode: 71/200 ========================================
======================================== Episode: 71, Train Profit: 2280.197, Train Reward: 2.907
======================================== Episode: 71, Valid Profit: 0, Valid Reward: 0
======================================== Episode: 72/200 ========================================
======================================== Episode: 72, Train Profit: 35.981, Train Reward: 0.176
======================================== Episode: 72, Valid Profit: 0, Valid Reward: 0
======================================== Episode: 73/200 ========================================
======================================== Episode: 73, Train Profit: 94.98, Train Reward: 0.281
======================================== Episode: 73, Valid Profit: 0, Valid Reward: 0
======================================== Episode: 74/200 ========================================
======================================== Episode: 74, Train Profit: 167.739, Train Reward: 0.305
======================================== Episode: 74, Valid Profit: 0, Valid Reward: 0
======================================== Episode: 75/200 ========================================
======================================== Episode: 75, Train Profit: -41.543, Train Reward: 0.146
======================================== Episode: 75, Valid Profit: 0, Valid Reward: 0
======================================== Episode: 76/200 ========================================
======================================== Episode: 76, Train Profit: 2683.674, Train Reward: 3.129
======================================== Episode: 76, Valid Profit: 0, Valid Reward: 0
======================================== Episode: 77/200 ========================================
======================================== Episode: 77, Train Profit: 171.49, Train Reward: 0.325
======================================== Episode: 77, Valid Profit: 0, Valid Reward: 0
======================================== Episode: 78/200 ========================================
======================================== Episode: 78, Train Profit: 29.508, Train Reward: 0.179
======================================== Episode: 78, Valid Profit: 0, Valid Reward: 0
======================================== Episode: 79/200 ========================================
======================================== Episode: 79, Train Profit: 147.569, Train Reward: 0.355
======================================== Episode: 79, Valid Profit: 0, Valid Reward: 0
======================================== Episode: 80/200 ========================================
======================================== Episode: 80, Train Profit: -12.441, Train Reward: 0.211
======================================== Episode: 80, Valid Profit: 0, Valid Reward: 0
======================================== Episode: 81/200 ========================================
======================================== Episode: 81, Train Profit: 870.919, Train Reward: 1.086
======================================== Episode: 81, Valid Profit: 0, Valid Reward: 0
======================================== Episode: 82/200 ========================================
======================================== Episode: 82, Train Profit: 5490.165, Train Reward: 6.279
======================================== Episode: 82, Valid Profit: 0, Valid Reward: 0
======================================== Episode: 83/200 ========================================
======================================== Episode: 83, Train Profit: 43.163, Train Reward: 0.191
======================================== Episode: 83, Valid Profit: 0, Valid Reward: 0
======================================== Episode: 84/200 ========================================
======================================== Episode: 84, Train Profit: 15.016, Train Reward: 0.143
======================================== Episode: 84, Valid Profit: 0, Valid Reward: 0
======================================== Episode: 85/200 ========================================
======================================== Episode: 85, Train Profit: 44.149, Train Reward: 0.172
======================================== Episode: 85, Valid Profit: 0, Valid Reward: 0
======================================== Episode: 86/200 ========================================
======================================== Episode: 86, Train Profit: 90.79, Train Reward: 0.213
======================================== Episode: 86, Valid Profit: 0, Valid Reward: 0
======================================== Episode: 87/200 ========================================
======================================== Episode: 87, Train Profit: 51.937, Train Reward: 0.206
======================================== Episode: 87, Valid Profit: 0, Valid Reward: 0
======================================== Episode: 88/200 ========================================
======================================== Episode: 88, Train Profit: 2593.723, Train Reward: 3.032
======================================== Episode: 88, Valid Profit: 0, Valid Reward: 0
======================================== Episode: 89/200 ========================================
======================================== Episode: 89, Train Profit: 6341.433, Train Reward: 7.257
======================================== Episode: 89, Valid Profit: 0, Valid Reward: 0
======================================== Episode: 90/200 ========================================
======================================== Episode: 90, Train Profit: 37.803, Train Reward: 0.144
======================================== Episode: 90, Valid Profit: 0, Valid Reward: 0
======================================== Episode: 91/200 ========================================
======================================== Episode: 91, Train Profit: 13.497, Train Reward: 0.186
======================================== Episode: 91, Valid Profit: 0, Valid Reward: 0
======================================== Episode: 92/200 ========================================
======================================== Episode: 92, Train Profit: 66.462, Train Reward: 0.191
======================================== Episode: 92, Valid Profit: 0, Valid Reward: 0
======================================== Episode: 93/200 ========================================
======================================== Episode: 93, Train Profit: 38.422, Train Reward: 0.176
======================================== Episode: 93, Valid Profit: 0, Valid Reward: 0
======================================== Episode: 94/200 ========================================
======================================== Episode: 94, Train Profit: 2898.128, Train Reward: 3.513
======================================== Episode: 94, Valid Profit: 0, Valid Reward: 0
======================================== Episode: 95/200 ========================================
======================================== Episode: 95, Train Profit: 657.834, Train Reward: 1.154
======================================== Episode: 95, Valid Profit: 0, Valid Reward: 0
======================================== Episode: 96/200 ========================================
======================================== Episode: 96, Train Profit: 14.846, Train Reward: 0.141
======================================== Episode: 96, Valid Profit: 0, Valid Reward: 0
======================================== Episode: 97/200 ========================================
======================================== Episode: 97, Train Profit: -14.965, Train Reward: 0.13
======================================== Episode: 97, Valid Profit: 0, Valid Reward: 0
======================================== Episode: 98/200 ========================================
======================================== Episode: 98, Train Profit: 19.38, Train Reward: 0.134
======================================== Episode: 98, Valid Profit: 0, Valid Reward: 0
======================================== Episode: 99/200 ========================================
======================================== Episode: 99, Train Profit: 265.444, Train Reward: 0.421
======================================== Episode: 99, Valid Profit: 0, Valid Reward: 0
======================================== Episode: 100/200 ========================================
======================================== Episode: 100, Train Profit: 3030.758, Train Reward: 3.486
======================================== Episode: 100, Valid Profit: 0, Valid Reward: 0
======================================== Episode: 101/200 ========================================
======================================== Episode: 101, Train Profit: 20.959, Train Reward: 0.162
======================================== Episode: 101, Valid Profit: 0, Valid Reward: 0
======================================== Episode: 102/200 ========================================
======================================== Episode: 102, Train Profit: 64.637, Train Reward: 0.171
======================================== Episode: 102, Valid Profit: 0, Valid Reward: 0
======================================== Episode: 103/200 ========================================
======================================== Episode: 103, Train Profit: 64.426, Train Reward: 0.184
======================================== Episode: 103, Valid Profit: 0, Valid Reward: 0
======================================== Episode: 104/200 ========================================
======================================== Episode: 104, Train Profit: 37.116, Train Reward: 0.113
======================================== Episode: 104, Valid Profit: 0, Valid Reward: 0
======================================== Episode: 105/200 ========================================
======================================== Episode: 105, Train Profit: 1745.818, Train Reward: 2.053
======================================== Episode: 105, Valid Profit: 0, Valid Reward: 0
======================================== Episode: 106/200 ========================================
======================================== Episode: 106, Train Profit: 6856.994, Train Reward: 7.818
======================================== Episode: 106, Valid Profit: 0, Valid Reward: 0
======================================== Episode: 107/200 ========================================
======================================== Episode: 107, Train Profit: 11.58, Train Reward: 0.153
======================================== Episode: 107, Valid Profit: 0, Valid Reward: 0
======================================== Episode: 108/200 ========================================
======================================== Episode: 108, Train Profit: 53.045, Train Reward: 0.142
======================================== Episode: 108, Valid Profit: 0, Valid Reward: 0
======================================== Episode: 109/200 ========================================
======================================== Episode: 109, Train Profit: 91.522, Train Reward: 0.182
======================================== Episode: 109, Valid Profit: 0, Valid Reward: 0
======================================== Episode: 110/200 ========================================
======================================== Episode: 110, Train Profit: 75.178, Train Reward: 0.158
======================================== Episode: 110, Valid Profit: 0, Valid Reward: 0
======================================== Episode: 111/200 ========================================
======================================== Episode: 111, Train Profit: 2416.99, Train Reward: 2.835
======================================== Episode: 111, Valid Profit: 0, Valid Reward: 0
======================================== Episode: 112/200 ========================================
======================================== Episode: 112, Train Profit: 2350.629, Train Reward: 2.923
======================================== Episode: 112, Valid Profit: 0, Valid Reward: 0
======================================== Episode: 113/200 ========================================
======================================== Episode: 113, Train Profit: 11.585, Train Reward: 0.116
======================================== Episode: 113, Valid Profit: 0, Valid Reward: 0
======================================== Episode: 114/200 ========================================
======================================== Episode: 114, Train Profit: -8.448, Train Reward: 0.146
======================================== Episode: 114, Valid Profit: 0, Valid Reward: 0
======================================== Episode: 115/200 ========================================
======================================== Episode: 115, Train Profit: 17.158, Train Reward: 0.097
======================================== Episode: 115, Valid Profit: 0, Valid Reward: 0
======================================== Episode: 116/200 ========================================
======================================== Episode: 116, Train Profit: 40.304, Train Reward: 0.169
======================================== Episode: 116, Valid Profit: 0, Valid Reward: 0
======================================== Episode: 117/200 ========================================
======================================== Episode: 117, Train Profit: 976.354, Train Reward: 1.412
======================================== Episode: 117, Valid Profit: 0, Valid Reward: 0
======================================== Episode: 118/200 ========================================
======================================== Episode: 118, Train Profit: 4055.737, Train Reward: 4.651
======================================== Episode: 118, Valid Profit: 0, Valid Reward: 0
======================================== Episode: 119/200 ========================================
======================================== Episode: 119, Train Profit: 360.452, Train Reward: 0.501
======================================== Episode: 119, Valid Profit: 0, Valid Reward: 0
======================================== Episode: 120/200 ========================================
======================================== Episode: 120, Train Profit: 11.467, Train Reward: 0.132
======================================== Episode: 120, Valid Profit: 0, Valid Reward: 0
======================================== Episode: 121/200 ========================================
======================================== Episode: 121, Train Profit: -56.34, Train Reward: 0.075
======================================== Episode: 121, Valid Profit: 0, Valid Reward: 0
======================================== Episode: 122/200 ========================================
======================================== Episode: 122, Train Profit: 35.902, Train Reward: 0.134
======================================== Episode: 122, Valid Profit: 0, Valid Reward: 0
======================================== Episode: 123/200 ========================================
======================================== Episode: 123, Train Profit: 697.277, Train Reward: 0.871
======================================== Episode: 123, Valid Profit: 0, Valid Reward: 0
======================================== Episode: 124/200 ========================================
======================================== Episode: 124, Train Profit: 5054.428, Train Reward: 5.791
======================================== Episode: 124, Valid Profit: 0, Valid Reward: 0
======================================== Episode: 125/200 ========================================
======================================== Episode: 125, Train Profit: 160.794, Train Reward: 0.271
======================================== Episode: 125, Valid Profit: 0, Valid Reward: 0
======================================== Episode: 126/200 ========================================
======================================== Episode: 126, Train Profit: 33.134, Train Reward: 0.122
======================================== Episode: 126, Valid Profit: 0, Valid Reward: 0
======================================== Episode: 127/200 ========================================
======================================== Episode: 127, Train Profit: -6.013, Train Reward: 0.077
======================================== Episode: 127, Valid Profit: 0, Valid Reward: 0
======================================== Episode: 128/200 ========================================
======================================== Episode: 128, Train Profit: -62.644, Train Reward: 0.076
======================================== Episode: 128, Valid Profit: 0, Valid Reward: 0
======================================== Episode: 129/200 ========================================
======================================== Episode: 129, Train Profit: 511.24, Train Reward: 0.659
======================================== Episode: 129, Valid Profit: 0, Valid Reward: 0
======================================== Episode: 130/200 ========================================
======================================== Episode: 130, Train Profit: 2827.313, Train Reward: 3.243
======================================== Episode: 130, Valid Profit: 0, Valid Reward: 0
======================================== Episode: 131/200 ========================================
======================================== Episode: 131, Train Profit: 165.555, Train Reward: 0.359
======================================== Episode: 131, Valid Profit: 0, Valid Reward: 0
======================================== Episode: 132/200 ========================================
======================================== Episode: 132, Train Profit: 28.031, Train Reward: 0.112
======================================== Episode: 132, Valid Profit: 0, Valid Reward: 0
======================================== Episode: 133/200 ========================================
======================================== Episode: 133, Train Profit: -51.445, Train Reward: 0.092
======================================== Episode: 133, Valid Profit: 0, Valid Reward: 0
======================================== Episode: 134/200 ========================================
======================================== Episode: 134, Train Profit: 31.509, Train Reward: 0.115
======================================== Episode: 134, Valid Profit: 0, Valid Reward: 0
======================================== Episode: 135/200 ========================================
======================================== Episode: 135, Train Profit: 12.349, Train Reward: 0.126
======================================== Episode: 135, Valid Profit: 0, Valid Reward: 0
======================================== Episode: 136/200 ========================================
======================================== Episode: 136, Train Profit: 5949.511, Train Reward: 6.946
======================================== Episode: 136, Valid Profit: 0, Valid Reward: 0
======================================== Episode: 137/200 ========================================
======================================== Episode: 137, Train Profit: 1684.196, Train Reward: 2.099
======================================== Episode: 137, Valid Profit: 0, Valid Reward: 0
======================================== Episode: 138/200 ========================================
======================================== Episode: 138, Train Profit: 26.299, Train Reward: 0.123
======================================== Episode: 138, Valid Profit: 0, Valid Reward: 0
======================================== Episode: 139/200 ========================================
======================================== Episode: 139, Train Profit: 25.254, Train Reward: 0.135
======================================== Episode: 139, Valid Profit: 0, Valid Reward: 0
======================================== Episode: 140/200 ========================================
======================================== Episode: 140, Train Profit: 13.517, Train Reward: 0.141
======================================== Episode: 140, Valid Profit: 0, Valid Reward: 0
======================================== Episode: 141/200 ========================================
======================================== Episode: 141, Train Profit: 199.14, Train Reward: 0.276
======================================== Episode: 141, Valid Profit: 1901.702, Valid Reward: 1901.702
======================================== Episode: 142/200 ========================================
======================================== Episode: 142, Train Profit: 2294.968, Train Reward: 2.634
======================================== Episode: 142, Valid Profit: 1901.702, Valid Reward: 1901.702
======================================== Episode: 143/200 ========================================
======================================== Episode: 143, Train Profit: 151.521, Train Reward: 0.273
======================================== Episode: 143, Valid Profit: 0, Valid Reward: 0
======================================== Episode: 144/200 ========================================
======================================== Episode: 144, Train Profit: 48.162, Train Reward: 0.123
======================================== Episode: 144, Valid Profit: 0, Valid Reward: 0
======================================== Episode: 145/200 ========================================
======================================== Episode: 145, Train Profit: 25.728, Train Reward: 0.123
======================================== Episode: 145, Valid Profit: 0, Valid Reward: 0
======================================== Episode: 146/200 ========================================
======================================== Episode: 146, Train Profit: -8.332, Train Reward: 0.094
======================================== Episode: 146, Valid Profit: 0, Valid Reward: 0
======================================== Episode: 147/200 ========================================
======================================== Episode: 147, Train Profit: 9.382, Train Reward: 0.071
======================================== Episode: 147, Valid Profit: 0, Valid Reward: 0
======================================== Episode: 148/200 ========================================
======================================== Episode: 148, Train Profit: 2133.456, Train Reward: 2.498
======================================== Episode: 148, Valid Profit: 0, Valid Reward: 0
======================================== Episode: 149/200 ========================================
======================================== Episode: 149, Train Profit: 5534.284, Train Reward: 6.335
======================================== Episode: 149, Valid Profit: 0, Valid Reward: 0
======================================== Episode: 150/200 ========================================
======================================== Episode: 150, Train Profit: 30.013, Train Reward: 0.104
======================================== Episode: 150, Valid Profit: 0, Valid Reward: 0
======================================== Episode: 151/200 ========================================
======================================== Episode: 151, Train Profit: 33.921, Train Reward: 0.111
======================================== Episode: 151, Valid Profit: 0, Valid Reward: 0
======================================== Episode: 152/200 ========================================
======================================== Episode: 152, Train Profit: 20.002, Train Reward: 0.117
======================================== Episode: 152, Valid Profit: 0, Valid Reward: 0
======================================== Episode: 153/200 ========================================
======================================== Episode: 153, Train Profit: -5.475, Train Reward: 0.089
======================================== Episode: 153, Valid Profit: 0, Valid Reward: 0
======================================== Episode: 154/200 ========================================
======================================== Episode: 154, Train Profit: 26.985, Train Reward: 0.088
======================================== Episode: 154, Valid Profit: 0, Valid Reward: 0
======================================== Episode: 155/200 ========================================
======================================== Episode: 155, Train Profit: 1840.229, Train Reward: 2.153
======================================== Episode: 155, Valid Profit: 0, Valid Reward: 0
======================================== Episode: 156/200 ========================================
======================================== Episode: 156, Train Profit: 7189.516, Train Reward: 8.185
======================================== Episode: 156, Valid Profit: 0, Valid Reward: 0
======================================== Episode: 157/200 ========================================
======================================== Episode: 157, Train Profit: 44.226, Train Reward: 0.138
======================================== Episode: 157, Valid Profit: 0, Valid Reward: 0
======================================== Episode: 158/200 ========================================
======================================== Episode: 158, Train Profit: 32.176, Train Reward: 0.107
======================================== Episode: 158, Valid Profit: 0, Valid Reward: 0
======================================== Episode: 159/200 ========================================
======================================== Episode: 159, Train Profit: 22.849, Train Reward: 0.115
======================================== Episode: 159, Valid Profit: 0, Valid Reward: 0
======================================== Episode: 160/200 ========================================
======================================== Episode: 160, Train Profit: 8.199, Train Reward: 0.103
======================================== Episode: 160, Valid Profit: 0, Valid Reward: 0
======================================== Episode: 161/200 ========================================
======================================== Episode: 161, Train Profit: 228.528, Train Reward: 0.407
======================================== Episode: 161, Valid Profit: 0, Valid Reward: 0
======================================== Episode: 162/200 ========================================
======================================== Episode: 162, Train Profit: 1816.738, Train Reward: 2.449
======================================== Episode: 162, Valid Profit: 0, Valid Reward: 0
======================================== Episode: 163/200 ========================================
======================================== Episode: 163, Train Profit: 5491.385, Train Reward: 6.313
======================================== Episode: 163, Valid Profit: 0, Valid Reward: 0
======================================== Episode: 164/200 ========================================
======================================== Episode: 164, Train Profit: 45.999, Train Reward: 0.11
======================================== Episode: 164, Valid Profit: 0, Valid Reward: 0
======================================== Episode: 165/200 ========================================
======================================== Episode: 165, Train Profit: 41.496, Train Reward: 0.118
======================================== Episode: 165, Valid Profit: 0, Valid Reward: 0
======================================== Episode: 166/200 ========================================
======================================== Episode: 166, Train Profit: 0.627, Train Reward: 0.094
======================================== Episode: 166, Valid Profit: 0, Valid Reward: 0
======================================== Episode: 167/200 ========================================
======================================== Episode: 167, Train Profit: 3.517, Train Reward: 0.079
======================================== Episode: 167, Valid Profit: 0, Valid Reward: 0
======================================== Episode: 168/200 ========================================
======================================== Episode: 168, Train Profit: 131.949, Train Reward: 0.303
======================================== Episode: 168, Valid Profit: 0, Valid Reward: 0
======================================== Episode: 169/200 ========================================
======================================== Episode: 169, Train Profit: 1915.974, Train Reward: 2.221
======================================== Episode: 169, Valid Profit: 0, Valid Reward: 0
======================================== Episode: 170/200 ========================================
======================================== Episode: 170, Train Profit: 1220.53, Train Reward: 1.625
======================================== Episode: 170, Valid Profit: 0, Valid Reward: 0
======================================== Episode: 171/200 ========================================
======================================== Episode: 171, Train Profit: 12.223, Train Reward: 0.064
======================================== Episode: 171, Valid Profit: 0, Valid Reward: 0
======================================== Episode: 172/200 ========================================
======================================== Episode: 172, Train Profit: -30.997, Train Reward: 0.102
======================================== Episode: 172, Valid Profit: 0, Valid Reward: 0
======================================== Episode: 173/200 ========================================
======================================== Episode: 173, Train Profit: -2.734, Train Reward: 0.07
======================================== Episode: 173, Valid Profit: 0, Valid Reward: 0
======================================== Episode: 174/200 ========================================
======================================== Episode: 174, Train Profit: 5.575, Train Reward: 0.086
======================================== Episode: 174, Valid Profit: 0, Valid Reward: 0
======================================== Episode: 175/200 ========================================
======================================== Episode: 175, Train Profit: 176.002, Train Reward: 0.321
======================================== Episode: 175, Valid Profit: 0, Valid Reward: 0
======================================== Episode: 176/200 ========================================
======================================== Episode: 176, Train Profit: 6355.764, Train Reward: 7.237
======================================== Episode: 176, Valid Profit: 0, Valid Reward: 0
======================================== Episode: 177/200 ========================================
======================================== Episode: 177, Train Profit: 381.196, Train Reward: 0.501
======================================== Episode: 177, Valid Profit: 0, Valid Reward: 0
======================================== Episode: 178/200 ========================================
======================================== Episode: 178, Train Profit: 11.983, Train Reward: 0.092
======================================== Episode: 178, Valid Profit: 0, Valid Reward: 0
======================================== Episode: 179/200 ========================================
======================================== Episode: 179, Train Profit: 42.454, Train Reward: 0.128
======================================== Episode: 179, Valid Profit: 0, Valid Reward: 0
======================================== Episode: 180/200 ========================================
======================================== Episode: 180, Train Profit: 16.593, Train Reward: 0.087
======================================== Episode: 180, Valid Profit: 0, Valid Reward: 0
======================================== Episode: 181/200 ========================================
======================================== Episode: 181, Train Profit: 28.832, Train Reward: 0.104
======================================== Episode: 181, Valid Profit: 0, Valid Reward: 0
======================================== Episode: 182/200 ========================================
======================================== Episode: 182, Train Profit: 2115.444, Train Reward: 2.484
======================================== Episode: 182, Valid Profit: 0, Valid Reward: 0
======================================== Episode: 183/200 ========================================
======================================== Episode: 183, Train Profit: 5482.482, Train Reward: 6.251
======================================== Episode: 183, Valid Profit: 0, Valid Reward: 0
======================================== Episode: 184/200 ========================================
======================================== Episode: 184, Train Profit: -8.566, Train Reward: 0.094
======================================== Episode: 184, Valid Profit: 0, Valid Reward: 0
======================================== Episode: 185/200 ========================================
======================================== Episode: 185, Train Profit: 20.911, Train Reward: 0.089
======================================== Episode: 185, Valid Profit: 0, Valid Reward: 0
======================================== Episode: 186/200 ========================================
======================================== Episode: 186, Train Profit: 7.069, Train Reward: 0.075
======================================== Episode: 186, Valid Profit: 0, Valid Reward: 0
======================================== Episode: 187/200 ========================================
======================================== Episode: 187, Train Profit: 7.221, Train Reward: 0.064
======================================== Episode: 187, Valid Profit: 0, Valid Reward: 0
======================================== Episode: 188/200 ========================================
======================================== Episode: 188, Train Profit: 25.921, Train Reward: 0.077
======================================== Episode: 188, Valid Profit: 0, Valid Reward: 0
======================================== Episode: 189/200 ========================================
======================================== Episode: 189, Train Profit: 572.626, Train Reward: 0.738
======================================== Episode: 189, Valid Profit: 394.27, Valid Reward: 394.27
======================================== Episode: 190/200 ========================================
======================================== Episode: 190, Train Profit: 402.848, Train Reward: 0.676
======================================== Episode: 190, Valid Profit: 0, Valid Reward: 0
======================================== Episode: 191/200 ========================================
======================================== Episode: 191, Train Profit: 7461.959, Train Reward: 8.493
======================================== Episode: 191, Valid Profit: 0, Valid Reward: 0
======================================== Episode: 192/200 ========================================
======================================== Episode: 192, Train Profit: 1.944, Train Reward: 0.061
======================================== Episode: 192, Valid Profit: 0, Valid Reward: 0
======================================== Episode: 193/200 ========================================
======================================== Episode: 193, Train Profit: 57.51, Train Reward: 0.103
======================================== Episode: 193, Valid Profit: 0, Valid Reward: 0
======================================== Episode: 194/200 ========================================
======================================== Episode: 194, Train Profit: 16.749, Train Reward: 0.095
======================================== Episode: 194, Valid Profit: 0, Valid Reward: 0
======================================== Episode: 195/200 ========================================
======================================== Episode: 195, Train Profit: 53.727, Train Reward: 0.101
======================================== Episode: 195, Valid Profit: 0, Valid Reward: 0
======================================== Episode: 196/200 ========================================
======================================== Episode: 196, Train Profit: 25.769, Train Reward: 0.086
======================================== Episode: 196, Valid Profit: 0, Valid Reward: 0
======================================== Episode: 197/200 ========================================
======================================== Episode: 197, Train Profit: 111.184, Train Reward: 0.175
======================================== Episode: 197, Valid Profit: 0, Valid Reward: 0
======================================== Episode: 198/200 ========================================
======================================== Episode: 198, Train Profit: 2933.463, Train Reward: 3.515
======================================== Episode: 198, Valid Profit: 0, Valid Reward: 0
======================================== Episode: 199/200 ========================================
======================================== Episode: 199, Train Profit: 5474.147, Train Reward: 6.247
======================================== Episode: 199, Valid Profit: 0, Valid Reward: 0
======================================== Episode: 200/200 ========================================
======================================== Episode: 200, Train Profit: 56.121, Train Reward: 0.111
======================================== Episode: 200, Valid Profit: 0, Valid Reward: 0
