Config File
{'id': 2, 'trader': 'DQNFixedTargets', 'estimator': 'BaseEstimator', 'features_used': {'adj_close': 'minmax'}, 'target_used': 'adj_close', 'optimizer': 'AdamW', 'learning_rate': 0.05, 'criterion': 'MSELoss', 'eps_scheduler': 'EpsilonScheduler', 'epsilon': 1, 'epsilon_final': 0.01, 'epsilon_decay': 0.995, 'action_space': 3, 'window_size': 10, 'batch_size': 128, 'n_episodes': 100, 'replay_size': 1000, 'sync_steps': 1000, 'prob_alpha': 0.6, 'beta_start': 0.4}
======================================== Episode: 1/100 ========================================
======================================== Episode: 1, Train Profit: 2299.266, Train Reward: 2.95
======================================== Episode: 1, Valid Profit: 0, Valid Reward: 0
======================================== Episode: 2/100 ========================================
======================================== Episode: 2, Train Profit: 282.546, Train Reward: 0.763
======================================== Episode: 2, Valid Profit: 0, Valid Reward: 0
======================================== Episode: 3/100 ========================================
======================================== Episode: 3, Train Profit: 98.443, Train Reward: 0.61
======================================== Episode: 3, Valid Profit: 0, Valid Reward: 0
======================================== Episode: 4/100 ========================================
======================================== Episode: 4, Train Profit: 1457.073, Train Reward: 2.074
======================================== Episode: 4, Valid Profit: 0, Valid Reward: 0
======================================== Episode: 5/100 ========================================
======================================== Episode: 5, Train Profit: 1359.942, Train Reward: 1.866
======================================== Episode: 5, Valid Profit: 0, Valid Reward: 0
======================================== Episode: 6/100 ========================================
======================================== Episode: 6, Train Profit: 394.846, Train Reward: 0.767
======================================== Episode: 6, Valid Profit: 0, Valid Reward: 0
======================================== Episode: 7/100 ========================================
======================================== Episode: 7, Train Profit: 534.999, Train Reward: 1.066
======================================== Episode: 7, Valid Profit: 0, Valid Reward: 0
======================================== Episode: 8/100 ========================================
======================================== Episode: 8, Train Profit: 880.533, Train Reward: 1.621
======================================== Episode: 8, Valid Profit: 0, Valid Reward: 0
======================================== Episode: 9/100 ========================================
======================================== Episode: 9, Train Profit: 410.185, Train Reward: 0.876
======================================== Episode: 9, Valid Profit: 0, Valid Reward: 0
======================================== Episode: 10/100 ========================================
======================================== Episode: 10, Train Profit: 379.649, Train Reward: 0.887
======================================== Episode: 10, Valid Profit: 0, Valid Reward: 0
======================================== Episode: 11/100 ========================================
======================================== Episode: 11, Train Profit: 1187.492, Train Reward: 1.77
======================================== Episode: 11, Valid Profit: 0, Valid Reward: 0
======================================== Episode: 12/100 ========================================
======================================== Episode: 12, Train Profit: 462.521, Train Reward: 0.911
======================================== Episode: 12, Valid Profit: 0, Valid Reward: 0
======================================== Episode: 13/100 ========================================
======================================== Episode: 13, Train Profit: 164.435, Train Reward: 0.375
======================================== Episode: 13, Valid Profit: 0, Valid Reward: 0
======================================== Episode: 14/100 ========================================
======================================== Episode: 14, Train Profit: 469.634, Train Reward: 0.799
======================================== Episode: 14, Valid Profit: 0, Valid Reward: 0
======================================== Episode: 15/100 ========================================
======================================== Episode: 15, Train Profit: 2132.8, Train Reward: 2.797
======================================== Episode: 15, Valid Profit: 0, Valid Reward: 0
======================================== Episode: 16/100 ========================================
======================================== Episode: 16, Train Profit: 22.625, Train Reward: 0.497
======================================== Episode: 16, Valid Profit: 0, Valid Reward: 0
======================================== Episode: 17/100 ========================================
======================================== Episode: 17, Train Profit: 110.061, Train Reward: 0.337
======================================== Episode: 17, Valid Profit: 0, Valid Reward: 0
======================================== Episode: 18/100 ========================================
======================================== Episode: 18, Train Profit: 580.791, Train Reward: 1.081
======================================== Episode: 18, Valid Profit: 0, Valid Reward: 0
======================================== Episode: 19/100 ========================================
======================================== Episode: 19, Train Profit: 369.991, Train Reward: 0.557
======================================== Episode: 19, Valid Profit: 0, Valid Reward: 0
======================================== Episode: 20/100 ========================================
======================================== Episode: 20, Train Profit: 1842.595, Train Reward: 2.467
======================================== Episode: 20, Valid Profit: 0, Valid Reward: 0
======================================== Episode: 21/100 ========================================
======================================== Episode: 21, Train Profit: 302.318, Train Reward: 0.891
======================================== Episode: 21, Valid Profit: 0, Valid Reward: 0
======================================== Episode: 22/100 ========================================
======================================== Episode: 22, Train Profit: 381.28, Train Reward: 0.723
======================================== Episode: 22, Valid Profit: 0, Valid Reward: 0
======================================== Episode: 23/100 ========================================
======================================== Episode: 23, Train Profit: 867.937, Train Reward: 1.254
======================================== Episode: 23, Valid Profit: 0, Valid Reward: 0
======================================== Episode: 24/100 ========================================
======================================== Episode: 24, Train Profit: 352.236, Train Reward: 0.686
======================================== Episode: 24, Valid Profit: 0, Valid Reward: 0
======================================== Episode: 25/100 ========================================
======================================== Episode: 25, Train Profit: -37.921, Train Reward: 0.243
======================================== Episode: 25, Valid Profit: 0, Valid Reward: 0
======================================== Episode: 26/100 ========================================
======================================== Episode: 26, Train Profit: 3423.116, Train Reward: 4.124
======================================== Episode: 26, Valid Profit: 0, Valid Reward: 0
======================================== Episode: 27/100 ========================================
======================================== Episode: 27, Train Profit: 164.02, Train Reward: 0.38
======================================== Episode: 27, Valid Profit: 0, Valid Reward: 0
======================================== Episode: 28/100 ========================================
======================================== Episode: 28, Train Profit: 1734.052, Train Reward: 2.179
======================================== Episode: 28, Valid Profit: 0, Valid Reward: 0
======================================== Episode: 29/100 ========================================
======================================== Episode: 29, Train Profit: 212.512, Train Reward: 0.836
======================================== Episode: 29, Valid Profit: 0, Valid Reward: 0
======================================== Episode: 30/100 ========================================
======================================== Episode: 30, Train Profit: 60.43, Train Reward: 0.282
======================================== Episode: 30, Valid Profit: 0, Valid Reward: 0
======================================== Episode: 31/100 ========================================
======================================== Episode: 31, Train Profit: 1232.857, Train Reward: 1.611
======================================== Episode: 31, Valid Profit: 0, Valid Reward: 0
======================================== Episode: 32/100 ========================================
======================================== Episode: 32, Train Profit: 3447.247, Train Reward: 4.261
======================================== Episode: 32, Valid Profit: 0, Valid Reward: 0
======================================== Episode: 33/100 ========================================
======================================== Episode: 33, Train Profit: 270.897, Train Reward: 0.695
======================================== Episode: 33, Valid Profit: 0, Valid Reward: 0
======================================== Episode: 34/100 ========================================
======================================== Episode: 34, Train Profit: 191.548, Train Reward: 0.35
======================================== Episode: 34, Valid Profit: 0, Valid Reward: 0
======================================== Episode: 35/100 ========================================
======================================== Episode: 35, Train Profit: 1223.59, Train Reward: 1.671
======================================== Episode: 35, Valid Profit: 0, Valid Reward: 0
======================================== Episode: 36/100 ========================================
======================================== Episode: 36, Train Profit: 140.992, Train Reward: 0.383
======================================== Episode: 36, Valid Profit: 0, Valid Reward: 0
======================================== Episode: 37/100 ========================================
======================================== Episode: 37, Train Profit: 181.36, Train Reward: 0.325
======================================== Episode: 37, Valid Profit: 0, Valid Reward: 0
======================================== Episode: 38/100 ========================================
======================================== Episode: 38, Train Profit: 873.753, Train Reward: 1.185
======================================== Episode: 38, Valid Profit: 0, Valid Reward: 0
======================================== Episode: 39/100 ========================================
======================================== Episode: 39, Train Profit: 277.697, Train Reward: 0.623
======================================== Episode: 39, Valid Profit: 0, Valid Reward: 0
======================================== Episode: 40/100 ========================================
======================================== Episode: 40, Train Profit: 98.881, Train Reward: 0.311
======================================== Episode: 40, Valid Profit: 0, Valid Reward: 0
======================================== Episode: 41/100 ========================================
======================================== Episode: 41, Train Profit: 0.63, Train Reward: 0.259
======================================== Episode: 41, Valid Profit: 0, Valid Reward: 0
======================================== Episode: 42/100 ========================================
======================================== Episode: 42, Train Profit: 624.125, Train Reward: 1.047
======================================== Episode: 42, Valid Profit: 0, Valid Reward: 0
======================================== Episode: 43/100 ========================================
======================================== Episode: 43, Train Profit: 105.857, Train Reward: 0.428
======================================== Episode: 43, Valid Profit: 0, Valid Reward: 0
======================================== Episode: 44/100 ========================================
======================================== Episode: 44, Train Profit: 72.744, Train Reward: 0.256
======================================== Episode: 44, Valid Profit: 0, Valid Reward: 0
======================================== Episode: 45/100 ========================================
======================================== Episode: 45, Train Profit: 1303.972, Train Reward: 1.796
======================================== Episode: 45, Valid Profit: 0, Valid Reward: 0
======================================== Episode: 46/100 ========================================
======================================== Episode: 46, Train Profit: 341.706, Train Reward: 0.532
======================================== Episode: 46, Valid Profit: 0, Valid Reward: 0
======================================== Episode: 47/100 ========================================
======================================== Episode: 47, Train Profit: 40.567, Train Reward: 0.279
======================================== Episode: 47, Valid Profit: 0, Valid Reward: 0
======================================== Episode: 48/100 ========================================
======================================== Episode: 48, Train Profit: 196.25, Train Reward: 0.565
======================================== Episode: 48, Valid Profit: 0, Valid Reward: 0
======================================== Episode: 49/100 ========================================
======================================== Episode: 49, Train Profit: 179.27, Train Reward: 0.51
======================================== Episode: 49, Valid Profit: 0, Valid Reward: 0
======================================== Episode: 50/100 ========================================
======================================== Episode: 50, Train Profit: 126.444, Train Reward: 0.332
======================================== Episode: 50, Valid Profit: 0, Valid Reward: 0
======================================== Episode: 51/100 ========================================
======================================== Episode: 51, Train Profit: 178.58, Train Reward: 0.417
======================================== Episode: 51, Valid Profit: 0, Valid Reward: 0
======================================== Episode: 52/100 ========================================
======================================== Episode: 52, Train Profit: 956.078, Train Reward: 1.406
======================================== Episode: 52, Valid Profit: 0, Valid Reward: 0
======================================== Episode: 53/100 ========================================
======================================== Episode: 53, Train Profit: -5.248, Train Reward: 0.212
======================================== Episode: 53, Valid Profit: 0, Valid Reward: 0
======================================== Episode: 54/100 ========================================
======================================== Episode: 54, Train Profit: 105.253, Train Reward: 0.24
======================================== Episode: 54, Valid Profit: 0, Valid Reward: 0
======================================== Episode: 55/100 ========================================
======================================== Episode: 55, Train Profit: 943.182, Train Reward: 1.301
======================================== Episode: 55, Valid Profit: 0, Valid Reward: 0
======================================== Episode: 56/100 ========================================
======================================== Episode: 56, Train Profit: 445.43, Train Reward: 0.859
======================================== Episode: 56, Valid Profit: 0, Valid Reward: 0
======================================== Episode: 57/100 ========================================
======================================== Episode: 57, Train Profit: 45.864, Train Reward: 0.211
======================================== Episode: 57, Valid Profit: 0, Valid Reward: 0
======================================== Episode: 58/100 ========================================
======================================== Episode: 58, Train Profit: -8.595, Train Reward: 0.356
======================================== Episode: 58, Valid Profit: 0, Valid Reward: 0
======================================== Episode: 59/100 ========================================
======================================== Episode: 59, Train Profit: 586.194, Train Reward: 1.063
======================================== Episode: 59, Valid Profit: 0, Valid Reward: 0
======================================== Episode: 60/100 ========================================
======================================== Episode: 60, Train Profit: 179.716, Train Reward: 0.321
======================================== Episode: 60, Valid Profit: 0, Valid Reward: 0
======================================== Episode: 61/100 ========================================
======================================== Episode: 61, Train Profit: 32.211, Train Reward: 0.228
======================================== Episode: 61, Valid Profit: 0, Valid Reward: 0
======================================== Episode: 62/100 ========================================
======================================== Episode: 62, Train Profit: 475.264, Train Reward: 0.932
======================================== Episode: 62, Valid Profit: 0, Valid Reward: 0
======================================== Episode: 63/100 ========================================
======================================== Episode: 63, Train Profit: 117.274, Train Reward: 0.429
======================================== Episode: 63, Valid Profit: 0, Valid Reward: 0
======================================== Episode: 64/100 ========================================
======================================== Episode: 64, Train Profit: 137.999, Train Reward: 0.273
======================================== Episode: 64, Valid Profit: 0, Valid Reward: 0
======================================== Episode: 65/100 ========================================
======================================== Episode: 65, Train Profit: 567.332, Train Reward: 0.778
======================================== Episode: 65, Valid Profit: 0, Valid Reward: 0
======================================== Episode: 66/100 ========================================
======================================== Episode: 66, Train Profit: 1029.724, Train Reward: 1.433
======================================== Episode: 66, Valid Profit: 0, Valid Reward: 0
======================================== Episode: 67/100 ========================================
======================================== Episode: 67, Train Profit: 143.311, Train Reward: 0.263
======================================== Episode: 67, Valid Profit: 0, Valid Reward: 0
======================================== Episode: 68/100 ========================================
======================================== Episode: 68, Train Profit: 70.707, Train Reward: 0.226
======================================== Episode: 68, Valid Profit: 0, Valid Reward: 0
======================================== Episode: 69/100 ========================================
======================================== Episode: 69, Train Profit: 540.128, Train Reward: 0.79
======================================== Episode: 69, Valid Profit: 0, Valid Reward: 0
======================================== Episode: 70/100 ========================================
======================================== Episode: 70, Train Profit: 216.106, Train Reward: 0.385
======================================== Episode: 70, Valid Profit: 0, Valid Reward: 0
======================================== Episode: 71/100 ========================================
======================================== Episode: 71, Train Profit: 122.233, Train Reward: 0.248
======================================== Episode: 71, Valid Profit: 0, Valid Reward: 0
======================================== Episode: 72/100 ========================================
======================================== Episode: 72, Train Profit: 35.981, Train Reward: 0.176
======================================== Episode: 72, Valid Profit: 0, Valid Reward: 0
======================================== Episode: 73/100 ========================================
======================================== Episode: 73, Train Profit: 219.008, Train Reward: 0.442
======================================== Episode: 73, Valid Profit: 0, Valid Reward: 0
======================================== Episode: 74/100 ========================================
======================================== Episode: 74, Train Profit: 1526.221, Train Reward: 1.95
======================================== Episode: 74, Valid Profit: 0, Valid Reward: 0
======================================== Episode: 75/100 ========================================
======================================== Episode: 75, Train Profit: -41.543, Train Reward: 0.146
======================================== Episode: 75, Valid Profit: 0, Valid Reward: 0
======================================== Episode: 76/100 ========================================
======================================== Episode: 76, Train Profit: 77.97, Train Reward: 0.225
======================================== Episode: 76, Valid Profit: 0, Valid Reward: 0
======================================== Episode: 77/100 ========================================
======================================== Episode: 77, Train Profit: 30.914, Train Reward: 0.145
======================================== Episode: 77, Valid Profit: 0, Valid Reward: 0
======================================== Episode: 78/100 ========================================
======================================== Episode: 78, Train Profit: 2924.04, Train Reward: 3.736
======================================== Episode: 78, Valid Profit: 0, Valid Reward: 0
======================================== Episode: 79/100 ========================================
======================================== Episode: 79, Train Profit: 931.269, Train Reward: 1.516
======================================== Episode: 79, Valid Profit: 0, Valid Reward: 0
======================================== Episode: 80/100 ========================================
======================================== Episode: 80, Train Profit: -12.441, Train Reward: 0.211
======================================== Episode: 80, Valid Profit: 0, Valid Reward: 0
======================================== Episode: 81/100 ========================================
======================================== Episode: 81, Train Profit: 870.919, Train Reward: 1.086
======================================== Episode: 81, Valid Profit: 0, Valid Reward: 0
======================================== Episode: 82/100 ========================================
======================================== Episode: 82, Train Profit: 5490.165, Train Reward: 6.279
======================================== Episode: 82, Valid Profit: 0, Valid Reward: 0
======================================== Episode: 83/100 ========================================
======================================== Episode: 83, Train Profit: 43.163, Train Reward: 0.191
======================================== Episode: 83, Valid Profit: 0, Valid Reward: 0
======================================== Episode: 84/100 ========================================
======================================== Episode: 84, Train Profit: 15.016, Train Reward: 0.143
======================================== Episode: 84, Valid Profit: 0, Valid Reward: 0
======================================== Episode: 85/100 ========================================
======================================== Episode: 85, Train Profit: 2306.815, Train Reward: 2.682
======================================== Episode: 85, Valid Profit: 0, Valid Reward: 0
======================================== Episode: 86/100 ========================================
======================================== Episode: 86, Train Profit: 823.366, Train Reward: 1.337
======================================== Episode: 86, Valid Profit: 0, Valid Reward: 0
======================================== Episode: 87/100 ========================================
======================================== Episode: 87, Train Profit: 51.937, Train Reward: 0.206
======================================== Episode: 87, Valid Profit: 0, Valid Reward: 0
======================================== Episode: 88/100 ========================================
======================================== Episode: 88, Train Profit: 2592.998, Train Reward: 3.031
======================================== Episode: 88, Valid Profit: 0, Valid Reward: 0
======================================== Episode: 89/100 ========================================
======================================== Episode: 89, Train Profit: 6341.433, Train Reward: 7.257
======================================== Episode: 89, Valid Profit: 0, Valid Reward: 0
======================================== Episode: 90/100 ========================================
======================================== Episode: 90, Train Profit: 37.803, Train Reward: 0.144
======================================== Episode: 90, Valid Profit: 0, Valid Reward: 0
======================================== Episode: 91/100 ========================================
======================================== Episode: 91, Train Profit: 81.311, Train Reward: 0.271
======================================== Episode: 91, Valid Profit: 0, Valid Reward: 0
======================================== Episode: 92/100 ========================================
======================================== Episode: 92, Train Profit: 3265.493, Train Reward: 3.774
======================================== Episode: 92, Valid Profit: 0, Valid Reward: 0
======================================== Episode: 93/100 ========================================
======================================== Episode: 93, Train Profit: 50.314, Train Reward: 0.201
======================================== Episode: 93, Valid Profit: 0, Valid Reward: 0
======================================== Episode: 94/100 ========================================
======================================== Episode: 94, Train Profit: 57.847, Train Reward: 0.174
======================================== Episode: 94, Valid Profit: 0, Valid Reward: 0
======================================== Episode: 95/100 ========================================
======================================== Episode: 95, Train Profit: 2672.927, Train Reward: 3.402
======================================== Episode: 95, Valid Profit: 0, Valid Reward: 0
======================================== Episode: 96/100 ========================================
======================================== Episode: 96, Train Profit: 4196.601, Train Reward: 4.882
======================================== Episode: 96, Valid Profit: 0, Valid Reward: 0
======================================== Episode: 97/100 ========================================
======================================== Episode: 97, Train Profit: -14.965, Train Reward: 0.13
======================================== Episode: 97, Valid Profit: 0, Valid Reward: 0
======================================== Episode: 98/100 ========================================
======================================== Episode: 98, Train Profit: 585.743, Train Reward: 0.861
======================================== Episode: 98, Valid Profit: 0, Valid Reward: 0
======================================== Episode: 99/100 ========================================
======================================== Episode: 99, Train Profit: 4715.213, Train Reward: 5.4
======================================== Episode: 99, Valid Profit: 0, Valid Reward: 0
======================================== Episode: 100/100 ========================================
======================================== Episode: 100, Train Profit: 8.327, Train Reward: 0.167
======================================== Episode: 100, Valid Profit: 0, Valid Reward: 0
