Config File
{'id': 0, 'trader': 'DQNFixedTargets', 'estimator': 'BaseEstimator', 'features_used': ['rsi_5', 'close_12_trix', 'rsi'], 'target_used': 'adj_close', 'optimizer': 'AdamW', 'learning_rate': 0.001, 'criterion': 'MSELoss', 'eps_scheduler': 'EpsilonScheduler', 'epsilon': 1, 'epsilon_final': 0.01, 'epsilon_decay': 0.995, 'action_space': 3, 'window_size': 10, 'batch_size': 32, 'n_episodes': 1000, 'replay_size': 10000, 'sync_steps': 1000}
======================================== Episode: 1/1000 ========================================
======================================== Episode: 1, Train Profit: 2299.266, Train Reward: 2.95
======================================== Episode: 1, Valid Profit: 0, Valid Reward: 0
======================================== Episode: 2/1000 ========================================
======================================== Episode: 2, Train Profit: 360.625, Train Reward: 0.877
======================================== Episode: 2, Valid Profit: 0, Valid Reward: 0
======================================== Episode: 3/1000 ========================================
======================================== Episode: 3, Train Profit: 35.224, Train Reward: 0.53
======================================== Episode: 3, Valid Profit: 0, Valid Reward: 0
======================================== Episode: 4/1000 ========================================
======================================== Episode: 4, Train Profit: 1341.4, Train Reward: 1.905
======================================== Episode: 4, Valid Profit: 0, Valid Reward: 0
======================================== Episode: 5/1000 ========================================
======================================== Episode: 5, Train Profit: 1536.29, Train Reward: 2.048
======================================== Episode: 5, Valid Profit: 0, Valid Reward: 0
======================================== Episode: 6/1000 ========================================
======================================== Episode: 6, Train Profit: 395.476, Train Reward: 0.766
======================================== Episode: 6, Valid Profit: 0, Valid Reward: 0
======================================== Episode: 7/1000 ========================================
======================================== Episode: 7, Train Profit: 821.171, Train Reward: 1.272
======================================== Episode: 7, Valid Profit: 0, Valid Reward: 0
======================================== Episode: 8/1000 ========================================
======================================== Episode: 8, Train Profit: 930.808, Train Reward: 1.634
======================================== Episode: 8, Valid Profit: 0, Valid Reward: 0
======================================== Episode: 9/1000 ========================================
======================================== Episode: 9, Train Profit: 1400.06, Train Reward: 2.144
======================================== Episode: 9, Valid Profit: 0, Valid Reward: 0
======================================== Episode: 10/1000 ========================================
======================================== Episode: 10, Train Profit: 621.571, Train Reward: 1.34
======================================== Episode: 10, Valid Profit: 0, Valid Reward: 0
======================================== Episode: 11/1000 ========================================
======================================== Episode: 11, Train Profit: 1954.066, Train Reward: 2.535
======================================== Episode: 11, Valid Profit: 0, Valid Reward: 0
======================================== Episode: 12/1000 ========================================
======================================== Episode: 12, Train Profit: 2326.628, Train Reward: 2.993
======================================== Episode: 12, Valid Profit: 0, Valid Reward: 0
======================================== Episode: 13/1000 ========================================
======================================== Episode: 13, Train Profit: 581.203, Train Reward: 0.919
======================================== Episode: 13, Valid Profit: 0, Valid Reward: 0
======================================== Episode: 14/1000 ========================================
======================================== Episode: 14, Train Profit: 429.017, Train Reward: 0.942
======================================== Episode: 14, Valid Profit: 0, Valid Reward: 0
======================================== Episode: 15/1000 ========================================
======================================== Episode: 15, Train Profit: 1437.973, Train Reward: 2.051
======================================== Episode: 15, Valid Profit: 0, Valid Reward: 0
======================================== Episode: 16/1000 ========================================
