Config File
{'id': 12, 'trader': 'DQNFixedTargets', 'estimator': 'BaseEstimator', 'features_used': ['close_-1_d', 'close_12_trix'], 'target_used': 'adj_close', 'optimizer': 'AdamW', 'learning_rate': 0.001, 'criterion': 'MSELoss', 'eps_scheduler': 'EpsilonScheduler', 'epsilon': 1, 'epsilon_final': 0.01, 'epsilon_decay': 0.995, 'action_space': 3, 'window_size': 10, 'batch_size': 32, 'n_episodes': 100, 'replay_size': 10000, 'sync_steps': 1000, 'prob_alpha': 0.6, 'beta_start': 0.4}
======================================== Episode: 1/100 ========================================
======================================== Episode: 1, Train Profit: 2299.266, Train Reward: 2.95
======================================== Episode: 1, Valid Profit: 0, Valid Reward: 0
======================================== Episode: 2/100 ========================================
======================================== Episode: 2, Train Profit: 360.625, Train Reward: 0.877
======================================== Episode: 2, Valid Profit: 0, Valid Reward: 0
======================================== Episode: 3/100 ========================================
======================================== Episode: 3, Train Profit: 35.224, Train Reward: 0.53
======================================== Episode: 3, Valid Profit: 0, Valid Reward: 0
======================================== Episode: 4/100 ========================================
======================================== Episode: 4, Train Profit: 1341.4, Train Reward: 1.905
======================================== Episode: 4, Valid Profit: 0, Valid Reward: 0
======================================== Episode: 5/100 ========================================
======================================== Episode: 5, Train Profit: 1536.29, Train Reward: 2.048
======================================== Episode: 5, Valid Profit: 0, Valid Reward: 0
======================================== Episode: 6/100 ========================================
======================================== Episode: 6, Train Profit: 395.476, Train Reward: 0.766
======================================== Episode: 6, Valid Profit: 0, Valid Reward: 0
======================================== Episode: 7/100 ========================================
======================================== Episode: 7, Train Profit: 821.171, Train Reward: 1.272
======================================== Episode: 7, Valid Profit: 0, Valid Reward: 0
======================================== Episode: 8/100 ========================================
======================================== Episode: 8, Train Profit: 930.808, Train Reward: 1.634
======================================== Episode: 8, Valid Profit: 0, Valid Reward: 0
======================================== Episode: 9/100 ========================================
======================================== Episode: 9, Train Profit: 1400.06, Train Reward: 2.144
======================================== Episode: 9, Valid Profit: 0, Valid Reward: 0
======================================== Episode: 10/100 ========================================
======================================== Episode: 10, Train Profit: 621.571, Train Reward: 1.34
======================================== Episode: 10, Valid Profit: 0, Valid Reward: 0
======================================== Episode: 11/100 ========================================
======================================== Episode: 11, Train Profit: 1954.066, Train Reward: 2.535
======================================== Episode: 11, Valid Profit: 0, Valid Reward: 0
======================================== Episode: 12/100 ========================================
======================================== Episode: 12, Train Profit: 2326.628, Train Reward: 2.993
======================================== Episode: 12, Valid Profit: 0, Valid Reward: 0
======================================== Episode: 13/100 ========================================
======================================== Episode: 13, Train Profit: 581.203, Train Reward: 0.919
======================================== Episode: 13, Valid Profit: 0, Valid Reward: 0
======================================== Episode: 14/100 ========================================
======================================== Episode: 14, Train Profit: 429.017, Train Reward: 0.942
======================================== Episode: 14, Valid Profit: 0, Valid Reward: 0
======================================== Episode: 15/100 ========================================
======================================== Episode: 15, Train Profit: 1437.973, Train Reward: 2.051
======================================== Episode: 15, Valid Profit: 0, Valid Reward: 0
======================================== Episode: 16/100 ========================================
======================================== Episode: 16, Train Profit: 1156.654, Train Reward: 1.557
======================================== Episode: 16, Valid Profit: 0, Valid Reward: 0
======================================== Episode: 17/100 ========================================
======================================== Episode: 17, Train Profit: 531.302, Train Reward: 0.905
======================================== Episode: 17, Valid Profit: 0, Valid Reward: 0
======================================== Episode: 18/100 ========================================
======================================== Episode: 18, Train Profit: 334.512, Train Reward: 0.69
======================================== Episode: 18, Valid Profit: 0, Valid Reward: 0
======================================== Episode: 19/100 ========================================
======================================== Episode: 19, Train Profit: 531.932, Train Reward: 0.957
======================================== Episode: 19, Valid Profit: 0, Valid Reward: 0
======================================== Episode: 20/100 ========================================
======================================== Episode: 20, Train Profit: 917.902, Train Reward: 1.474
======================================== Episode: 20, Valid Profit: 0, Valid Reward: 0
======================================== Episode: 21/100 ========================================
======================================== Episode: 21, Train Profit: 1299.653, Train Reward: 1.849
======================================== Episode: 21, Valid Profit: 0, Valid Reward: 0
======================================== Episode: 22/100 ========================================
======================================== Episode: 22, Train Profit: 1495.642, Train Reward: 1.929
======================================== Episode: 22, Valid Profit: 0, Valid Reward: 0
======================================== Episode: 23/100 ========================================
======================================== Episode: 23, Train Profit: 3041.863, Train Reward: 3.767
======================================== Episode: 23, Valid Profit: 0, Valid Reward: 0
======================================== Episode: 24/100 ========================================
======================================== Episode: 24, Train Profit: 490.186, Train Reward: 0.933
======================================== Episode: 24, Valid Profit: 0, Valid Reward: 0
======================================== Episode: 25/100 ========================================
======================================== Episode: 25, Train Profit: 546.679, Train Reward: 0.972
======================================== Episode: 25, Valid Profit: 0, Valid Reward: 0
======================================== Episode: 26/100 ========================================
======================================== Episode: 26, Train Profit: 535.095, Train Reward: 1.016
======================================== Episode: 26, Valid Profit: 0, Valid Reward: 0
======================================== Episode: 27/100 ========================================
======================================== Episode: 27, Train Profit: 1394.787, Train Reward: 1.858
======================================== Episode: 27, Valid Profit: 0, Valid Reward: 0
======================================== Episode: 28/100 ========================================
======================================== Episode: 28, Train Profit: 632.572, Train Reward: 1.101
======================================== Episode: 28, Valid Profit: 0, Valid Reward: 0
======================================== Episode: 29/100 ========================================
======================================== Episode: 29, Train Profit: 417.672, Train Reward: 1.111
======================================== Episode: 29, Valid Profit: 0, Valid Reward: 0
======================================== Episode: 30/100 ========================================
======================================== Episode: 30, Train Profit: 791.928, Train Reward: 1.335
======================================== Episode: 30, Valid Profit: 0, Valid Reward: 0
======================================== Episode: 31/100 ========================================
======================================== Episode: 31, Train Profit: 922.093, Train Reward: 1.437
======================================== Episode: 31, Valid Profit: 0, Valid Reward: 0
======================================== Episode: 32/100 ========================================
======================================== Episode: 32, Train Profit: 2133.71, Train Reward: 2.712
======================================== Episode: 32, Valid Profit: 0, Valid Reward: 0
======================================== Episode: 33/100 ========================================
======================================== Episode: 33, Train Profit: 587.796, Train Reward: 1.054
======================================== Episode: 33, Valid Profit: 0, Valid Reward: 0
======================================== Episode: 34/100 ========================================
======================================== Episode: 34, Train Profit: 348.342, Train Reward: 0.848
======================================== Episode: 34, Valid Profit: 0, Valid Reward: 0
======================================== Episode: 35/100 ========================================
======================================== Episode: 35, Train Profit: 1350.666, Train Reward: 1.959
======================================== Episode: 35, Valid Profit: 0, Valid Reward: 0
======================================== Episode: 36/100 ========================================
======================================== Episode: 36, Train Profit: 354.366, Train Reward: 0.801
======================================== Episode: 36, Valid Profit: 0, Valid Reward: 0
======================================== Episode: 37/100 ========================================
======================================== Episode: 37, Train Profit: 961.194, Train Reward: 1.493
======================================== Episode: 37, Valid Profit: 0, Valid Reward: 0
======================================== Episode: 38/100 ========================================
======================================== Episode: 38, Train Profit: 1976.251, Train Reward: 2.679
======================================== Episode: 38, Valid Profit: 0, Valid Reward: 0
======================================== Episode: 39/100 ========================================
======================================== Episode: 39, Train Profit: 1788.467, Train Reward: 2.347
======================================== Episode: 39, Valid Profit: 0, Valid Reward: 0
======================================== Episode: 40/100 ========================================
======================================== Episode: 40, Train Profit: 1435.81, Train Reward: 2.091
======================================== Episode: 40, Valid Profit: 0, Valid Reward: 0
======================================== Episode: 41/100 ========================================
======================================== Episode: 41, Train Profit: 1754.151, Train Reward: 2.257
======================================== Episode: 41, Valid Profit: 0, Valid Reward: 0
======================================== Episode: 42/100 ========================================
======================================== Episode: 42, Train Profit: 2429.998, Train Reward: 3.148
======================================== Episode: 42, Valid Profit: 0, Valid Reward: 0
======================================== Episode: 43/100 ========================================
======================================== Episode: 43, Train Profit: 1423.186, Train Reward: 2.213
======================================== Episode: 43, Valid Profit: 0, Valid Reward: 0
======================================== Episode: 44/100 ========================================
======================================== Episode: 44, Train Profit: 207.691, Train Reward: 0.774
======================================== Episode: 44, Valid Profit: 0, Valid Reward: 0
======================================== Episode: 45/100 ========================================
======================================== Episode: 45, Train Profit: 1800.413, Train Reward: 2.468
======================================== Episode: 45, Valid Profit: 0, Valid Reward: 0
======================================== Episode: 46/100 ========================================
======================================== Episode: 46, Train Profit: 934.498, Train Reward: 1.499
======================================== Episode: 46, Valid Profit: 0, Valid Reward: 0
======================================== Episode: 47/100 ========================================
======================================== Episode: 47, Train Profit: 469.478, Train Reward: 0.853
======================================== Episode: 47, Valid Profit: 0, Valid Reward: 0
======================================== Episode: 48/100 ========================================
======================================== Episode: 48, Train Profit: 1558.517, Train Reward: 2.196
======================================== Episode: 48, Valid Profit: 0, Valid Reward: 0
======================================== Episode: 49/100 ========================================
======================================== Episode: 49, Train Profit: 244.935, Train Reward: 0.633
======================================== Episode: 49, Valid Profit: 0, Valid Reward: 0
======================================== Episode: 50/100 ========================================
======================================== Episode: 50, Train Profit: 1743.937, Train Reward: 2.183
======================================== Episode: 50, Valid Profit: 0, Valid Reward: 0
======================================== Episode: 51/100 ========================================
======================================== Episode: 51, Train Profit: 1133.761, Train Reward: 1.774
======================================== Episode: 51, Valid Profit: 0, Valid Reward: 0
======================================== Episode: 52/100 ========================================
======================================== Episode: 52, Train Profit: 444.017, Train Reward: 1.004
======================================== Episode: 52, Valid Profit: 0, Valid Reward: 0
======================================== Episode: 53/100 ========================================
======================================== Episode: 53, Train Profit: 1741.462, Train Reward: 2.451
======================================== Episode: 53, Valid Profit: 0, Valid Reward: 0
======================================== Episode: 54/100 ========================================
======================================== Episode: 54, Train Profit: 1676.445, Train Reward: 2.088
======================================== Episode: 54, Valid Profit: 0, Valid Reward: 0
======================================== Episode: 55/100 ========================================
======================================== Episode: 55, Train Profit: 1901.967, Train Reward: 2.334
======================================== Episode: 55, Valid Profit: 0, Valid Reward: 0
======================================== Episode: 56/100 ========================================
======================================== Episode: 56, Train Profit: 1688.105, Train Reward: 2.184
======================================== Episode: 56, Valid Profit: 0, Valid Reward: 0
======================================== Episode: 57/100 ========================================
======================================== Episode: 57, Train Profit: 1013.148, Train Reward: 1.553
======================================== Episode: 57, Valid Profit: 0, Valid Reward: 0
======================================== Episode: 58/100 ========================================
======================================== Episode: 58, Train Profit: 1336.47, Train Reward: 2.028
======================================== Episode: 58, Valid Profit: 0, Valid Reward: 0
======================================== Episode: 59/100 ========================================
======================================== Episode: 59, Train Profit: 799.868, Train Reward: 1.285
======================================== Episode: 59, Valid Profit: 0, Valid Reward: 0
======================================== Episode: 60/100 ========================================
======================================== Episode: 60, Train Profit: 1678.935, Train Reward: 2.243
======================================== Episode: 60, Valid Profit: 0, Valid Reward: 0
======================================== Episode: 61/100 ========================================
======================================== Episode: 61, Train Profit: 1482.526, Train Reward: 2.1
======================================== Episode: 61, Valid Profit: 0, Valid Reward: 0
======================================== Episode: 62/100 ========================================
======================================== Episode: 62, Train Profit: 515.881, Train Reward: 1.018
======================================== Episode: 62, Valid Profit: 0, Valid Reward: 0
======================================== Episode: 63/100 ========================================
======================================== Episode: 63, Train Profit: 994.058, Train Reward: 1.77
======================================== Episode: 63, Valid Profit: 0, Valid Reward: 0
======================================== Episode: 64/100 ========================================
======================================== Episode: 64, Train Profit: 570.423, Train Reward: 1.322
======================================== Episode: 64, Valid Profit: 0, Valid Reward: 0
======================================== Episode: 65/100 ========================================
======================================== Episode: 65, Train Profit: 629.523, Train Reward: 1.039
======================================== Episode: 65, Valid Profit: 0, Valid Reward: 0
======================================== Episode: 66/100 ========================================
======================================== Episode: 66, Train Profit: 962.911, Train Reward: 1.488
======================================== Episode: 66, Valid Profit: 0, Valid Reward: 0
======================================== Episode: 67/100 ========================================
======================================== Episode: 67, Train Profit: 584.985, Train Reward: 1.188
======================================== Episode: 67, Valid Profit: 0, Valid Reward: 0
======================================== Episode: 68/100 ========================================
======================================== Episode: 68, Train Profit: 1533.966, Train Reward: 2.095
======================================== Episode: 68, Valid Profit: 0, Valid Reward: 0
======================================== Episode: 69/100 ========================================
======================================== Episode: 69, Train Profit: 598.453, Train Reward: 1.062
======================================== Episode: 69, Valid Profit: 0, Valid Reward: 0
======================================== Episode: 70/100 ========================================
======================================== Episode: 70, Train Profit: 1601.91, Train Reward: 2.171
======================================== Episode: 70, Valid Profit: 0, Valid Reward: 0
======================================== Episode: 71/100 ========================================
======================================== Episode: 71, Train Profit: 765.859, Train Reward: 1.255
======================================== Episode: 71, Valid Profit: 0, Valid Reward: 0
======================================== Episode: 72/100 ========================================
======================================== Episode: 72, Train Profit: 1257.56, Train Reward: 1.778
======================================== Episode: 72, Valid Profit: 0, Valid Reward: 0
======================================== Episode: 73/100 ========================================
======================================== Episode: 73, Train Profit: 1490.007, Train Reward: 2.119
======================================== Episode: 73, Valid Profit: 0, Valid Reward: 0
======================================== Episode: 74/100 ========================================
======================================== Episode: 74, Train Profit: 488.453, Train Reward: 0.932
======================================== Episode: 74, Valid Profit: 0, Valid Reward: 0
======================================== Episode: 75/100 ========================================
======================================== Episode: 75, Train Profit: 1990.704, Train Reward: 2.562
======================================== Episode: 75, Valid Profit: 0, Valid Reward: 0
======================================== Episode: 76/100 ========================================
======================================== Episode: 76, Train Profit: 2881.264, Train Reward: 3.635
======================================== Episode: 76, Valid Profit: 0, Valid Reward: 0
======================================== Episode: 77/100 ========================================
======================================== Episode: 77, Train Profit: 1192.907, Train Reward: 1.77
======================================== Episode: 77, Valid Profit: 0, Valid Reward: 0
======================================== Episode: 78/100 ========================================
======================================== Episode: 78, Train Profit: 1187.583, Train Reward: 1.642
======================================== Episode: 78, Valid Profit: 0, Valid Reward: 0
======================================== Episode: 79/100 ========================================
======================================== Episode: 79, Train Profit: 730.15, Train Reward: 1.107
======================================== Episode: 79, Valid Profit: 0, Valid Reward: 0
======================================== Episode: 80/100 ========================================
======================================== Episode: 80, Train Profit: 988.223, Train Reward: 1.746
======================================== Episode: 80, Valid Profit: 0, Valid Reward: 0
======================================== Episode: 81/100 ========================================
======================================== Episode: 81, Train Profit: 2662.926, Train Reward: 3.336
======================================== Episode: 81, Valid Profit: 0, Valid Reward: 0
======================================== Episode: 82/100 ========================================
======================================== Episode: 82, Train Profit: 264.189, Train Reward: 0.653
======================================== Episode: 82, Valid Profit: 0, Valid Reward: 0
======================================== Episode: 83/100 ========================================
======================================== Episode: 83, Train Profit: 717.213, Train Reward: 1.212
======================================== Episode: 83, Valid Profit: 0, Valid Reward: 0
======================================== Episode: 84/100 ========================================
======================================== Episode: 84, Train Profit: 697.249, Train Reward: 1.048
======================================== Episode: 84, Valid Profit: 0, Valid Reward: 0
======================================== Episode: 85/100 ========================================
======================================== Episode: 85, Train Profit: 301.835, Train Reward: 0.68
======================================== Episode: 85, Valid Profit: 0, Valid Reward: 0
======================================== Episode: 86/100 ========================================
======================================== Episode: 86, Train Profit: 562.284, Train Reward: 0.951
======================================== Episode: 86, Valid Profit: 0, Valid Reward: 0
======================================== Episode: 87/100 ========================================
======================================== Episode: 87, Train Profit: 537.382, Train Reward: 0.881
======================================== Episode: 87, Valid Profit: 0, Valid Reward: 0
======================================== Episode: 88/100 ========================================
======================================== Episode: 88, Train Profit: 293.823, Train Reward: 0.713
======================================== Episode: 88, Valid Profit: 0, Valid Reward: 0
======================================== Episode: 89/100 ========================================
======================================== Episode: 89, Train Profit: 1182.043, Train Reward: 1.656
======================================== Episode: 89, Valid Profit: 0, Valid Reward: 0
======================================== Episode: 90/100 ========================================
======================================== Episode: 90, Train Profit: 1795.606, Train Reward: 2.426
======================================== Episode: 90, Valid Profit: 0, Valid Reward: 0
======================================== Episode: 91/100 ========================================
======================================== Episode: 91, Train Profit: 1067.098, Train Reward: 1.623
======================================== Episode: 91, Valid Profit: 0, Valid Reward: 0
======================================== Episode: 92/100 ========================================
======================================== Episode: 92, Train Profit: 1527.988, Train Reward: 2.213
======================================== Episode: 92, Valid Profit: 0, Valid Reward: 0
======================================== Episode: 93/100 ========================================
======================================== Episode: 93, Train Profit: 1459.64, Train Reward: 2.107
======================================== Episode: 93, Valid Profit: 0, Valid Reward: 0
======================================== Episode: 94/100 ========================================
======================================== Episode: 94, Train Profit: 2105.182, Train Reward: 2.783
======================================== Episode: 94, Valid Profit: 0, Valid Reward: 0
======================================== Episode: 95/100 ========================================
======================================== Episode: 95, Train Profit: 1659.697, Train Reward: 2.263
======================================== Episode: 95, Valid Profit: 0, Valid Reward: 0
======================================== Episode: 96/100 ========================================
======================================== Episode: 96, Train Profit: 962.258, Train Reward: 1.395
======================================== Episode: 96, Valid Profit: 0, Valid Reward: 0
======================================== Episode: 97/100 ========================================
======================================== Episode: 97, Train Profit: 1446.506, Train Reward: 2.188
======================================== Episode: 97, Valid Profit: 0, Valid Reward: 0
======================================== Episode: 98/100 ========================================
======================================== Episode: 98, Train Profit: 566.17, Train Reward: 1.227
======================================== Episode: 98, Valid Profit: 0, Valid Reward: 0
======================================== Episode: 99/100 ========================================
======================================== Episode: 99, Train Profit: 1834.861, Train Reward: 2.476
======================================== Episode: 99, Valid Profit: 0, Valid Reward: 0
======================================== Episode: 100/100 ========================================
======================================== Episode: 100, Train Profit: 1327.256, Train Reward: 1.812
======================================== Episode: 100, Valid Profit: 0, Valid Reward: 0
