Config File
{'id': 0, 'trader': 'DQNFixedTargets', 'estimator': 'BaseEstimator', 'feature_used': 'adj_close', 'optimizer': 'AdamW', 'learning_rate': 0.001, 'criterion': 'MSELoss', 'eps_scheduler': 'EpsilonScheduler', 'epsilon': 1, 'epsilon_final': 0.01, 'epsilon_decay': 0.995, 'action_space': 3, 'window_size': 10, 'batch_size': 32, 'n_episodes': 100, 'replay_size': 10000, 'sync_steps': 1000}
======================================== Episode: 1/100 ========================================
======================================== Episode: 1, Train Profit: 2299.266, Train Reward: 2.95
======================================== Episode: 1, Valid Profit: 0, Valid Reward: 0
======================================== Episode: 2/100 ========================================
======================================== Episode: 2, Train Profit: 360.625, Train Reward: 0.877
======================================== Episode: 2, Valid Profit: 0, Valid Reward: 0
======================================== Episode: 3/100 ========================================
======================================== Episode: 3, Train Profit: 35.224, Train Reward: 0.53
======================================== Episode: 3, Valid Profit: 0, Valid Reward: 0
======================================== Episode: 4/100 ========================================
======================================== Episode: 4, Train Profit: 1341.4, Train Reward: 1.905
======================================== Episode: 4, Valid Profit: 0, Valid Reward: 0
======================================== Episode: 5/100 ========================================
======================================== Episode: 5, Train Profit: 1536.29, Train Reward: 2.048
======================================== Episode: 5, Valid Profit: 0, Valid Reward: 0
======================================== Episode: 6/100 ========================================
======================================== Episode: 6, Train Profit: 395.476, Train Reward: 0.766
======================================== Episode: 6, Valid Profit: 0, Valid Reward: 0
======================================== Episode: 7/100 ========================================
======================================== Episode: 7, Train Profit: 821.171, Train Reward: 1.272
======================================== Episode: 7, Valid Profit: 0, Valid Reward: 0
======================================== Episode: 8/100 ========================================
======================================== Episode: 8, Train Profit: 930.808, Train Reward: 1.634
======================================== Episode: 8, Valid Profit: 0, Valid Reward: 0
======================================== Episode: 9/100 ========================================
======================================== Episode: 9, Train Profit: 1400.06, Train Reward: 2.144
======================================== Episode: 9, Valid Profit: 0, Valid Reward: 0
======================================== Episode: 10/100 ========================================
======================================== Episode: 10, Train Profit: 621.571, Train Reward: 1.34
======================================== Episode: 10, Valid Profit: 0, Valid Reward: 0
======================================== Episode: 11/100 ========================================
======================================== Episode: 11, Train Profit: 1954.066, Train Reward: 2.535
======================================== Episode: 11, Valid Profit: 0, Valid Reward: 0
======================================== Episode: 12/100 ========================================
======================================== Episode: 12, Train Profit: 2366.8, Train Reward: 3.039
======================================== Episode: 12, Valid Profit: 0, Valid Reward: 0
======================================== Episode: 13/100 ========================================
======================================== Episode: 13, Train Profit: 582.615, Train Reward: 0.907
======================================== Episode: 13, Valid Profit: 0, Valid Reward: 0
======================================== Episode: 14/100 ========================================
======================================== Episode: 14, Train Profit: 391.253, Train Reward: 0.884
======================================== Episode: 14, Valid Profit: 0, Valid Reward: 0
======================================== Episode: 15/100 ========================================
======================================== Episode: 15, Train Profit: 1156.17, Train Reward: 1.797
======================================== Episode: 15, Valid Profit: 0, Valid Reward: 0
======================================== Episode: 16/100 ========================================
======================================== Episode: 16, Train Profit: 1034.419, Train Reward: 1.438
======================================== Episode: 16, Valid Profit: 0, Valid Reward: 0
======================================== Episode: 17/100 ========================================
======================================== Episode: 17, Train Profit: 530.044, Train Reward: 0.861
======================================== Episode: 17, Valid Profit: 0, Valid Reward: 0
======================================== Episode: 18/100 ========================================
======================================== Episode: 18, Train Profit: 316.307, Train Reward: 0.656
======================================== Episode: 18, Valid Profit: 0, Valid Reward: 0
======================================== Episode: 19/100 ========================================
======================================== Episode: 19, Train Profit: 531.932, Train Reward: 0.957
======================================== Episode: 19, Valid Profit: 0, Valid Reward: 0
======================================== Episode: 20/100 ========================================
======================================== Episode: 20, Train Profit: 821.618, Train Reward: 1.349
======================================== Episode: 20, Valid Profit: 0, Valid Reward: 0
======================================== Episode: 21/100 ========================================
======================================== Episode: 21, Train Profit: 1274.74, Train Reward: 1.817
======================================== Episode: 21, Valid Profit: 0, Valid Reward: 0
======================================== Episode: 22/100 ========================================
======================================== Episode: 22, Train Profit: 1378.567, Train Reward: 1.837
======================================== Episode: 22, Valid Profit: 0, Valid Reward: 0
======================================== Episode: 23/100 ========================================
======================================== Episode: 23, Train Profit: 3043.394, Train Reward: 3.77
======================================== Episode: 23, Valid Profit: 0, Valid Reward: 0
======================================== Episode: 24/100 ========================================
======================================== Episode: 24, Train Profit: 354.933, Train Reward: 0.777
======================================== Episode: 24, Valid Profit: 0, Valid Reward: 0
======================================== Episode: 25/100 ========================================
======================================== Episode: 25, Train Profit: 371.388, Train Reward: 0.709
======================================== Episode: 25, Valid Profit: 0, Valid Reward: 0
======================================== Episode: 26/100 ========================================
======================================== Episode: 26, Train Profit: 424.358, Train Reward: 0.907
======================================== Episode: 26, Valid Profit: 0, Valid Reward: 0
======================================== Episode: 27/100 ========================================
======================================== Episode: 27, Train Profit: 928.158, Train Reward: 1.467
======================================== Episode: 27, Valid Profit: 0, Valid Reward: 0
======================================== Episode: 28/100 ========================================
======================================== Episode: 28, Train Profit: 577.654, Train Reward: 1.047
======================================== Episode: 28, Valid Profit: 0, Valid Reward: 0
======================================== Episode: 29/100 ========================================
======================================== Episode: 29, Train Profit: 276.201, Train Reward: 0.93
======================================== Episode: 29, Valid Profit: 0, Valid Reward: 0
======================================== Episode: 30/100 ========================================
======================================== Episode: 30, Train Profit: 679.168, Train Reward: 1.143
======================================== Episode: 30, Valid Profit: 0, Valid Reward: 0
======================================== Episode: 31/100 ========================================
======================================== Episode: 31, Train Profit: 746.079, Train Reward: 1.218
======================================== Episode: 31, Valid Profit: 0, Valid Reward: 0
======================================== Episode: 32/100 ========================================
======================================== Episode: 32, Train Profit: 2051.767, Train Reward: 2.598
======================================== Episode: 32, Valid Profit: 0, Valid Reward: 0
======================================== Episode: 33/100 ========================================
======================================== Episode: 33, Train Profit: 496.14, Train Reward: 0.874
======================================== Episode: 33, Valid Profit: 0, Valid Reward: 0
======================================== Episode: 34/100 ========================================
======================================== Episode: 34, Train Profit: 368.008, Train Reward: 0.803
======================================== Episode: 34, Valid Profit: 0, Valid Reward: 0
======================================== Episode: 35/100 ========================================
======================================== Episode: 35, Train Profit: 883.535, Train Reward: 1.478
======================================== Episode: 35, Valid Profit: 0, Valid Reward: 0
======================================== Episode: 36/100 ========================================
======================================== Episode: 36, Train Profit: 340.858, Train Reward: 0.784
======================================== Episode: 36, Valid Profit: 0, Valid Reward: 0
======================================== Episode: 37/100 ========================================
======================================== Episode: 37, Train Profit: 694.872, Train Reward: 1.179
======================================== Episode: 37, Valid Profit: 0, Valid Reward: 0
======================================== Episode: 38/100 ========================================
======================================== Episode: 38, Train Profit: 1660.3, Train Reward: 2.438
======================================== Episode: 38, Valid Profit: 0, Valid Reward: 0
======================================== Episode: 39/100 ========================================
======================================== Episode: 39, Train Profit: 1041.257, Train Reward: 1.601
======================================== Episode: 39, Valid Profit: 0, Valid Reward: 0
======================================== Episode: 40/100 ========================================
======================================== Episode: 40, Train Profit: 770.019, Train Reward: 1.439
======================================== Episode: 40, Valid Profit: 0, Valid Reward: 0
======================================== Episode: 41/100 ========================================
======================================== Episode: 41, Train Profit: 1362.13, Train Reward: 1.929
======================================== Episode: 41, Valid Profit: 0, Valid Reward: 0
======================================== Episode: 42/100 ========================================
======================================== Episode: 42, Train Profit: 2082.1, Train Reward: 2.786
======================================== Episode: 42, Valid Profit: 0, Valid Reward: 0
======================================== Episode: 43/100 ========================================
======================================== Episode: 43, Train Profit: 1275.36, Train Reward: 2.009
======================================== Episode: 43, Valid Profit: 0, Valid Reward: 0
======================================== Episode: 44/100 ========================================
======================================== Episode: 44, Train Profit: 138.902, Train Reward: 0.671
======================================== Episode: 44, Valid Profit: 0, Valid Reward: 0
======================================== Episode: 45/100 ========================================
======================================== Episode: 45, Train Profit: 1571.661, Train Reward: 2.283
======================================== Episode: 45, Valid Profit: 0, Valid Reward: 0
======================================== Episode: 46/100 ========================================
======================================== Episode: 46, Train Profit: 893.246, Train Reward: 1.446
======================================== Episode: 46, Valid Profit: 0, Valid Reward: 0
======================================== Episode: 47/100 ========================================
======================================== Episode: 47, Train Profit: 315.789, Train Reward: 0.64
======================================== Episode: 47, Valid Profit: 0, Valid Reward: 0
======================================== Episode: 48/100 ========================================
======================================== Episode: 48, Train Profit: 1035.45, Train Reward: 1.661
======================================== Episode: 48, Valid Profit: 0, Valid Reward: 0
======================================== Episode: 49/100 ========================================
======================================== Episode: 49, Train Profit: 237.607, Train Reward: 0.615
======================================== Episode: 49, Valid Profit: 0, Valid Reward: 0
======================================== Episode: 50/100 ========================================
======================================== Episode: 50, Train Profit: 1162.64, Train Reward: 1.653
======================================== Episode: 50, Valid Profit: 0, Valid Reward: 0
======================================== Episode: 51/100 ========================================
======================================== Episode: 51, Train Profit: 677.287, Train Reward: 1.235
======================================== Episode: 51, Valid Profit: 0, Valid Reward: 0
======================================== Episode: 52/100 ========================================
======================================== Episode: 52, Train Profit: 241.909, Train Reward: 0.738
======================================== Episode: 52, Valid Profit: 0, Valid Reward: 0
======================================== Episode: 53/100 ========================================
======================================== Episode: 53, Train Profit: 1371.472, Train Reward: 2.171
======================================== Episode: 53, Valid Profit: 0, Valid Reward: 0
======================================== Episode: 54/100 ========================================
======================================== Episode: 54, Train Profit: 1180.435, Train Reward: 1.688
======================================== Episode: 54, Valid Profit: 0, Valid Reward: 0
======================================== Episode: 55/100 ========================================
======================================== Episode: 55, Train Profit: 1896.739, Train Reward: 2.294
======================================== Episode: 55, Valid Profit: 0, Valid Reward: 0
======================================== Episode: 56/100 ========================================
======================================== Episode: 56, Train Profit: 1437.719, Train Reward: 1.959
======================================== Episode: 56, Valid Profit: 0, Valid Reward: 0
======================================== Episode: 57/100 ========================================
======================================== Episode: 57, Train Profit: 681.125, Train Reward: 1.075
======================================== Episode: 57, Valid Profit: 0, Valid Reward: 0
======================================== Episode: 58/100 ========================================
======================================== Episode: 58, Train Profit: 380.897, Train Reward: 0.875
======================================== Episode: 58, Valid Profit: 0, Valid Reward: 0
======================================== Episode: 59/100 ========================================
======================================== Episode: 59, Train Profit: 380.102, Train Reward: 0.734
======================================== Episode: 59, Valid Profit: 0, Valid Reward: 0
======================================== Episode: 60/100 ========================================
======================================== Episode: 60, Train Profit: 1256.939, Train Reward: 1.807
======================================== Episode: 60, Valid Profit: 0, Valid Reward: 0
======================================== Episode: 61/100 ========================================
======================================== Episode: 61, Train Profit: 718.692, Train Reward: 1.323
======================================== Episode: 61, Valid Profit: 0, Valid Reward: 0
======================================== Episode: 62/100 ========================================
======================================== Episode: 62, Train Profit: 504.773, Train Reward: 1.013
======================================== Episode: 62, Valid Profit: 0, Valid Reward: 0
======================================== Episode: 63/100 ========================================
======================================== Episode: 63, Train Profit: 520.809, Train Reward: 1.253
======================================== Episode: 63, Valid Profit: 0, Valid Reward: 0
======================================== Episode: 64/100 ========================================
======================================== Episode: 64, Train Profit: 10.367, Train Reward: 0.641
======================================== Episode: 64, Valid Profit: 0, Valid Reward: 0
======================================== Episode: 65/100 ========================================
======================================== Episode: 65, Train Profit: 417.864, Train Reward: 0.83
======================================== Episode: 65, Valid Profit: 0, Valid Reward: 0
======================================== Episode: 66/100 ========================================
======================================== Episode: 66, Train Profit: 518.751, Train Reward: 0.94
======================================== Episode: 66, Valid Profit: 0, Valid Reward: 0
======================================== Episode: 67/100 ========================================
======================================== Episode: 67, Train Profit: 260.421, Train Reward: 0.681
======================================== Episode: 67, Valid Profit: 0, Valid Reward: 0
======================================== Episode: 68/100 ========================================
======================================== Episode: 68, Train Profit: 592.748, Train Reward: 1.15
======================================== Episode: 68, Valid Profit: 0, Valid Reward: 0
======================================== Episode: 69/100 ========================================
======================================== Episode: 69, Train Profit: 350.33, Train Reward: 0.774
======================================== Episode: 69, Valid Profit: 0, Valid Reward: 0
======================================== Episode: 70/100 ========================================
======================================== Episode: 70, Train Profit: 1390.769, Train Reward: 1.948
======================================== Episode: 70, Valid Profit: 0, Valid Reward: 0
======================================== Episode: 71/100 ========================================
======================================== Episode: 71, Train Profit: 638.253, Train Reward: 1.101
======================================== Episode: 71, Valid Profit: 0, Valid Reward: 0
======================================== Episode: 72/100 ========================================
======================================== Episode: 72, Train Profit: 693.317, Train Reward: 1.09
======================================== Episode: 72, Valid Profit: 0, Valid Reward: 0
======================================== Episode: 73/100 ========================================
======================================== Episode: 73, Train Profit: 686.678, Train Reward: 1.239
======================================== Episode: 73, Valid Profit: 0, Valid Reward: 0
======================================== Episode: 74/100 ========================================
======================================== Episode: 74, Train Profit: 397.721, Train Reward: 0.669
======================================== Episode: 74, Valid Profit: 0, Valid Reward: 0
======================================== Episode: 75/100 ========================================
======================================== Episode: 75, Train Profit: 1867.041, Train Reward: 2.414
======================================== Episode: 75, Valid Profit: 0, Valid Reward: 0
======================================== Episode: 76/100 ========================================
======================================== Episode: 76, Train Profit: 2238.069, Train Reward: 3.0
======================================== Episode: 76, Valid Profit: 0, Valid Reward: 0
======================================== Episode: 77/100 ========================================
======================================== Episode: 77, Train Profit: 289.383, Train Reward: 0.588
======================================== Episode: 77, Valid Profit: 0, Valid Reward: 0
======================================== Episode: 78/100 ========================================
======================================== Episode: 78, Train Profit: 600.906, Train Reward: 1.033
======================================== Episode: 78, Valid Profit: 0, Valid Reward: 0
======================================== Episode: 79/100 ========================================
======================================== Episode: 79, Train Profit: 518.876, Train Reward: 0.816
======================================== Episode: 79, Valid Profit: 0, Valid Reward: 0
======================================== Episode: 80/100 ========================================
======================================== Episode: 80, Train Profit: 148.979, Train Reward: 0.771
======================================== Episode: 80, Valid Profit: 0, Valid Reward: 0
======================================== Episode: 81/100 ========================================
======================================== Episode: 81, Train Profit: 2460.96, Train Reward: 3.139
======================================== Episode: 81, Valid Profit: 0, Valid Reward: 0
======================================== Episode: 82/100 ========================================
======================================== Episode: 82, Train Profit: 150.425, Train Reward: 0.542
======================================== Episode: 82, Valid Profit: 0, Valid Reward: 0
======================================== Episode: 83/100 ========================================
======================================== Episode: 83, Train Profit: 479.318, Train Reward: 0.964
======================================== Episode: 83, Valid Profit: 0, Valid Reward: 0
======================================== Episode: 84/100 ========================================
======================================== Episode: 84, Train Profit: 456.239, Train Reward: 0.83
======================================== Episode: 84, Valid Profit: 0, Valid Reward: 0
======================================== Episode: 85/100 ========================================
======================================== Episode: 85, Train Profit: 103.586, Train Reward: 0.421
======================================== Episode: 85, Valid Profit: 0, Valid Reward: 0
======================================== Episode: 86/100 ========================================
======================================== Episode: 86, Train Profit: 305.669, Train Reward: 0.634
======================================== Episode: 86, Valid Profit: 0, Valid Reward: 0
======================================== Episode: 87/100 ========================================
======================================== Episode: 87, Train Profit: 341.459, Train Reward: 0.605
======================================== Episode: 87, Valid Profit: 0, Valid Reward: 0
======================================== Episode: 88/100 ========================================
======================================== Episode: 88, Train Profit: 134.54, Train Reward: 0.492
======================================== Episode: 88, Valid Profit: 0, Valid Reward: 0
======================================== Episode: 89/100 ========================================
======================================== Episode: 89, Train Profit: 504.778, Train Reward: 0.884
======================================== Episode: 89, Valid Profit: 0, Valid Reward: 0
======================================== Episode: 90/100 ========================================
======================================== Episode: 90, Train Profit: 806.212, Train Reward: 1.443
======================================== Episode: 90, Valid Profit: 0, Valid Reward: 0
======================================== Episode: 91/100 ========================================
======================================== Episode: 91, Train Profit: 676.377, Train Reward: 1.051
======================================== Episode: 91, Valid Profit: 0, Valid Reward: 0
======================================== Episode: 92/100 ========================================
======================================== Episode: 92, Train Profit: 371.045, Train Reward: 0.876
======================================== Episode: 92, Valid Profit: 0, Valid Reward: 0
======================================== Episode: 93/100 ========================================
======================================== Episode: 93, Train Profit: 499.563, Train Reward: 0.932
======================================== Episode: 93, Valid Profit: 0, Valid Reward: 0
======================================== Episode: 94/100 ========================================
======================================== Episode: 94, Train Profit: 1096.007, Train Reward: 1.72
======================================== Episode: 94, Valid Profit: 0, Valid Reward: 0
======================================== Episode: 95/100 ========================================
======================================== Episode: 95, Train Profit: 253.193, Train Reward: 0.754
======================================== Episode: 95, Valid Profit: 0, Valid Reward: 0
======================================== Episode: 96/100 ========================================
======================================== Episode: 96, Train Profit: 409.367, Train Reward: 0.689
======================================== Episode: 96, Valid Profit: 0, Valid Reward: 0
======================================== Episode: 97/100 ========================================
======================================== Episode: 97, Train Profit: 391.066, Train Reward: 1.033
======================================== Episode: 97, Valid Profit: 0, Valid Reward: 0
======================================== Episode: 98/100 ========================================
======================================== Episode: 98, Train Profit: 230.896, Train Reward: 0.72
======================================== Episode: 98, Valid Profit: 0, Valid Reward: 0
======================================== Episode: 99/100 ========================================
======================================== Episode: 99, Train Profit: 1224.909, Train Reward: 1.867
======================================== Episode: 99, Valid Profit: 0, Valid Reward: 0
======================================== Episode: 100/100 ========================================
======================================== Episode: 100, Train Profit: 545.458, Train Reward: 0.898
======================================== Episode: 100, Valid Profit: 0, Valid Reward: 0
Config File
{'id': 0, 'trader': 'DQNFixedTargets', 'estimator': 'BaseEstimator', 'feature_used': 'adj_close', 'optimizer': 'AdamW', 'learning_rate': 0.001, 'criterion': 'MSELoss', 'eps_scheduler': 'EpsilonScheduler', 'epsilon': 1, 'epsilon_final': 0.01, 'epsilon_decay': 0.995, 'action_space': 3, 'window_size': 10, 'batch_size': 32, 'n_episodes': 100, 'replay_size': 10000, 'sync_steps': 1000}
======================================== Episode: 1/100 ========================================
======================================== Episode: 1, Train Profit: 2299.266, Train Reward: 2.95
======================================== Episode: 1, Valid Profit: 0, Valid Reward: 0
======================================== Episode: 2/100 ========================================
======================================== Episode: 2, Train Profit: 360.625, Train Reward: 0.877
======================================== Episode: 2, Valid Profit: 0, Valid Reward: 0
======================================== Episode: 3/100 ========================================
======================================== Episode: 3, Train Profit: 35.224, Train Reward: 0.53
======================================== Episode: 3, Valid Profit: 0, Valid Reward: 0
======================================== Episode: 4/100 ========================================
======================================== Episode: 4, Train Profit: 1341.4, Train Reward: 1.905
======================================== Episode: 4, Valid Profit: 0, Valid Reward: 0
======================================== Episode: 5/100 ========================================
======================================== Episode: 5, Train Profit: 1536.29, Train Reward: 2.048
======================================== Episode: 5, Valid Profit: 0, Valid Reward: 0
======================================== Episode: 6/100 ========================================
======================================== Episode: 6, Train Profit: 395.476, Train Reward: 0.766
======================================== Episode: 6, Valid Profit: 0, Valid Reward: 0
======================================== Episode: 7/100 ========================================
======================================== Episode: 7, Train Profit: 821.171, Train Reward: 1.272
======================================== Episode: 7, Valid Profit: 0, Valid Reward: 0
======================================== Episode: 8/100 ========================================
======================================== Episode: 8, Train Profit: 930.808, Train Reward: 1.634
======================================== Episode: 8, Valid Profit: 0, Valid Reward: 0
======================================== Episode: 9/100 ========================================
======================================== Episode: 9, Train Profit: 1400.06, Train Reward: 2.144
======================================== Episode: 9, Valid Profit: 0, Valid Reward: 0
======================================== Episode: 10/100 ========================================
======================================== Episode: 10, Train Profit: 621.571, Train Reward: 1.34
======================================== Episode: 10, Valid Profit: 0, Valid Reward: 0
======================================== Episode: 11/100 ========================================
======================================== Episode: 11, Train Profit: 1954.066, Train Reward: 2.535
======================================== Episode: 11, Valid Profit: 0, Valid Reward: 0
======================================== Episode: 12/100 ========================================
======================================== Episode: 12, Train Profit: 2366.8, Train Reward: 3.039
======================================== Episode: 12, Valid Profit: 0, Valid Reward: 0
======================================== Episode: 13/100 ========================================
======================================== Episode: 13, Train Profit: 582.615, Train Reward: 0.907
======================================== Episode: 13, Valid Profit: 0, Valid Reward: 0
======================================== Episode: 14/100 ========================================
======================================== Episode: 14, Train Profit: 391.253, Train Reward: 0.884
======================================== Episode: 14, Valid Profit: 0, Valid Reward: 0
======================================== Episode: 15/100 ========================================
======================================== Episode: 15, Train Profit: 1156.17, Train Reward: 1.797
======================================== Episode: 15, Valid Profit: 0, Valid Reward: 0
======================================== Episode: 16/100 ========================================
======================================== Episode: 16, Train Profit: 1034.419, Train Reward: 1.438
======================================== Episode: 16, Valid Profit: 0, Valid Reward: 0
======================================== Episode: 17/100 ========================================
======================================== Episode: 17, Train Profit: 530.044, Train Reward: 0.861
======================================== Episode: 17, Valid Profit: 0, Valid Reward: 0
======================================== Episode: 18/100 ========================================
======================================== Episode: 18, Train Profit: 316.307, Train Reward: 0.656
======================================== Episode: 18, Valid Profit: 0, Valid Reward: 0
======================================== Episode: 19/100 ========================================
======================================== Episode: 19, Train Profit: 531.932, Train Reward: 0.957
======================================== Episode: 19, Valid Profit: 0, Valid Reward: 0
======================================== Episode: 20/100 ========================================
======================================== Episode: 20, Train Profit: 821.618, Train Reward: 1.349
======================================== Episode: 20, Valid Profit: 0, Valid Reward: 0
======================================== Episode: 21/100 ========================================
======================================== Episode: 21, Train Profit: 1274.74, Train Reward: 1.817
======================================== Episode: 21, Valid Profit: 0, Valid Reward: 0
======================================== Episode: 22/100 ========================================
======================================== Episode: 22, Train Profit: 1378.567, Train Reward: 1.837
======================================== Episode: 22, Valid Profit: 0, Valid Reward: 0
======================================== Episode: 23/100 ========================================
======================================== Episode: 23, Train Profit: 3043.394, Train Reward: 3.77
======================================== Episode: 23, Valid Profit: 0, Valid Reward: 0
======================================== Episode: 24/100 ========================================
======================================== Episode: 24, Train Profit: 354.933, Train Reward: 0.777
======================================== Episode: 24, Valid Profit: 0, Valid Reward: 0
======================================== Episode: 25/100 ========================================
======================================== Episode: 25, Train Profit: 371.388, Train Reward: 0.709
======================================== Episode: 25, Valid Profit: 0, Valid Reward: 0
======================================== Episode: 26/100 ========================================
======================================== Episode: 26, Train Profit: 424.358, Train Reward: 0.907
======================================== Episode: 26, Valid Profit: 0, Valid Reward: 0
======================================== Episode: 27/100 ========================================
======================================== Episode: 27, Train Profit: 928.158, Train Reward: 1.467
======================================== Episode: 27, Valid Profit: 0, Valid Reward: 0
======================================== Episode: 28/100 ========================================
======================================== Episode: 28, Train Profit: 577.654, Train Reward: 1.047
======================================== Episode: 28, Valid Profit: 0, Valid Reward: 0
======================================== Episode: 29/100 ========================================
======================================== Episode: 29, Train Profit: 276.201, Train Reward: 0.93
======================================== Episode: 29, Valid Profit: 0, Valid Reward: 0
======================================== Episode: 30/100 ========================================
======================================== Episode: 30, Train Profit: 679.168, Train Reward: 1.143
======================================== Episode: 30, Valid Profit: 0, Valid Reward: 0
======================================== Episode: 31/100 ========================================
======================================== Episode: 31, Train Profit: 746.079, Train Reward: 1.218
======================================== Episode: 31, Valid Profit: 0, Valid Reward: 0
======================================== Episode: 32/100 ========================================
======================================== Episode: 32, Train Profit: 2051.767, Train Reward: 2.598
======================================== Episode: 32, Valid Profit: 0, Valid Reward: 0
======================================== Episode: 33/100 ========================================
======================================== Episode: 33, Train Profit: 496.14, Train Reward: 0.874
======================================== Episode: 33, Valid Profit: 0, Valid Reward: 0
======================================== Episode: 34/100 ========================================
======================================== Episode: 34, Train Profit: 368.008, Train Reward: 0.803
======================================== Episode: 34, Valid Profit: 0, Valid Reward: 0
======================================== Episode: 35/100 ========================================
======================================== Episode: 35, Train Profit: 883.535, Train Reward: 1.478
======================================== Episode: 35, Valid Profit: 0, Valid Reward: 0
======================================== Episode: 36/100 ========================================
======================================== Episode: 36, Train Profit: 340.858, Train Reward: 0.784
======================================== Episode: 36, Valid Profit: 0, Valid Reward: 0
======================================== Episode: 37/100 ========================================
======================================== Episode: 37, Train Profit: 694.872, Train Reward: 1.179
======================================== Episode: 37, Valid Profit: 0, Valid Reward: 0
======================================== Episode: 38/100 ========================================
======================================== Episode: 38, Train Profit: 1660.3, Train Reward: 2.438
======================================== Episode: 38, Valid Profit: 0, Valid Reward: 0
======================================== Episode: 39/100 ========================================
======================================== Episode: 39, Train Profit: 1041.257, Train Reward: 1.601
======================================== Episode: 39, Valid Profit: 0, Valid Reward: 0
======================================== Episode: 40/100 ========================================
======================================== Episode: 40, Train Profit: 770.019, Train Reward: 1.439
======================================== Episode: 40, Valid Profit: 0, Valid Reward: 0
======================================== Episode: 41/100 ========================================
======================================== Episode: 41, Train Profit: 1362.13, Train Reward: 1.929
======================================== Episode: 41, Valid Profit: 0, Valid Reward: 0
======================================== Episode: 42/100 ========================================
======================================== Episode: 42, Train Profit: 2082.1, Train Reward: 2.786
======================================== Episode: 42, Valid Profit: 0, Valid Reward: 0
======================================== Episode: 43/100 ========================================
======================================== Episode: 43, Train Profit: 1275.36, Train Reward: 2.009
======================================== Episode: 43, Valid Profit: 0, Valid Reward: 0
======================================== Episode: 44/100 ========================================
======================================== Episode: 44, Train Profit: 138.902, Train Reward: 0.671
======================================== Episode: 44, Valid Profit: 0, Valid Reward: 0
======================================== Episode: 45/100 ========================================
======================================== Episode: 45, Train Profit: 1571.661, Train Reward: 2.283
======================================== Episode: 45, Valid Profit: 0, Valid Reward: 0
======================================== Episode: 46/100 ========================================
======================================== Episode: 46, Train Profit: 893.246, Train Reward: 1.446
======================================== Episode: 46, Valid Profit: 0, Valid Reward: 0
======================================== Episode: 47/100 ========================================
======================================== Episode: 47, Train Profit: 315.789, Train Reward: 0.64
======================================== Episode: 47, Valid Profit: 0, Valid Reward: 0
======================================== Episode: 48/100 ========================================
======================================== Episode: 48, Train Profit: 1035.45, Train Reward: 1.661
======================================== Episode: 48, Valid Profit: 0, Valid Reward: 0
======================================== Episode: 49/100 ========================================
======================================== Episode: 49, Train Profit: 237.607, Train Reward: 0.615
======================================== Episode: 49, Valid Profit: 0, Valid Reward: 0
======================================== Episode: 50/100 ========================================
======================================== Episode: 50, Train Profit: 1162.64, Train Reward: 1.653
======================================== Episode: 50, Valid Profit: 0, Valid Reward: 0
======================================== Episode: 51/100 ========================================
======================================== Episode: 51, Train Profit: 677.287, Train Reward: 1.235
======================================== Episode: 51, Valid Profit: 0, Valid Reward: 0
======================================== Episode: 52/100 ========================================
======================================== Episode: 52, Train Profit: 241.909, Train Reward: 0.738
======================================== Episode: 52, Valid Profit: 0, Valid Reward: 0
======================================== Episode: 53/100 ========================================
======================================== Episode: 53, Train Profit: 1371.472, Train Reward: 2.171
======================================== Episode: 53, Valid Profit: 0, Valid Reward: 0
======================================== Episode: 54/100 ========================================
======================================== Episode: 54, Train Profit: 1180.435, Train Reward: 1.688
======================================== Episode: 54, Valid Profit: 0, Valid Reward: 0
======================================== Episode: 55/100 ========================================
======================================== Episode: 55, Train Profit: 1896.739, Train Reward: 2.294
======================================== Episode: 55, Valid Profit: 0, Valid Reward: 0
======================================== Episode: 56/100 ========================================
======================================== Episode: 56, Train Profit: 1437.719, Train Reward: 1.959
======================================== Episode: 56, Valid Profit: 0, Valid Reward: 0
======================================== Episode: 57/100 ========================================
======================================== Episode: 57, Train Profit: 681.125, Train Reward: 1.075
======================================== Episode: 57, Valid Profit: 0, Valid Reward: 0
======================================== Episode: 58/100 ========================================
======================================== Episode: 58, Train Profit: 380.897, Train Reward: 0.875
======================================== Episode: 58, Valid Profit: 0, Valid Reward: 0
======================================== Episode: 59/100 ========================================
======================================== Episode: 59, Train Profit: 380.102, Train Reward: 0.734
======================================== Episode: 59, Valid Profit: 0, Valid Reward: 0
======================================== Episode: 60/100 ========================================
======================================== Episode: 60, Train Profit: 1256.939, Train Reward: 1.807
======================================== Episode: 60, Valid Profit: 0, Valid Reward: 0
======================================== Episode: 61/100 ========================================
======================================== Episode: 61, Train Profit: 718.692, Train Reward: 1.323
======================================== Episode: 61, Valid Profit: 0, Valid Reward: 0
======================================== Episode: 62/100 ========================================
======================================== Episode: 62, Train Profit: 504.773, Train Reward: 1.013
======================================== Episode: 62, Valid Profit: 0, Valid Reward: 0
======================================== Episode: 63/100 ========================================
======================================== Episode: 63, Train Profit: 520.809, Train Reward: 1.253
======================================== Episode: 63, Valid Profit: 0, Valid Reward: 0
======================================== Episode: 64/100 ========================================
======================================== Episode: 64, Train Profit: 10.367, Train Reward: 0.641
======================================== Episode: 64, Valid Profit: 0, Valid Reward: 0
======================================== Episode: 65/100 ========================================
======================================== Episode: 65, Train Profit: 417.864, Train Reward: 0.83
======================================== Episode: 65, Valid Profit: 0, Valid Reward: 0
======================================== Episode: 66/100 ========================================
======================================== Episode: 66, Train Profit: 518.751, Train Reward: 0.94
======================================== Episode: 66, Valid Profit: 0, Valid Reward: 0
======================================== Episode: 67/100 ========================================
======================================== Episode: 67, Train Profit: 260.421, Train Reward: 0.681
======================================== Episode: 67, Valid Profit: 0, Valid Reward: 0
======================================== Episode: 68/100 ========================================
======================================== Episode: 68, Train Profit: 592.748, Train Reward: 1.15
======================================== Episode: 68, Valid Profit: 0, Valid Reward: 0
======================================== Episode: 69/100 ========================================
======================================== Episode: 69, Train Profit: 350.33, Train Reward: 0.774
======================================== Episode: 69, Valid Profit: 0, Valid Reward: 0
======================================== Episode: 70/100 ========================================
======================================== Episode: 70, Train Profit: 1390.769, Train Reward: 1.948
======================================== Episode: 70, Valid Profit: 0, Valid Reward: 0
======================================== Episode: 71/100 ========================================
======================================== Episode: 71, Train Profit: 638.253, Train Reward: 1.101
======================================== Episode: 71, Valid Profit: 0, Valid Reward: 0
======================================== Episode: 72/100 ========================================
======================================== Episode: 72, Train Profit: 693.317, Train Reward: 1.09
======================================== Episode: 72, Valid Profit: 0, Valid Reward: 0
======================================== Episode: 73/100 ========================================
======================================== Episode: 73, Train Profit: 686.678, Train Reward: 1.239
======================================== Episode: 73, Valid Profit: 0, Valid Reward: 0
======================================== Episode: 74/100 ========================================
======================================== Episode: 74, Train Profit: 397.721, Train Reward: 0.669
======================================== Episode: 74, Valid Profit: 0, Valid Reward: 0
======================================== Episode: 75/100 ========================================
======================================== Episode: 75, Train Profit: 1867.041, Train Reward: 2.414
======================================== Episode: 75, Valid Profit: 0, Valid Reward: 0
======================================== Episode: 76/100 ========================================
======================================== Episode: 76, Train Profit: 2238.069, Train Reward: 3.0
======================================== Episode: 76, Valid Profit: 0, Valid Reward: 0
======================================== Episode: 77/100 ========================================
======================================== Episode: 77, Train Profit: 289.383, Train Reward: 0.588
======================================== Episode: 77, Valid Profit: 0, Valid Reward: 0
======================================== Episode: 78/100 ========================================
======================================== Episode: 78, Train Profit: 600.906, Train Reward: 1.033
======================================== Episode: 78, Valid Profit: 0, Valid Reward: 0
======================================== Episode: 79/100 ========================================
======================================== Episode: 79, Train Profit: 518.876, Train Reward: 0.816
======================================== Episode: 79, Valid Profit: 0, Valid Reward: 0
======================================== Episode: 80/100 ========================================
======================================== Episode: 80, Train Profit: 148.979, Train Reward: 0.771
======================================== Episode: 80, Valid Profit: 0, Valid Reward: 0
======================================== Episode: 81/100 ========================================
======================================== Episode: 81, Train Profit: 2460.96, Train Reward: 3.139
======================================== Episode: 81, Valid Profit: 0, Valid Reward: 0
======================================== Episode: 82/100 ========================================
======================================== Episode: 82, Train Profit: 150.425, Train Reward: 0.542
======================================== Episode: 82, Valid Profit: 0, Valid Reward: 0
======================================== Episode: 83/100 ========================================
======================================== Episode: 83, Train Profit: 479.318, Train Reward: 0.964
======================================== Episode: 83, Valid Profit: 0, Valid Reward: 0
======================================== Episode: 84/100 ========================================
======================================== Episode: 84, Train Profit: 456.239, Train Reward: 0.83
======================================== Episode: 84, Valid Profit: 0, Valid Reward: 0
======================================== Episode: 85/100 ========================================
======================================== Episode: 85, Train Profit: 103.586, Train Reward: 0.421
======================================== Episode: 85, Valid Profit: 0, Valid Reward: 0
======================================== Episode: 86/100 ========================================
======================================== Episode: 86, Train Profit: 305.669, Train Reward: 0.634
======================================== Episode: 86, Valid Profit: 0, Valid Reward: 0
======================================== Episode: 87/100 ========================================
======================================== Episode: 87, Train Profit: 341.459, Train Reward: 0.605
======================================== Episode: 87, Valid Profit: 0, Valid Reward: 0
======================================== Episode: 88/100 ========================================
======================================== Episode: 88, Train Profit: 134.54, Train Reward: 0.492
======================================== Episode: 88, Valid Profit: 0, Valid Reward: 0
======================================== Episode: 89/100 ========================================
======================================== Episode: 89, Train Profit: 504.778, Train Reward: 0.884
======================================== Episode: 89, Valid Profit: 0, Valid Reward: 0
======================================== Episode: 90/100 ========================================
======================================== Episode: 90, Train Profit: 806.212, Train Reward: 1.443
======================================== Episode: 90, Valid Profit: 0, Valid Reward: 0
======================================== Episode: 91/100 ========================================
======================================== Episode: 91, Train Profit: 676.377, Train Reward: 1.051
======================================== Episode: 91, Valid Profit: 0, Valid Reward: 0
======================================== Episode: 92/100 ========================================
======================================== Episode: 92, Train Profit: 371.045, Train Reward: 0.876
======================================== Episode: 92, Valid Profit: 0, Valid Reward: 0
======================================== Episode: 93/100 ========================================
======================================== Episode: 93, Train Profit: 499.563, Train Reward: 0.932
======================================== Episode: 93, Valid Profit: 0, Valid Reward: 0
======================================== Episode: 94/100 ========================================
======================================== Episode: 94, Train Profit: 1096.007, Train Reward: 1.72
======================================== Episode: 94, Valid Profit: 0, Valid Reward: 0
======================================== Episode: 95/100 ========================================
======================================== Episode: 95, Train Profit: 253.193, Train Reward: 0.754
======================================== Episode: 95, Valid Profit: 0, Valid Reward: 0
======================================== Episode: 96/100 ========================================
======================================== Episode: 96, Train Profit: 409.367, Train Reward: 0.689
======================================== Episode: 96, Valid Profit: 0, Valid Reward: 0
======================================== Episode: 97/100 ========================================
======================================== Episode: 97, Train Profit: 391.066, Train Reward: 1.033
======================================== Episode: 97, Valid Profit: 0, Valid Reward: 0
======================================== Episode: 98/100 ========================================
======================================== Episode: 98, Train Profit: 230.896, Train Reward: 0.72
======================================== Episode: 98, Valid Profit: 0, Valid Reward: 0
======================================== Episode: 99/100 ========================================
======================================== Episode: 99, Train Profit: 1224.909, Train Reward: 1.867
======================================== Episode: 99, Valid Profit: 0, Valid Reward: 0
======================================== Episode: 100/100 ========================================
======================================== Episode: 100, Train Profit: 545.458, Train Reward: 0.898
======================================== Episode: 100, Valid Profit: 0, Valid Reward: 0
