Config File
{'id': 7, 'trader': 'DQNFixedTargets', 'estimator': 'BaseDuelingEstimator', 'features_used': ['adj_close', 'close_delta', 'rsi_6', 'cci_10', 'atr_13', 'stochrsi_6', 'rsv_6', 'middle_10_trix', 'middle_10_tema', 'vr_6', 'high_5_sma', 'high_5_mstd', 'high_5_mvar'], 'target_used': 'adj_close', 'normalizer': ['percent', 'minmax', 'minmax', 'minmax', 'minmax', 'minmax', 'minmax', 'minmax', 'minmax', 'softmax', 'minmax', 'minmax', 'minmax'], 'optimizer': 'AdamW', 'learning_rate': 0.0005, 'criterion': 'MSELoss', 'eps_scheduler': 'EpsilonScheduler', 'epsilon': 1, 'epsilon_final': 0.01, 'epsilon_decay': 0.995, 'action_space': 3, 'window_size': 10, 'batch_size': 128, 'n_episodes': 200, 'replay_size': 1000, 'sync_steps': 1000, 'prob_alpha': 0.6, 'beta_start': 0.4}
======================================== Episode: 1/200 ========================================
======================================== Episode: 1, Train Profit: 2299.266, Train Reward: 2.95
======================================== Episode: 1, Valid Profit: 0, Valid Reward: 0
======================================== Episode: 2/200 ========================================
======================================== Episode: 2, Train Profit: 282.546, Train Reward: 0.763
======================================== Episode: 2, Valid Profit: 0, Valid Reward: 0
======================================== Episode: 3/200 ========================================
======================================== Episode: 3, Train Profit: 111.665, Train Reward: 0.573
======================================== Episode: 3, Valid Profit: 0, Valid Reward: 0
======================================== Episode: 4/200 ========================================
======================================== Episode: 4, Train Profit: 1456.603, Train Reward: 2.073
======================================== Episode: 4, Valid Profit: 0, Valid Reward: 0
======================================== Episode: 5/200 ========================================
======================================== Episode: 5, Train Profit: 1359.942, Train Reward: 1.866
======================================== Episode: 5, Valid Profit: 0, Valid Reward: 0
======================================== Episode: 6/200 ========================================
======================================== Episode: 6, Train Profit: 394.846, Train Reward: 0.767
======================================== Episode: 6, Valid Profit: 0, Valid Reward: 0
======================================== Episode: 7/200 ========================================
======================================== Episode: 7, Train Profit: 491.447, Train Reward: 0.989
======================================== Episode: 7, Valid Profit: 0, Valid Reward: 0
======================================== Episode: 8/200 ========================================
======================================== Episode: 8, Train Profit: 410.862, Train Reward: 1.076
======================================== Episode: 8, Valid Profit: 0, Valid Reward: 0
======================================== Episode: 9/200 ========================================
======================================== Episode: 9, Train Profit: 410.185, Train Reward: 0.876
======================================== Episode: 9, Valid Profit: 0, Valid Reward: 0
======================================== Episode: 10/200 ========================================
======================================== Episode: 10, Train Profit: 379.649, Train Reward: 0.887
======================================== Episode: 10, Valid Profit: 0, Valid Reward: 0
======================================== Episode: 11/200 ========================================
======================================== Episode: 11, Train Profit: 1187.492, Train Reward: 1.77
======================================== Episode: 11, Valid Profit: 0, Valid Reward: 0
======================================== Episode: 12/200 ========================================
======================================== Episode: 12, Train Profit: 462.521, Train Reward: 0.911
======================================== Episode: 12, Valid Profit: 0, Valid Reward: 0
======================================== Episode: 13/200 ========================================
======================================== Episode: 13, Train Profit: 164.435, Train Reward: 0.375
======================================== Episode: 13, Valid Profit: 0, Valid Reward: 0
======================================== Episode: 14/200 ========================================
======================================== Episode: 14, Train Profit: 469.634, Train Reward: 0.799
======================================== Episode: 14, Valid Profit: 0, Valid Reward: 0
======================================== Episode: 15/200 ========================================
======================================== Episode: 15, Train Profit: 2132.8, Train Reward: 2.797
======================================== Episode: 15, Valid Profit: 0, Valid Reward: 0
======================================== Episode: 16/200 ========================================
======================================== Episode: 16, Train Profit: 22.625, Train Reward: 0.497
======================================== Episode: 16, Valid Profit: 0, Valid Reward: 0
======================================== Episode: 17/200 ========================================
======================================== Episode: 17, Train Profit: 110.061, Train Reward: 0.337
======================================== Episode: 17, Valid Profit: 0, Valid Reward: 0
======================================== Episode: 18/200 ========================================
======================================== Episode: 18, Train Profit: 710.07, Train Reward: 1.202
======================================== Episode: 18, Valid Profit: 0, Valid Reward: 0
======================================== Episode: 19/200 ========================================
======================================== Episode: 19, Train Profit: 2157.957, Train Reward: 2.658
======================================== Episode: 19, Valid Profit: 0, Valid Reward: 0
======================================== Episode: 20/200 ========================================
======================================== Episode: 20, Train Profit: 290.418, Train Reward: 0.905
======================================== Episode: 20, Valid Profit: 0, Valid Reward: 0
======================================== Episode: 21/200 ========================================
======================================== Episode: 21, Train Profit: 72.583, Train Reward: 0.333
======================================== Episode: 21, Valid Profit: 0, Valid Reward: 0
======================================== Episode: 22/200 ========================================
======================================== Episode: 22, Train Profit: 1017.514, Train Reward: 1.467
======================================== Episode: 22, Valid Profit: 0, Valid Reward: 0
======================================== Episode: 23/200 ========================================
======================================== Episode: 23, Train Profit: 3694.466, Train Reward: 4.578
======================================== Episode: 23, Valid Profit: 0, Valid Reward: 0
======================================== Episode: 24/200 ========================================
======================================== Episode: 24, Train Profit: 218.566, Train Reward: 0.511
======================================== Episode: 24, Valid Profit: 0, Valid Reward: 0
======================================== Episode: 25/200 ========================================
======================================== Episode: 25, Train Profit: -37.921, Train Reward: 0.243
======================================== Episode: 25, Valid Profit: 0, Valid Reward: 0
======================================== Episode: 26/200 ========================================
======================================== Episode: 26, Train Profit: 190.24, Train Reward: 0.412
======================================== Episode: 26, Valid Profit: 0, Valid Reward: 0
======================================== Episode: 27/200 ========================================
======================================== Episode: 27, Train Profit: 129.347, Train Reward: 0.493
======================================== Episode: 27, Valid Profit: 0, Valid Reward: 0
======================================== Episode: 28/200 ========================================
======================================== Episode: 28, Train Profit: 2392.062, Train Reward: 3.134
======================================== Episode: 28, Valid Profit: 0, Valid Reward: 0
======================================== Episode: 29/200 ========================================
======================================== Episode: 29, Train Profit: 212.512, Train Reward: 0.836
======================================== Episode: 29, Valid Profit: 0, Valid Reward: 0
======================================== Episode: 30/200 ========================================
======================================== Episode: 30, Train Profit: 60.43, Train Reward: 0.282
======================================== Episode: 30, Valid Profit: 0, Valid Reward: 0
======================================== Episode: 31/200 ========================================
======================================== Episode: 31, Train Profit: 1056.284, Train Reward: 1.388
======================================== Episode: 31, Valid Profit: 0, Valid Reward: 0
======================================== Episode: 32/200 ========================================
======================================== Episode: 32, Train Profit: 360.398, Train Reward: 0.719
======================================== Episode: 32, Valid Profit: 0, Valid Reward: 0
======================================== Episode: 33/200 ========================================
======================================== Episode: 33, Train Profit: 270.897, Train Reward: 0.695
======================================== Episode: 33, Valid Profit: 0, Valid Reward: 0
======================================== Episode: 34/200 ========================================
======================================== Episode: 34, Train Profit: 191.548, Train Reward: 0.35
======================================== Episode: 34, Valid Profit: 0, Valid Reward: 0
======================================== Episode: 35/200 ========================================
======================================== Episode: 35, Train Profit: 555.563, Train Reward: 0.919
======================================== Episode: 35, Valid Profit: 0, Valid Reward: 0
======================================== Episode: 36/200 ========================================
======================================== Episode: 36, Train Profit: 141.112, Train Reward: 0.352
======================================== Episode: 36, Valid Profit: 0, Valid Reward: 0
======================================== Episode: 37/200 ========================================
======================================== Episode: 37, Train Profit: 181.36, Train Reward: 0.325
======================================== Episode: 37, Valid Profit: 0, Valid Reward: 0
======================================== Episode: 38/200 ========================================
======================================== Episode: 38, Train Profit: 140.772, Train Reward: 0.294
======================================== Episode: 38, Valid Profit: 0, Valid Reward: 0
======================================== Episode: 39/200 ========================================
======================================== Episode: 39, Train Profit: 135.05, Train Reward: 0.359
======================================== Episode: 39, Valid Profit: 0, Valid Reward: 0
======================================== Episode: 40/200 ========================================
======================================== Episode: 40, Train Profit: 98.881, Train Reward: 0.311
======================================== Episode: 40, Valid Profit: 0, Valid Reward: 0
======================================== Episode: 41/200 ========================================
======================================== Episode: 41, Train Profit: -3.182, Train Reward: 0.248
======================================== Episode: 41, Valid Profit: 0, Valid Reward: 0
======================================== Episode: 42/200 ========================================
======================================== Episode: 42, Train Profit: 101.192, Train Reward: 0.301
======================================== Episode: 42, Valid Profit: 0, Valid Reward: 0
======================================== Episode: 43/200 ========================================
======================================== Episode: 43, Train Profit: 105.264, Train Reward: 0.426
======================================== Episode: 43, Valid Profit: 0, Valid Reward: 0
======================================== Episode: 44/200 ========================================
======================================== Episode: 44, Train Profit: 72.744, Train Reward: 0.256
======================================== Episode: 44, Valid Profit: 0, Valid Reward: 0
======================================== Episode: 45/200 ========================================
======================================== Episode: 45, Train Profit: 101.378, Train Reward: 0.338
======================================== Episode: 45, Valid Profit: 0, Valid Reward: 0
======================================== Episode: 46/200 ========================================
======================================== Episode: 46, Train Profit: 347.686, Train Reward: 0.514
======================================== Episode: 46, Valid Profit: 0, Valid Reward: 0
======================================== Episode: 47/200 ========================================
======================================== Episode: 47, Train Profit: 40.567, Train Reward: 0.279
======================================== Episode: 47, Valid Profit: 0, Valid Reward: 0
======================================== Episode: 48/200 ========================================
======================================== Episode: 48, Train Profit: -65.993, Train Reward: 0.292
======================================== Episode: 48, Valid Profit: 0, Valid Reward: 0
======================================== Episode: 49/200 ========================================
======================================== Episode: 49, Train Profit: 107.222, Train Reward: 0.293
======================================== Episode: 49, Valid Profit: 0, Valid Reward: 0
======================================== Episode: 50/200 ========================================
======================================== Episode: 50, Train Profit: 126.444, Train Reward: 0.332
======================================== Episode: 50, Valid Profit: 0, Valid Reward: 0
======================================== Episode: 51/200 ========================================
======================================== Episode: 51, Train Profit: 178.58, Train Reward: 0.417
======================================== Episode: 51, Valid Profit: 0, Valid Reward: 0
======================================== Episode: 52/200 ========================================
======================================== Episode: 52, Train Profit: 112.362, Train Reward: 0.263
======================================== Episode: 52, Valid Profit: 0, Valid Reward: 0
======================================== Episode: 53/200 ========================================
======================================== Episode: 53, Train Profit: -19.417, Train Reward: 0.187
======================================== Episode: 53, Valid Profit: 0, Valid Reward: 0
======================================== Episode: 54/200 ========================================
======================================== Episode: 54, Train Profit: 105.253, Train Reward: 0.24
======================================== Episode: 54, Valid Profit: 0, Valid Reward: 0
======================================== Episode: 55/200 ========================================
======================================== Episode: 55, Train Profit: 265.24, Train Reward: 0.422
======================================== Episode: 55, Valid Profit: 0, Valid Reward: 0
======================================== Episode: 56/200 ========================================
======================================== Episode: 56, Train Profit: 491.563, Train Reward: 0.751
======================================== Episode: 56, Valid Profit: 0, Valid Reward: 0
======================================== Episode: 57/200 ========================================
======================================== Episode: 57, Train Profit: 45.864, Train Reward: 0.211
======================================== Episode: 57, Valid Profit: 0, Valid Reward: 0
======================================== Episode: 58/200 ========================================
======================================== Episode: 58, Train Profit: 2.235, Train Reward: 0.359
======================================== Episode: 58, Valid Profit: 0, Valid Reward: 0
======================================== Episode: 59/200 ========================================
======================================== Episode: 59, Train Profit: 206.333, Train Reward: 0.371
======================================== Episode: 59, Valid Profit: 0, Valid Reward: 0
======================================== Episode: 60/200 ========================================
======================================== Episode: 60, Train Profit: 167.277, Train Reward: 0.306
======================================== Episode: 60, Valid Profit: 0, Valid Reward: 0
======================================== Episode: 61/200 ========================================
======================================== Episode: 61, Train Profit: 32.211, Train Reward: 0.228
======================================== Episode: 61, Valid Profit: 0, Valid Reward: 0
======================================== Episode: 62/200 ========================================
======================================== Episode: 62, Train Profit: 87.508, Train Reward: 0.211
======================================== Episode: 62, Valid Profit: 0, Valid Reward: 0
======================================== Episode: 63/200 ========================================
======================================== Episode: 63, Train Profit: 115.721, Train Reward: 0.278
======================================== Episode: 63, Valid Profit: 0, Valid Reward: 0
======================================== Episode: 64/200 ========================================
======================================== Episode: 64, Train Profit: 253.961, Train Reward: 0.426
======================================== Episode: 64, Valid Profit: 0, Valid Reward: 0
======================================== Episode: 65/200 ========================================
======================================== Episode: 65, Train Profit: 123.591, Train Reward: 0.257
======================================== Episode: 65, Valid Profit: 0, Valid Reward: 0
======================================== Episode: 66/200 ========================================
======================================== Episode: 66, Train Profit: 10.026, Train Reward: 0.161
======================================== Episode: 66, Valid Profit: 0, Valid Reward: 0
======================================== Episode: 67/200 ========================================
======================================== Episode: 67, Train Profit: 143.311, Train Reward: 0.263
======================================== Episode: 67, Valid Profit: 0, Valid Reward: 0
======================================== Episode: 68/200 ========================================
======================================== Episode: 68, Train Profit: 81.311, Train Reward: 0.242
======================================== Episode: 68, Valid Profit: 0, Valid Reward: 0
======================================== Episode: 69/200 ========================================
======================================== Episode: 69, Train Profit: 83.089, Train Reward: 0.235
======================================== Episode: 69, Valid Profit: 0, Valid Reward: 0
======================================== Episode: 70/200 ========================================
======================================== Episode: 70, Train Profit: 137.853, Train Reward: 0.293
======================================== Episode: 70, Valid Profit: 0, Valid Reward: 0
======================================== Episode: 71/200 ========================================
======================================== Episode: 71, Train Profit: 122.233, Train Reward: 0.248
======================================== Episode: 71, Valid Profit: 0, Valid Reward: 0
======================================== Episode: 72/200 ========================================
======================================== Episode: 72, Train Profit: 35.981, Train Reward: 0.176
======================================== Episode: 72, Valid Profit: 0, Valid Reward: 0
======================================== Episode: 73/200 ========================================
======================================== Episode: 73, Train Profit: 94.98, Train Reward: 0.281
======================================== Episode: 73, Valid Profit: 0, Valid Reward: 0
======================================== Episode: 74/200 ========================================
======================================== Episode: 74, Train Profit: 173.84, Train Reward: 0.312
======================================== Episode: 74, Valid Profit: 0, Valid Reward: 0
======================================== Episode: 75/200 ========================================
======================================== Episode: 75, Train Profit: -41.543, Train Reward: 0.146
======================================== Episode: 75, Valid Profit: 0, Valid Reward: 0
======================================== Episode: 76/200 ========================================
======================================== Episode: 76, Train Profit: 77.97, Train Reward: 0.225
======================================== Episode: 76, Valid Profit: 0, Valid Reward: 0
======================================== Episode: 77/200 ========================================
======================================== Episode: 77, Train Profit: 35.507, Train Reward: 0.153
======================================== Episode: 77, Valid Profit: 0, Valid Reward: 0
======================================== Episode: 78/200 ========================================
======================================== Episode: 78, Train Profit: 75.865, Train Reward: 0.262
======================================== Episode: 78, Valid Profit: 0, Valid Reward: 0
======================================== Episode: 79/200 ========================================
======================================== Episode: 79, Train Profit: 393.432, Train Reward: 0.646
======================================== Episode: 79, Valid Profit: 0, Valid Reward: 0
======================================== Episode: 80/200 ========================================
======================================== Episode: 80, Train Profit: -12.441, Train Reward: 0.211
======================================== Episode: 80, Valid Profit: 0, Valid Reward: 0
======================================== Episode: 81/200 ========================================
======================================== Episode: 81, Train Profit: 35.098, Train Reward: 0.168
======================================== Episode: 81, Valid Profit: 0, Valid Reward: 0
======================================== Episode: 82/200 ========================================
======================================== Episode: 82, Train Profit: 1279.062, Train Reward: 1.55
======================================== Episode: 82, Valid Profit: 706.678, Valid Reward: 706.678
======================================== Episode: 83/200 ========================================
======================================== Episode: 83, Train Profit: 4741.989, Train Reward: 5.414
======================================== Episode: 83, Valid Profit: 0, Valid Reward: 0
======================================== Episode: 84/200 ========================================
======================================== Episode: 84, Train Profit: 15.016, Train Reward: 0.143
======================================== Episode: 84, Valid Profit: 0, Valid Reward: 0
======================================== Episode: 85/200 ========================================
======================================== Episode: 85, Train Profit: 44.149, Train Reward: 0.172
======================================== Episode: 85, Valid Profit: 0, Valid Reward: 0
======================================== Episode: 86/200 ========================================
======================================== Episode: 86, Train Profit: 90.79, Train Reward: 0.213
======================================== Episode: 86, Valid Profit: 0, Valid Reward: 0
======================================== Episode: 87/200 ========================================
======================================== Episode: 87, Train Profit: 817.87, Train Reward: 1.115
======================================== Episode: 87, Valid Profit: 0, Valid Reward: 0
======================================== Episode: 88/200 ========================================
======================================== Episode: 88, Train Profit: 2874.607, Train Reward: 3.354
======================================== Episode: 88, Valid Profit: 0, Valid Reward: 0
======================================== Episode: 89/200 ========================================
======================================== Episode: 89, Train Profit: 6341.433, Train Reward: 7.257
======================================== Episode: 89, Valid Profit: 0, Valid Reward: 0
======================================== Episode: 90/200 ========================================
======================================== Episode: 90, Train Profit: 37.803, Train Reward: 0.144
======================================== Episode: 90, Valid Profit: 0, Valid Reward: 0
======================================== Episode: 91/200 ========================================
======================================== Episode: 91, Train Profit: 13.497, Train Reward: 0.186
======================================== Episode: 91, Valid Profit: 0, Valid Reward: 0
======================================== Episode: 92/200 ========================================
======================================== Episode: 92, Train Profit: 66.462, Train Reward: 0.191
======================================== Episode: 92, Valid Profit: 0, Valid Reward: 0
======================================== Episode: 93/200 ========================================
======================================== Episode: 93, Train Profit: 2922.881, Train Reward: 3.373
======================================== Episode: 93, Valid Profit: 0, Valid Reward: 0
======================================== Episode: 94/200 ========================================
======================================== Episode: 94, Train Profit: 2647.657, Train Reward: 3.077
======================================== Episode: 94, Valid Profit: 0, Valid Reward: 0
======================================== Episode: 95/200 ========================================
======================================== Episode: 95, Train Profit: 24.966, Train Reward: 0.197
======================================== Episode: 95, Valid Profit: 0, Valid Reward: 0
======================================== Episode: 96/200 ========================================
======================================== Episode: 96, Train Profit: 14.846, Train Reward: 0.141
======================================== Episode: 96, Valid Profit: 0, Valid Reward: 0
======================================== Episode: 97/200 ========================================
======================================== Episode: 97, Train Profit: 672.063, Train Reward: 0.875
======================================== Episode: 97, Valid Profit: 0, Valid Reward: 0
======================================== Episode: 98/200 ========================================
======================================== Episode: 98, Train Profit: 801.165, Train Reward: 1.103
======================================== Episode: 98, Valid Profit: 0, Valid Reward: 0
======================================== Episode: 99/200 ========================================
======================================== Episode: 99, Train Profit: 4715.213, Train Reward: 5.4
======================================== Episode: 99, Valid Profit: 0, Valid Reward: 0
======================================== Episode: 100/200 ========================================
======================================== Episode: 100, Train Profit: 8.327, Train Reward: 0.167
======================================== Episode: 100, Valid Profit: 0, Valid Reward: 0
======================================== Episode: 101/200 ========================================
======================================== Episode: 101, Train Profit: 20.959, Train Reward: 0.162
======================================== Episode: 101, Valid Profit: 0, Valid Reward: 0
======================================== Episode: 102/200 ========================================
======================================== Episode: 102, Train Profit: 64.637, Train Reward: 0.171
======================================== Episode: 102, Valid Profit: 0, Valid Reward: 0
======================================== Episode: 103/200 ========================================
======================================== Episode: 103, Train Profit: 2273.181, Train Reward: 2.878
======================================== Episode: 103, Valid Profit: 0, Valid Reward: 0
======================================== Episode: 104/200 ========================================
======================================== Episode: 104, Train Profit: 3329.92, Train Reward: 3.822
======================================== Episode: 104, Valid Profit: 0, Valid Reward: 0
======================================== Episode: 105/200 ========================================
======================================== Episode: 105, Train Profit: 38.192, Train Reward: 0.261
======================================== Episode: 105, Valid Profit: 0, Valid Reward: 0
======================================== Episode: 106/200 ========================================
======================================== Episode: 106, Train Profit: 36.754, Train Reward: 0.166
======================================== Episode: 106, Valid Profit: 0, Valid Reward: 0
======================================== Episode: 107/200 ========================================
======================================== Episode: 107, Train Profit: 11.58, Train Reward: 0.153
======================================== Episode: 107, Valid Profit: 0, Valid Reward: 0
======================================== Episode: 108/200 ========================================
======================================== Episode: 108, Train Profit: 46.832, Train Reward: 0.141
======================================== Episode: 108, Valid Profit: 0, Valid Reward: 0
======================================== Episode: 109/200 ========================================
======================================== Episode: 109, Train Profit: 3074.114, Train Reward: 3.542
======================================== Episode: 109, Valid Profit: 0, Valid Reward: 0
======================================== Episode: 110/200 ========================================
======================================== Episode: 110, Train Profit: 2183.246, Train Reward: 2.744
======================================== Episode: 110, Valid Profit: 0, Valid Reward: 0
======================================== Episode: 111/200 ========================================
======================================== Episode: 111, Train Profit: 65.662, Train Reward: 0.21
======================================== Episode: 111, Valid Profit: 0, Valid Reward: 0
======================================== Episode: 112/200 ========================================
======================================== Episode: 112, Train Profit: 2.909, Train Reward: 0.137
======================================== Episode: 112, Valid Profit: 0, Valid Reward: 0
======================================== Episode: 113/200 ========================================
======================================== Episode: 113, Train Profit: 11.585, Train Reward: 0.116
======================================== Episode: 113, Valid Profit: 0, Valid Reward: 0
======================================== Episode: 114/200 ========================================
======================================== Episode: 114, Train Profit: 1065.352, Train Reward: 1.265
======================================== Episode: 114, Valid Profit: 0, Valid Reward: 0
======================================== Episode: 115/200 ========================================
======================================== Episode: 115, Train Profit: 3146.547, Train Reward: 3.595
======================================== Episode: 115, Valid Profit: 0, Valid Reward: 0
======================================== Episode: 116/200 ========================================
======================================== Episode: 116, Train Profit: 570.256, Train Reward: 0.926
======================================== Episode: 116, Valid Profit: 0, Valid Reward: 0
======================================== Episode: 117/200 ========================================
======================================== Episode: 117, Train Profit: 83.524, Train Reward: 0.166
======================================== Episode: 117, Valid Profit: 0, Valid Reward: 0
======================================== Episode: 118/200 ========================================
======================================== Episode: 118, Train Profit: 7.218, Train Reward: 0.105
======================================== Episode: 118, Valid Profit: 0, Valid Reward: 0
======================================== Episode: 119/200 ========================================
======================================== Episode: 119, Train Profit: 52.058, Train Reward: 0.141
======================================== Episode: 119, Valid Profit: 0, Valid Reward: 0
======================================== Episode: 120/200 ========================================
======================================== Episode: 120, Train Profit: 2637.6, Train Reward: 3.27
======================================== Episode: 120, Valid Profit: 0, Valid Reward: 0
======================================== Episode: 121/200 ========================================
======================================== Episode: 121, Train Profit: 2453.162, Train Reward: 2.966
======================================== Episode: 121, Valid Profit: 0, Valid Reward: 0
======================================== Episode: 122/200 ========================================
======================================== Episode: 122, Train Profit: 35.902, Train Reward: 0.134
======================================== Episode: 122, Valid Profit: 0, Valid Reward: 0
======================================== Episode: 123/200 ========================================
======================================== Episode: 123, Train Profit: 60.059, Train Reward: 0.133
======================================== Episode: 123, Valid Profit: 0, Valid Reward: 0
======================================== Episode: 124/200 ========================================
======================================== Episode: 124, Train Profit: 13.96, Train Reward: 0.117
======================================== Episode: 124, Valid Profit: 0, Valid Reward: 0
======================================== Episode: 125/200 ========================================
======================================== Episode: 125, Train Profit: 33.737, Train Reward: 0.099
======================================== Episode: 125, Valid Profit: 0, Valid Reward: 0
======================================== Episode: 126/200 ========================================
======================================== Episode: 126, Train Profit: 2617.874, Train Reward: 3.02
======================================== Episode: 126, Valid Profit: 0, Valid Reward: 0
======================================== Episode: 127/200 ========================================
======================================== Episode: 127, Train Profit: 243.371, Train Reward: 0.373
======================================== Episode: 127, Valid Profit: 0, Valid Reward: 0
======================================== Episode: 128/200 ========================================
======================================== Episode: 128, Train Profit: -62.644, Train Reward: 0.076
======================================== Episode: 128, Valid Profit: 0, Valid Reward: 0
======================================== Episode: 129/200 ========================================
======================================== Episode: 129, Train Profit: 64.403, Train Reward: 0.133
======================================== Episode: 129, Valid Profit: 0, Valid Reward: 0
======================================== Episode: 130/200 ========================================
======================================== Episode: 130, Train Profit: 28.195, Train Reward: 0.134
======================================== Episode: 130, Valid Profit: 0, Valid Reward: 0
======================================== Episode: 131/200 ========================================
======================================== Episode: 131, Train Profit: 966.723, Train Reward: 1.161
======================================== Episode: 131, Valid Profit: 0, Valid Reward: 0
======================================== Episode: 132/200 ========================================
======================================== Episode: 132, Train Profit: 5916.34, Train Reward: 6.736
======================================== Episode: 132, Valid Profit: 0, Valid Reward: 0
======================================== Episode: 133/200 ========================================
======================================== Episode: 133, Train Profit: -51.445, Train Reward: 0.092
======================================== Episode: 133, Valid Profit: 0, Valid Reward: 0
======================================== Episode: 134/200 ========================================
======================================== Episode: 134, Train Profit: 31.509, Train Reward: 0.115
======================================== Episode: 134, Valid Profit: 0, Valid Reward: 0
======================================== Episode: 135/200 ========================================
======================================== Episode: 135, Train Profit: 12.349, Train Reward: 0.126
======================================== Episode: 135, Valid Profit: 0, Valid Reward: 0
======================================== Episode: 136/200 ========================================
======================================== Episode: 136, Train Profit: 24.859, Train Reward: 0.12
======================================== Episode: 136, Valid Profit: 0, Valid Reward: 0
======================================== Episode: 137/200 ========================================
======================================== Episode: 137, Train Profit: 2198.433, Train Reward: 2.805
======================================== Episode: 137, Valid Profit: 0, Valid Reward: 0
======================================== Episode: 138/200 ========================================
======================================== Episode: 138, Train Profit: 6614.647, Train Reward: 7.523
======================================== Episode: 138, Valid Profit: 0, Valid Reward: 0
======================================== Episode: 139/200 ========================================
======================================== Episode: 139, Train Profit: 25.254, Train Reward: 0.135
======================================== Episode: 139, Valid Profit: 0, Valid Reward: 0
======================================== Episode: 140/200 ========================================
======================================== Episode: 140, Train Profit: 13.517, Train Reward: 0.141
======================================== Episode: 140, Valid Profit: 0, Valid Reward: 0
======================================== Episode: 141/200 ========================================
======================================== Episode: 141, Train Profit: 36.151, Train Reward: 0.132
======================================== Episode: 141, Valid Profit: 0, Valid Reward: 0
======================================== Episode: 142/200 ========================================
======================================== Episode: 142, Train Profit: 73.768, Train Reward: 0.141
======================================== Episode: 142, Valid Profit: 0, Valid Reward: 0
======================================== Episode: 143/200 ========================================
======================================== Episode: 143, Train Profit: 2780.207, Train Reward: 3.187
======================================== Episode: 143, Valid Profit: 0, Valid Reward: 0
======================================== Episode: 144/200 ========================================
======================================== Episode: 144, Train Profit: 4278.841, Train Reward: 4.881
======================================== Episode: 144, Valid Profit: 0, Valid Reward: 0
======================================== Episode: 145/200 ========================================
======================================== Episode: 145, Train Profit: 59.103, Train Reward: 0.167
======================================== Episode: 145, Valid Profit: 0, Valid Reward: 0
======================================== Episode: 146/200 ========================================
======================================== Episode: 146, Train Profit: -8.332, Train Reward: 0.094
======================================== Episode: 146, Valid Profit: 0, Valid Reward: 0
======================================== Episode: 147/200 ========================================
======================================== Episode: 147, Train Profit: 9.382, Train Reward: 0.071
======================================== Episode: 147, Valid Profit: 0, Valid Reward: 0
======================================== Episode: 148/200 ========================================
======================================== Episode: 148, Train Profit: 898.578, Train Reward: 1.089
======================================== Episode: 148, Valid Profit: 0, Valid Reward: 0
======================================== Episode: 149/200 ========================================
======================================== Episode: 149, Train Profit: 2523.613, Train Reward: 2.914
======================================== Episode: 149, Valid Profit: 0, Valid Reward: 0
======================================== Episode: 150/200 ========================================
======================================== Episode: 150, Train Profit: 1389.797, Train Reward: 1.685
======================================== Episode: 150, Valid Profit: 0, Valid Reward: 0
======================================== Episode: 151/200 ========================================
======================================== Episode: 151, Train Profit: 33.921, Train Reward: 0.111
======================================== Episode: 151, Valid Profit: 0, Valid Reward: 0
======================================== Episode: 152/200 ========================================
======================================== Episode: 152, Train Profit: 20.002, Train Reward: 0.117
======================================== Episode: 152, Valid Profit: 0, Valid Reward: 0
======================================== Episode: 153/200 ========================================
======================================== Episode: 153, Train Profit: -5.475, Train Reward: 0.089
======================================== Episode: 153, Valid Profit: 0, Valid Reward: 0
======================================== Episode: 154/200 ========================================
======================================== Episode: 154, Train Profit: 2018.471, Train Reward: 2.454
======================================== Episode: 154, Valid Profit: 0, Valid Reward: 0
======================================== Episode: 155/200 ========================================
======================================== Episode: 155, Train Profit: 7690.829, Train Reward: 8.767
======================================== Episode: 155, Valid Profit: 0, Valid Reward: 0
======================================== Episode: 156/200 ========================================
======================================== Episode: 156, Train Profit: 12.948, Train Reward: 0.096
======================================== Episode: 156, Valid Profit: 0, Valid Reward: 0
======================================== Episode: 157/200 ========================================
======================================== Episode: 157, Train Profit: 44.226, Train Reward: 0.138
======================================== Episode: 157, Valid Profit: 0, Valid Reward: 0
======================================== Episode: 158/200 ========================================
======================================== Episode: 158, Train Profit: 32.176, Train Reward: 0.107
======================================== Episode: 158, Valid Profit: 0, Valid Reward: 0
======================================== Episode: 159/200 ========================================
======================================== Episode: 159, Train Profit: 22.849, Train Reward: 0.115
======================================== Episode: 159, Valid Profit: 0, Valid Reward: 0
======================================== Episode: 160/200 ========================================
======================================== Episode: 160, Train Profit: 2294.248, Train Reward: 2.654
======================================== Episode: 160, Valid Profit: 0, Valid Reward: 0
======================================== Episode: 161/200 ========================================
======================================== Episode: 161, Train Profit: 2139.636, Train Reward: 2.445
======================================== Episode: 161, Valid Profit: 0, Valid Reward: 0
======================================== Episode: 162/200 ========================================
======================================== Episode: 162, Train Profit: 106.915, Train Reward: 0.185
======================================== Episode: 162, Valid Profit: 0, Valid Reward: 0
======================================== Episode: 163/200 ========================================
======================================== Episode: 163, Train Profit: 50.338, Train Reward: 0.131
======================================== Episode: 163, Valid Profit: 0, Valid Reward: 0
======================================== Episode: 164/200 ========================================
======================================== Episode: 164, Train Profit: 45.999, Train Reward: 0.11
======================================== Episode: 164, Valid Profit: 0, Valid Reward: 0
======================================== Episode: 165/200 ========================================
======================================== Episode: 165, Train Profit: 653.821, Train Reward: 0.882
======================================== Episode: 165, Valid Profit: 0, Valid Reward: 0
======================================== Episode: 166/200 ========================================
======================================== Episode: 166, Train Profit: 5138.35, Train Reward: 5.888
======================================== Episode: 166, Valid Profit: 0, Valid Reward: 0
======================================== Episode: 167/200 ========================================
======================================== Episode: 167, Train Profit: 6.838, Train Reward: 0.095
======================================== Episode: 167, Valid Profit: 0, Valid Reward: 0
======================================== Episode: 168/200 ========================================
======================================== Episode: 168, Train Profit: 12.32, Train Reward: 0.082
======================================== Episode: 168, Valid Profit: 0, Valid Reward: 0
======================================== Episode: 169/200 ========================================
======================================== Episode: 169, Train Profit: 54.771, Train Reward: 0.098
======================================== Episode: 169, Valid Profit: 0, Valid Reward: 0
======================================== Episode: 170/200 ========================================
======================================== Episode: 170, Train Profit: 45.287, Train Reward: 0.122
======================================== Episode: 170, Valid Profit: 0, Valid Reward: 0
======================================== Episode: 171/200 ========================================
======================================== Episode: 171, Train Profit: 1813.262, Train Reward: 2.094
======================================== Episode: 171, Valid Profit: 0, Valid Reward: 0
======================================== Episode: 172/200 ========================================
======================================== Episode: 172, Train Profit: 7635.226, Train Reward: 8.689
======================================== Episode: 172, Valid Profit: 0, Valid Reward: 0
======================================== Episode: 173/200 ========================================
======================================== Episode: 173, Train Profit: -2.734, Train Reward: 0.07
======================================== Episode: 173, Valid Profit: 0, Valid Reward: 0
======================================== Episode: 174/200 ========================================
======================================== Episode: 174, Train Profit: 5.575, Train Reward: 0.086
======================================== Episode: 174, Valid Profit: 0, Valid Reward: 0
======================================== Episode: 175/200 ========================================
======================================== Episode: 175, Train Profit: -1.002, Train Reward: 0.078
======================================== Episode: 175, Valid Profit: 0, Valid Reward: 0
======================================== Episode: 176/200 ========================================
======================================== Episode: 176, Train Profit: 33.471, Train Reward: 0.095
======================================== Episode: 176, Valid Profit: 0, Valid Reward: 0
======================================== Episode: 177/200 ========================================
======================================== Episode: 177, Train Profit: 1532.285, Train Reward: 1.765
======================================== Episode: 177, Valid Profit: 0, Valid Reward: 0
======================================== Episode: 178/200 ========================================
======================================== Episode: 178, Train Profit: 2609.398, Train Reward: 2.969
======================================== Episode: 178, Valid Profit: 0, Valid Reward: 0
======================================== Episode: 179/200 ========================================
======================================== Episode: 179, Train Profit: 213.425, Train Reward: 0.324
======================================== Episode: 179, Valid Profit: 0, Valid Reward: 0
======================================== Episode: 180/200 ========================================
======================================== Episode: 180, Train Profit: 16.593, Train Reward: 0.087
======================================== Episode: 180, Valid Profit: 0, Valid Reward: 0
======================================== Episode: 181/200 ========================================
======================================== Episode: 181, Train Profit: 28.832, Train Reward: 0.104
======================================== Episode: 181, Valid Profit: 0, Valid Reward: 0
======================================== Episode: 182/200 ========================================
======================================== Episode: 182, Train Profit: -16.468, Train Reward: 0.101
======================================== Episode: 182, Valid Profit: 0, Valid Reward: 0
======================================== Episode: 183/200 ========================================
======================================== Episode: 183, Train Profit: 25.826, Train Reward: 0.095
======================================== Episode: 183, Valid Profit: 0, Valid Reward: 0
======================================== Episode: 184/200 ========================================
======================================== Episode: 184, Train Profit: 2497.539, Train Reward: 2.847
======================================== Episode: 184, Valid Profit: 0, Valid Reward: 0
======================================== Episode: 185/200 ========================================
======================================== Episode: 185, Train Profit: 433.783, Train Reward: 0.555
======================================== Episode: 185, Valid Profit: 0, Valid Reward: 0
======================================== Episode: 186/200 ========================================
======================================== Episode: 186, Train Profit: 14.154, Train Reward: 0.085
======================================== Episode: 186, Valid Profit: 0, Valid Reward: 0
======================================== Episode: 187/200 ========================================
======================================== Episode: 187, Train Profit: 7.221, Train Reward: 0.064
======================================== Episode: 187, Valid Profit: 0, Valid Reward: 0
======================================== Episode: 188/200 ========================================
======================================== Episode: 188, Train Profit: 25.921, Train Reward: 0.077
======================================== Episode: 188, Valid Profit: 0, Valid Reward: 0
======================================== Episode: 189/200 ========================================
======================================== Episode: 189, Train Profit: 33.741, Train Reward: 0.098
======================================== Episode: 189, Valid Profit: 0, Valid Reward: 0
======================================== Episode: 190/200 ========================================
======================================== Episode: 190, Train Profit: 29.835, Train Reward: 0.096
======================================== Episode: 190, Valid Profit: 0, Valid Reward: 0
======================================== Episode: 191/200 ========================================
======================================== Episode: 191, Train Profit: 8070.897, Train Reward: 9.2
======================================== Episode: 191, Valid Profit: 0, Valid Reward: 0
======================================== Episode: 192/200 ========================================
======================================== Episode: 192, Train Profit: 1.944, Train Reward: 0.061
======================================== Episode: 192, Valid Profit: 0, Valid Reward: 0
======================================== Episode: 193/200 ========================================
======================================== Episode: 193, Train Profit: 57.51, Train Reward: 0.103
======================================== Episode: 193, Valid Profit: 0, Valid Reward: 0
======================================== Episode: 194/200 ========================================
======================================== Episode: 194, Train Profit: 16.749, Train Reward: 0.095
======================================== Episode: 194, Valid Profit: 0, Valid Reward: 0
======================================== Episode: 195/200 ========================================
======================================== Episode: 195, Train Profit: 53.727, Train Reward: 0.101
======================================== Episode: 195, Valid Profit: 0, Valid Reward: 0
======================================== Episode: 196/200 ========================================
======================================== Episode: 196, Train Profit: 25.769, Train Reward: 0.086
======================================== Episode: 196, Valid Profit: 0, Valid Reward: 0
======================================== Episode: 197/200 ========================================
======================================== Episode: 197, Train Profit: 45.801, Train Reward: 0.104
======================================== Episode: 197, Valid Profit: 0, Valid Reward: 0
======================================== Episode: 198/200 ========================================
======================================== Episode: 198, Train Profit: 41.976, Train Reward: 0.104
======================================== Episode: 198, Valid Profit: 0, Valid Reward: 0
======================================== Episode: 199/200 ========================================
======================================== Episode: 199, Train Profit: 8143.428, Train Reward: 9.268
======================================== Episode: 199, Valid Profit: 0, Valid Reward: 0
======================================== Episode: 200/200 ========================================
======================================== Episode: 200, Train Profit: 176.909, Train Reward: 0.252
======================================== Episode: 200, Valid Profit: 0, Valid Reward: 0
